[2022-06-02 12:26:52.264] INFO  AbstractTestContextBootstrapper.getDefaultTestExecutionListenerClassNames(AbstractTestContextBootstrapper.java:245) - Loaded default TestExecutionListener class names from location [META-INF/spring.factories]: [org.springframework.test.context.web.ServletTestExecutionListener, org.springframework.test.context.support.DirtiesContextBeforeModesTestExecutionListener, org.springframework.test.context.event.ApplicationEventsTestExecutionListener, org.springframework.test.context.support.DependencyInjectionTestExecutionListener, org.springframework.test.context.support.DirtiesContextTestExecutionListener, org.springframework.test.context.transaction.TransactionalTestExecutionListener, org.springframework.test.context.jdbc.SqlScriptsTestExecutionListener, org.springframework.test.context.event.EventPublishingTestExecutionListener]
[2022-06-02 12:26:52.273] INFO  AbstractTestContextBootstrapper.getTestExecutionListeners(AbstractTestContextBootstrapper.java:174) - Using TestExecutionListeners: [org.springframework.test.context.support.DirtiesContextBeforeModesTestExecutionListener@1a677343, org.springframework.test.context.event.ApplicationEventsTestExecutionListener@15de0b3c, org.springframework.test.context.support.DependencyInjectionTestExecutionListener@489115ef, org.springframework.test.context.support.DirtiesContextTestExecutionListener@3857f613, org.springframework.test.context.transaction.TransactionalTestExecutionListener@198b6731, org.springframework.test.context.jdbc.SqlScriptsTestExecutionListener@7c6908d7, org.springframework.test.context.event.EventPublishingTestExecutionListener@3c9754d8]
[2022-06-02 12:26:52.431] DEBUG SonySpeaker.<init>(SonySpeaker.java:12) - SonySpeaker  생성자 호출
[2022-06-02 12:26:52.449] DEBUG SamsungTV.<init>(SamsungTV.java:28) - 삼성 TV 인자 2개 생성자 호출!
[2022-06-02 12:26:52.450] DEBUG SamsungTV.<init>(SamsungTV.java:29) - price:20000000
[2022-06-02 12:26:52.451] DEBUG SamsungTV.initMethod(SamsungTV.java:34) - 삼성 TV initMethod()
[2022-06-02 12:26:52.479] DEBUG JTvPcwk.setUp(JTvPcwk.java:29) - -------------------------
[2022-06-02 12:26:52.479] DEBUG JTvPcwk.setUp(JTvPcwk.java:30) - -0. setUp()-
[2022-06-02 12:26:52.479] DEBUG JTvPcwk.setUp(JTvPcwk.java:31) - -------------------------
[2022-06-02 12:26:52.481] DEBUG JTvPcwk.setUp(JTvPcwk.java:36) - -context-org.springframework.context.support.GenericApplicationContext@ed7f8b4, started on Thu Jun 02 12:26:52 KST 2022
[2022-06-02 12:26:52.481] DEBUG JTvPcwk.setUp(JTvPcwk.java:37) - -tv01-com.pcwk.ehr.SamsungTV@15d49048
[2022-06-02 12:26:52.482] DEBUG JTvPcwk.setUp(JTvPcwk.java:38) - -tv02-com.pcwk.ehr.SamsungTV@15d49048
[2022-06-02 12:26:52.482] DEBUG JTvPcwk.tvTest(JTvPcwk.java:53) - ==========================
[2022-06-02 12:26:52.482] DEBUG JTvPcwk.tvTest(JTvPcwk.java:54) - =tvTest()=
[2022-06-02 12:26:52.482] DEBUG JTvPcwk.tvTest(JTvPcwk.java:55) - ==========================
[2022-06-02 12:26:52.483] DEBUG SamsungTV.powerOn(SamsungTV.java:45) - 삼성 TV 전원을 켠다.
[2022-06-02 12:26:52.483] DEBUG SonySpeaker.volumeUp(SonySpeaker.java:17) - SonySpeaker  volumeUp 호출
[2022-06-02 12:26:52.483] DEBUG SonySpeaker.volumeDown(SonySpeaker.java:22) - SonySpeaker  volumeDown 호출
[2022-06-02 12:26:52.483] DEBUG SamsungTV.powerOff(SamsungTV.java:50) - 삼성 TV 전원을 끈다.
[2022-06-02 12:26:52.485] DEBUG JTvPcwk.tearDown(JTvPcwk.java:46) - -------------------------
[2022-06-02 12:26:52.485] DEBUG JTvPcwk.tearDown(JTvPcwk.java:47) - -9. tearDown()-
[2022-06-02 12:26:52.485] DEBUG JTvPcwk.tearDown(JTvPcwk.java:48) - -------------------------
[2022-06-02 12:26:52.490] DEBUG SamsungTV.destroyMethod(SamsungTV.java:40) - 삼성 TV destroyMethod()
[2022-06-02 12:27:36.294] INFO  AbstractTestContextBootstrapper.getDefaultTestExecutionListenerClassNames(AbstractTestContextBootstrapper.java:245) - Loaded default TestExecutionListener class names from location [META-INF/spring.factories]: [org.springframework.test.context.web.ServletTestExecutionListener, org.springframework.test.context.support.DirtiesContextBeforeModesTestExecutionListener, org.springframework.test.context.event.ApplicationEventsTestExecutionListener, org.springframework.test.context.support.DependencyInjectionTestExecutionListener, org.springframework.test.context.support.DirtiesContextTestExecutionListener, org.springframework.test.context.transaction.TransactionalTestExecutionListener, org.springframework.test.context.jdbc.SqlScriptsTestExecutionListener, org.springframework.test.context.event.EventPublishingTestExecutionListener]
[2022-06-02 12:27:36.303] INFO  AbstractTestContextBootstrapper.getTestExecutionListeners(AbstractTestContextBootstrapper.java:174) - Using TestExecutionListeners: [org.springframework.test.context.support.DirtiesContextBeforeModesTestExecutionListener@1a677343, org.springframework.test.context.event.ApplicationEventsTestExecutionListener@15de0b3c, org.springframework.test.context.support.DependencyInjectionTestExecutionListener@489115ef, org.springframework.test.context.support.DirtiesContextTestExecutionListener@3857f613, org.springframework.test.context.transaction.TransactionalTestExecutionListener@198b6731, org.springframework.test.context.jdbc.SqlScriptsTestExecutionListener@7c6908d7, org.springframework.test.context.event.EventPublishingTestExecutionListener@3c9754d8]
[2022-06-02 12:27:36.467] DEBUG SonySpeaker.<init>(SonySpeaker.java:12) - SonySpeaker  생성자 호출
[2022-06-02 12:27:36.485] DEBUG SamsungTV.<init>(SamsungTV.java:28) - 삼성 TV 인자 2개 생성자 호출!
[2022-06-02 12:27:36.485] DEBUG SamsungTV.<init>(SamsungTV.java:29) - price:20000000
[2022-06-02 12:27:36.486] DEBUG SamsungTV.initMethod(SamsungTV.java:34) - 삼성 TV initMethod()
[2022-06-02 12:27:36.514] DEBUG JTvPcwk.setUp(JTvPcwk.java:29) - -------------------------
[2022-06-02 12:27:36.514] DEBUG JTvPcwk.setUp(JTvPcwk.java:30) - -0. setUp()-
[2022-06-02 12:27:36.515] DEBUG JTvPcwk.setUp(JTvPcwk.java:31) - -------------------------
[2022-06-02 12:27:36.517] DEBUG JTvPcwk.setUp(JTvPcwk.java:36) - -context-org.springframework.context.support.GenericApplicationContext@ed7f8b4, started on Thu Jun 02 12:27:36 KST 2022
[2022-06-02 12:27:36.517] DEBUG JTvPcwk.setUp(JTvPcwk.java:37) - -tv01-com.pcwk.ehr.SamsungTV@15d49048
[2022-06-02 12:27:36.517] DEBUG JTvPcwk.setUp(JTvPcwk.java:38) - -tv02-com.pcwk.ehr.SamsungTV@15d49048
[2022-06-02 12:27:36.518] DEBUG JTvPcwk.tvTest(JTvPcwk.java:53) - ==========================
[2022-06-02 12:27:36.518] DEBUG JTvPcwk.tvTest(JTvPcwk.java:54) - =tvTest()=
[2022-06-02 12:27:36.518] DEBUG JTvPcwk.tvTest(JTvPcwk.java:55) - ==========================
[2022-06-02 12:27:36.518] DEBUG SamsungTV.powerOn(SamsungTV.java:45) - 삼성 TV 전원을 켠다.
[2022-06-02 12:27:36.519] DEBUG SonySpeaker.volumeUp(SonySpeaker.java:17) - SonySpeaker  volumeUp 호출
[2022-06-02 12:27:36.519] DEBUG SonySpeaker.volumeDown(SonySpeaker.java:22) - SonySpeaker  volumeDown 호출
[2022-06-02 12:27:36.519] DEBUG SamsungTV.powerOff(SamsungTV.java:50) - 삼성 TV 전원을 끈다.
[2022-06-02 12:27:36.520] DEBUG JTvPcwk.tearDown(JTvPcwk.java:46) - -------------------------
[2022-06-02 12:27:36.520] DEBUG JTvPcwk.tearDown(JTvPcwk.java:47) - -9. tearDown()-
[2022-06-02 12:27:36.520] DEBUG JTvPcwk.tearDown(JTvPcwk.java:48) - -------------------------
[2022-06-02 12:27:36.523] DEBUG SamsungTV.destroyMethod(SamsungTV.java:40) - 삼성 TV destroyMethod()
[2022-06-02 12:31:09.530] INFO  AbstractTestContextBootstrapper.getDefaultTestExecutionListenerClassNames(AbstractTestContextBootstrapper.java:245) - Loaded default TestExecutionListener class names from location [META-INF/spring.factories]: [org.springframework.test.context.web.ServletTestExecutionListener, org.springframework.test.context.support.DirtiesContextBeforeModesTestExecutionListener, org.springframework.test.context.event.ApplicationEventsTestExecutionListener, org.springframework.test.context.support.DependencyInjectionTestExecutionListener, org.springframework.test.context.support.DirtiesContextTestExecutionListener, org.springframework.test.context.transaction.TransactionalTestExecutionListener, org.springframework.test.context.jdbc.SqlScriptsTestExecutionListener, org.springframework.test.context.event.EventPublishingTestExecutionListener]
[2022-06-02 12:31:09.541] INFO  AbstractTestContextBootstrapper.getTestExecutionListeners(AbstractTestContextBootstrapper.java:174) - Using TestExecutionListeners: [org.springframework.test.context.support.DirtiesContextBeforeModesTestExecutionListener@1a677343, org.springframework.test.context.event.ApplicationEventsTestExecutionListener@15de0b3c, org.springframework.test.context.support.DependencyInjectionTestExecutionListener@489115ef, org.springframework.test.context.support.DirtiesContextTestExecutionListener@3857f613, org.springframework.test.context.transaction.TransactionalTestExecutionListener@198b6731, org.springframework.test.context.jdbc.SqlScriptsTestExecutionListener@7c6908d7, org.springframework.test.context.event.EventPublishingTestExecutionListener@3c9754d8]
[2022-06-02 12:31:09.701] DEBUG SonySpeaker.<init>(SonySpeaker.java:12) - SonySpeaker  생성자 호출
[2022-06-02 12:31:09.718] DEBUG SamsungTV.<init>(SamsungTV.java:28) - 삼성 TV 인자 2개 생성자 호출!
[2022-06-02 12:31:09.719] DEBUG SamsungTV.<init>(SamsungTV.java:29) - price:20000000
[2022-06-02 12:31:09.719] DEBUG SamsungTV.initMethod(SamsungTV.java:34) - 삼성 TV initMethod()
[2022-06-02 12:31:09.746] DEBUG JTvPcwk.setUp(JTvPcwk.java:29) - -------------------------
[2022-06-02 12:31:09.746] DEBUG JTvPcwk.setUp(JTvPcwk.java:30) - -0. setUp()-
[2022-06-02 12:31:09.746] DEBUG JTvPcwk.setUp(JTvPcwk.java:31) - -------------------------
[2022-06-02 12:31:09.748] DEBUG JTvPcwk.setUp(JTvPcwk.java:36) - -context-org.springframework.context.support.GenericApplicationContext@ed7f8b4, started on Thu Jun 02 12:31:09 KST 2022
[2022-06-02 12:31:09.749] DEBUG JTvPcwk.setUp(JTvPcwk.java:37) - -tv01-com.pcwk.ehr.SamsungTV@15d49048
[2022-06-02 12:31:09.749] DEBUG JTvPcwk.setUp(JTvPcwk.java:38) - -tv02-com.pcwk.ehr.SamsungTV@15d49048
[2022-06-02 12:31:09.749] DEBUG JTvPcwk.tvTest(JTvPcwk.java:53) - ==========================
[2022-06-02 12:31:09.749] DEBUG JTvPcwk.tvTest(JTvPcwk.java:54) - =tvTest()=
[2022-06-02 12:31:09.749] DEBUG JTvPcwk.tvTest(JTvPcwk.java:55) - ==========================
[2022-06-02 12:31:09.750] DEBUG SamsungTV.powerOn(SamsungTV.java:45) - 삼성 TV 전원을 켠다.
[2022-06-02 12:31:09.750] DEBUG AppleSpeaker.volumeUp(AppleSpeaker.java:15) - Apple SpeakervolumeUp() 호출
[2022-06-02 12:31:09.750] DEBUG AppleSpeaker.volumeDown(AppleSpeaker.java:21) - Apple SpeakervolumeDown() 호출
[2022-06-02 12:31:09.750] DEBUG SamsungTV.powerOff(SamsungTV.java:50) - 삼성 TV 전원을 끈다.
[2022-06-02 12:31:09.751] DEBUG JTvPcwk.tearDown(JTvPcwk.java:46) - -------------------------
[2022-06-02 12:31:09.751] DEBUG JTvPcwk.tearDown(JTvPcwk.java:47) - -9. tearDown()-
[2022-06-02 12:31:09.752] DEBUG JTvPcwk.tearDown(JTvPcwk.java:48) - -------------------------
[2022-06-02 12:31:09.755] DEBUG SamsungTV.destroyMethod(SamsungTV.java:40) - 삼성 TV destroyMethod()
