[2022-06-10 09:45:42.710] DEBUG ProfileValueUtils.retrieveProfileValueSource(ProfileValueUtils.java:70) - Retrieved @ProfileValueSourceConfiguration [null] for test class [com.pcwk.ehr.JunitUserServiceTest]
[2022-06-10 09:45:42.717] DEBUG ProfileValueUtils.retrieveProfileValueSource(ProfileValueUtils.java:83) - Retrieved ProfileValueSource type [class org.springframework.test.annotation.SystemProfileValueSource] for class [com.pcwk.ehr.JunitUserServiceTest]
[2022-06-10 09:45:42.719] DEBUG DependencyInjectionTestExecutionListener.prepareTestInstance(DependencyInjectionTestExecutionListener.java:81) - Performing dependency injection for test context [[DefaultTestContext@71e9ddb4 testClass = JunitUserServiceTest, testInstance = com.pcwk.ehr.JunitUserServiceTest@38102d01, testMethod = [null], testException = [null], mergedContextConfiguration = [MergedContextConfiguration@394df057 testClass = JunitUserServiceTest, locations = '{classpath:/applicationContext.xml}', classes = '{}', contextInitializerClasses = '[]', activeProfiles = '{}', propertySourceLocations = '{}', propertySourceProperties = '{}', contextCustomizers = set[[empty]], contextLoader = 'org.springframework.test.context.support.DelegatingSmartContextLoader', parent = [null]], attributes = map['org.springframework.test.context.event.ApplicationEventsTestExecutionListener.recordApplicationEvents' -> false]]].
[2022-06-10 09:45:42.724] DEBUG AbstractDelegatingSmartContextLoader.delegateLoading(AbstractDelegatingSmartContextLoader.java:273) - Delegating to GenericXmlContextLoader to load context from [MergedContextConfiguration@394df057 testClass = JunitUserServiceTest, locations = '{classpath:/applicationContext.xml}', classes = '{}', contextInitializerClasses = '[]', activeProfiles = '{}', propertySourceLocations = '{}', propertySourceProperties = '{}', contextCustomizers = set[[empty]], contextLoader = 'org.springframework.test.context.support.DelegatingSmartContextLoader', parent = [null]].
[2022-06-10 09:45:42.724] DEBUG AbstractGenericContextLoader.loadContext(AbstractGenericContextLoader.java:107) - Loading ApplicationContext for merged context configuration [[MergedContextConfiguration@394df057 testClass = JunitUserServiceTest, locations = '{classpath:/applicationContext.xml}', classes = '{}', contextInitializerClasses = '[]', activeProfiles = '{}', propertySourceLocations = '{}', propertySourceProperties = '{}', contextCustomizers = set[[empty]], contextLoader = 'org.springframework.test.context.support.DelegatingSmartContextLoader', parent = [null]]].
[2022-06-10 09:45:42.760] DEBUG AbstractEnvironment.setActiveProfiles(AbstractEnvironment.java:302) - Activating profiles []
[2022-06-10 09:45:42.829] DEBUG XmlBeanDefinitionReader.doLoadBeanDefinitions(XmlBeanDefinitionReader.java:393) - Loaded 6 bean definitions from class path resource [applicationContext.xml]
[2022-06-10 09:45:42.839] DEBUG AbstractApplicationContext.prepareRefresh(AbstractApplicationContext.java:629) - Refreshing org.springframework.context.support.GenericApplicationContext@3e96bacf
[2022-06-10 09:45:42.858] DEBUG DefaultSingletonBeanRegistry.getSingleton(DefaultSingletonBeanRegistry.java:225) - Creating shared instance of singleton bean 'org.springframework.context.annotation.internalConfigurationAnnotationProcessor'
[2022-06-10 09:45:42.891] DEBUG DefaultSingletonBeanRegistry.getSingleton(DefaultSingletonBeanRegistry.java:225) - Creating shared instance of singleton bean 'org.springframework.context.event.internalEventListenerProcessor'
[2022-06-10 09:45:42.892] DEBUG DefaultSingletonBeanRegistry.getSingleton(DefaultSingletonBeanRegistry.java:225) - Creating shared instance of singleton bean 'org.springframework.context.event.internalEventListenerFactory'
[2022-06-10 09:45:42.893] DEBUG DefaultSingletonBeanRegistry.getSingleton(DefaultSingletonBeanRegistry.java:225) - Creating shared instance of singleton bean 'org.springframework.context.annotation.internalAutowiredAnnotationProcessor'
[2022-06-10 09:45:42.894] DEBUG DefaultSingletonBeanRegistry.getSingleton(DefaultSingletonBeanRegistry.java:225) - Creating shared instance of singleton bean 'org.springframework.context.annotation.internalCommonAnnotationProcessor'
[2022-06-10 09:45:42.900] DEBUG DefaultSingletonBeanRegistry.getSingleton(DefaultSingletonBeanRegistry.java:225) - Creating shared instance of singleton bean 'dummyMailSender'
[2022-06-10 09:45:42.903] DEBUG DefaultSingletonBeanRegistry.getSingleton(DefaultSingletonBeanRegistry.java:225) - Creating shared instance of singleton bean 'mailSenderImpl'
[2022-06-10 09:45:42.939] DEBUG DefaultSingletonBeanRegistry.getSingleton(DefaultSingletonBeanRegistry.java:225) - Creating shared instance of singleton bean 'transactionManager'
[2022-06-10 09:45:42.942] DEBUG DefaultSingletonBeanRegistry.getSingleton(DefaultSingletonBeanRegistry.java:225) - Creating shared instance of singleton bean 'dataSource'
[2022-06-10 09:45:42.984] DEBUG DefaultSingletonBeanRegistry.getSingleton(DefaultSingletonBeanRegistry.java:225) - Creating shared instance of singleton bean 'userService'
[2022-06-10 09:45:42.985] DEBUG DefaultSingletonBeanRegistry.getSingleton(DefaultSingletonBeanRegistry.java:225) - Creating shared instance of singleton bean 'userDao'
[2022-06-10 09:45:43.026] DEBUG DefaultCacheAwareContextLoaderDelegate.loadContext(DefaultCacheAwareContextLoaderDelegate.java:126) - Storing ApplicationContext [1050065615] in cache under key [[MergedContextConfiguration@394df057 testClass = JunitUserServiceTest, locations = '{classpath:/applicationContext.xml}', classes = '{}', contextInitializerClasses = '[]', activeProfiles = '{}', propertySourceLocations = '{}', propertySourceProperties = '{}', contextCustomizers = set[[empty]], contextLoader = 'org.springframework.test.context.support.DelegatingSmartContextLoader', parent = [null]]]
[2022-06-10 09:45:43.026] DEBUG DefaultContextCache.logStatistics(DefaultContextCache.java:290) - Spring test ApplicationContext cache statistics: [DefaultContextCache@53b7f657 size = 1, maxSize = 32, parentContextCount = 0, hitCount = 0, missCount = 1]
[2022-06-10 09:45:43.037] DEBUG DefaultCacheAwareContextLoaderDelegate.loadContext(DefaultCacheAwareContextLoaderDelegate.java:137) - Retrieved ApplicationContext [1050065615] from cache with key [[MergedContextConfiguration@394df057 testClass = JunitUserServiceTest, locations = '{classpath:/applicationContext.xml}', classes = '{}', contextInitializerClasses = '[]', activeProfiles = '{}', propertySourceLocations = '{}', propertySourceProperties = '{}', contextCustomizers = set[[empty]], contextLoader = 'org.springframework.test.context.support.DelegatingSmartContextLoader', parent = [null]]]
[2022-06-10 09:45:43.038] DEBUG DefaultContextCache.logStatistics(DefaultContextCache.java:290) - Spring test ApplicationContext cache statistics: [DefaultContextCache@53b7f657 size = 1, maxSize = 32, parentContextCount = 0, hitCount = 1, missCount = 1]
[2022-06-10 09:45:43.040] DEBUG AbstractDirtiesContextTestExecutionListener.beforeOrAfterTestMethod(AbstractDirtiesContextTestExecutionListener.java:108) - Before test method: context [DefaultTestContext@71e9ddb4 testClass = JunitUserServiceTest, testInstance = com.pcwk.ehr.JunitUserServiceTest@38102d01, testMethod = allOrNothing@JunitUserServiceTest, testException = [null], mergedContextConfiguration = [MergedContextConfiguration@394df057 testClass = JunitUserServiceTest, locations = '{classpath:/applicationContext.xml}', classes = '{}', contextInitializerClasses = '[]', activeProfiles = '{}', propertySourceLocations = '{}', propertySourceProperties = '{}', contextCustomizers = set[[empty]], contextLoader = 'org.springframework.test.context.support.DelegatingSmartContextLoader', parent = [null]], attributes = map['org.springframework.test.context.event.ApplicationEventsTestExecutionListener.recordApplicationEvents' -> false]], class annotated with @DirtiesContext [false] with mode [null], method annotated with @DirtiesContext [false] with mode [null].
[2022-06-10 09:45:43.045] DEBUG DefaultCacheAwareContextLoaderDelegate.loadContext(DefaultCacheAwareContextLoaderDelegate.java:137) - Retrieved ApplicationContext [1050065615] from cache with key [[MergedContextConfiguration@394df057 testClass = JunitUserServiceTest, locations = '{classpath:/applicationContext.xml}', classes = '{}', contextInitializerClasses = '[]', activeProfiles = '{}', propertySourceLocations = '{}', propertySourceProperties = '{}', contextCustomizers = set[[empty]], contextLoader = 'org.springframework.test.context.support.DelegatingSmartContextLoader', parent = [null]]]
[2022-06-10 09:45:43.045] DEBUG DefaultContextCache.logStatistics(DefaultContextCache.java:290) - Spring test ApplicationContext cache statistics: [DefaultContextCache@53b7f657 size = 1, maxSize = 32, parentContextCount = 0, hitCount = 2, missCount = 1]
[2022-06-10 09:45:43.046] DEBUG JunitUserServiceTest.setUp(JunitUserServiceTest.java:63) - =======================
[2022-06-10 09:45:43.046] DEBUG JunitUserServiceTest.setUp(JunitUserServiceTest.java:64) - =0. setUp()=
[2022-06-10 09:45:43.046] DEBUG JunitUserServiceTest.setUp(JunitUserServiceTest.java:65) - =======================
[2022-06-10 09:45:43.049] DEBUG JunitUserServiceTest.setUp(JunitUserServiceTest.java:81) - context:org.springframework.context.support.GenericApplicationContext@3e96bacf, started on Fri Jun 10 09:45:42 KST 2022
[2022-06-10 09:45:43.049] DEBUG JunitUserServiceTest.setUp(JunitUserServiceTest.java:82) - userService:com.pcwk.ehr.UserServiceImpl@2931522b
[2022-06-10 09:45:43.049] DEBUG JunitUserServiceTest.setUp(JunitUserServiceTest.java:83) - dao:com.pcwk.ehr.UserDaoImpl@7674b62c
[2022-06-10 09:45:43.049] DEBUG JunitUserServiceTest.setUp(JunitUserServiceTest.java:84) - dataSource:org.springframework.jdbc.datasource.SimpleDriverDataSource@19e7a160
[2022-06-10 09:45:43.049] DEBUG JunitUserServiceTest.setUp(JunitUserServiceTest.java:85) - transactionManager:org.springframework.jdbc.datasource.DataSourceTransactionManager@662706a7
[2022-06-10 09:45:43.049] DEBUG JunitUserServiceTest.setUp(JunitUserServiceTest.java:86) - javaMailSenderImpl:com.pcwk.ehr.DummyMailSender@45a4b042
[2022-06-10 09:45:43.050] DEBUG DefaultCacheAwareContextLoaderDelegate.loadContext(DefaultCacheAwareContextLoaderDelegate.java:137) - Retrieved ApplicationContext [1050065615] from cache with key [[MergedContextConfiguration@394df057 testClass = JunitUserServiceTest, locations = '{classpath:/applicationContext.xml}', classes = '{}', contextInitializerClasses = '[]', activeProfiles = '{}', propertySourceLocations = '{}', propertySourceProperties = '{}', contextCustomizers = set[[empty]], contextLoader = 'org.springframework.test.context.support.DelegatingSmartContextLoader', parent = [null]]]
[2022-06-10 09:45:43.050] DEBUG DefaultContextCache.logStatistics(DefaultContextCache.java:290) - Spring test ApplicationContext cache statistics: [DefaultContextCache@53b7f657 size = 1, maxSize = 32, parentContextCount = 0, hitCount = 3, missCount = 1]
[2022-06-10 09:45:43.051] DEBUG TestUserService.<init>(TestUserService.java:20) - =======================
[2022-06-10 09:45:43.051] DEBUG TestUserService.<init>(TestUserService.java:21) - =this.uId=p07000
[2022-06-10 09:45:43.051] DEBUG TestUserService.<init>(TestUserService.java:22) - =======================
[2022-06-10 09:45:43.051] DEBUG UserDaoImpl.doDelete(UserDaoImpl.java:266) - =============================
[2022-06-10 09:45:43.051] DEBUG UserDaoImpl.doDelete(UserDaoImpl.java:267) - param :UserVO [uId=p07, name=김주혜07, passwd=4321, level=BASIC, login=49, recommend=0, email=joohea5943@naver.com, regDt=날짜_사용안함, toString()=com.pcwk.ehr.UserVO@f99f5e0]
[2022-06-10 09:45:43.052] DEBUG UserDaoImpl.doDelete(UserDaoImpl.java:268) - sql : 
 DELETE FROM hr_member 
 WHERE u_id = ?        

[2022-06-10 09:45:43.052] DEBUG UserDaoImpl.doDelete(UserDaoImpl.java:269) - =============================
[2022-06-10 09:45:43.052] DEBUG UserDaoImpl.doDelete(UserDaoImpl.java:274) - Object param : p07
[2022-06-10 09:45:43.052] DEBUG JdbcTemplate.update(JdbcTemplate.java:958) - Executing prepared SQL update
[2022-06-10 09:45:43.053] DEBUG JdbcTemplate.execute(JdbcTemplate.java:643) - Executing prepared SQL statement [ DELETE FROM hr_member 
 WHERE u_id = ?        
]
[2022-06-10 09:45:43.055] DEBUG DataSourceUtils.doGetConnection(DataSourceUtils.java:116) - Fetching JDBC Connection from DataSource
[2022-06-10 09:45:43.055] DEBUG SimpleDriverDataSource.getConnectionFromDriver(SimpleDriverDataSource.java:142) - Creating new JDBC Driver Connection to [jdbc:oracle:thin:@192.168.3.101:1521:xe]
[2022-06-10 09:45:44.394] DEBUG UserDaoImpl.doDelete(UserDaoImpl.java:278) - flag: 1
[2022-06-10 09:45:44.394] DEBUG UserDaoImpl.doDelete(UserDaoImpl.java:266) - =============================
[2022-06-10 09:45:44.394] DEBUG UserDaoImpl.doDelete(UserDaoImpl.java:267) - param :UserVO [uId=p070, name=김주혜070, passwd=4321, level=BASIC, login=50, recommend=10, email=joohea5943@naver.com, regDt=날짜_사용안함, toString()=com.pcwk.ehr.UserVO@62fe6067]
[2022-06-10 09:45:44.394] DEBUG UserDaoImpl.doDelete(UserDaoImpl.java:268) - sql : 
 DELETE FROM hr_member 
 WHERE u_id = ?        

[2022-06-10 09:45:44.394] DEBUG UserDaoImpl.doDelete(UserDaoImpl.java:269) - =============================
[2022-06-10 09:45:44.395] DEBUG UserDaoImpl.doDelete(UserDaoImpl.java:274) - Object param : p070
[2022-06-10 09:45:44.395] DEBUG JdbcTemplate.update(JdbcTemplate.java:958) - Executing prepared SQL update
[2022-06-10 09:45:44.395] DEBUG JdbcTemplate.execute(JdbcTemplate.java:643) - Executing prepared SQL statement [ DELETE FROM hr_member 
 WHERE u_id = ?        
]
[2022-06-10 09:45:44.395] DEBUG DataSourceUtils.doGetConnection(DataSourceUtils.java:116) - Fetching JDBC Connection from DataSource
[2022-06-10 09:45:44.395] DEBUG SimpleDriverDataSource.getConnectionFromDriver(SimpleDriverDataSource.java:142) - Creating new JDBC Driver Connection to [jdbc:oracle:thin:@192.168.3.101:1521:xe]
[2022-06-10 09:45:44.571] DEBUG UserDaoImpl.doDelete(UserDaoImpl.java:278) - flag: 1
[2022-06-10 09:45:44.571] DEBUG UserDaoImpl.doDelete(UserDaoImpl.java:266) - =============================
[2022-06-10 09:45:44.571] DEBUG UserDaoImpl.doDelete(UserDaoImpl.java:267) - param :UserVO [uId=p0700, name=김주혜0700, passwd=4321, level=SILVER, login=51, recommend=29, email=joohea5943@naver.com, regDt=날짜_사용안함, toString()=com.pcwk.ehr.UserVO@56ace400]
[2022-06-10 09:45:44.572] DEBUG UserDaoImpl.doDelete(UserDaoImpl.java:268) - sql : 
 DELETE FROM hr_member 
 WHERE u_id = ?        

[2022-06-10 09:45:44.572] DEBUG UserDaoImpl.doDelete(UserDaoImpl.java:269) - =============================
[2022-06-10 09:45:44.572] DEBUG UserDaoImpl.doDelete(UserDaoImpl.java:274) - Object param : p0700
[2022-06-10 09:45:44.572] DEBUG JdbcTemplate.update(JdbcTemplate.java:958) - Executing prepared SQL update
[2022-06-10 09:45:44.572] DEBUG JdbcTemplate.execute(JdbcTemplate.java:643) - Executing prepared SQL statement [ DELETE FROM hr_member 
 WHERE u_id = ?        
]
[2022-06-10 09:45:44.572] DEBUG DataSourceUtils.doGetConnection(DataSourceUtils.java:116) - Fetching JDBC Connection from DataSource
[2022-06-10 09:45:44.572] DEBUG SimpleDriverDataSource.getConnectionFromDriver(SimpleDriverDataSource.java:142) - Creating new JDBC Driver Connection to [jdbc:oracle:thin:@192.168.3.101:1521:xe]
[2022-06-10 09:45:44.699] DEBUG UserDaoImpl.doDelete(UserDaoImpl.java:278) - flag: 1
[2022-06-10 09:45:44.700] DEBUG UserDaoImpl.doDelete(UserDaoImpl.java:266) - =============================
[2022-06-10 09:45:44.700] DEBUG UserDaoImpl.doDelete(UserDaoImpl.java:267) - param :UserVO [uId=p07000, name=김주혜07000, passwd=4321, level=SILVER, login=51, recommend=30, email=joohea5943@naver.com, regDt=날짜_사용안함, toString()=com.pcwk.ehr.UserVO@5d018107]
[2022-06-10 09:45:44.700] DEBUG UserDaoImpl.doDelete(UserDaoImpl.java:268) - sql : 
 DELETE FROM hr_member 
 WHERE u_id = ?        

[2022-06-10 09:45:44.701] DEBUG UserDaoImpl.doDelete(UserDaoImpl.java:269) - =============================
[2022-06-10 09:45:44.701] DEBUG UserDaoImpl.doDelete(UserDaoImpl.java:274) - Object param : p07000
[2022-06-10 09:45:44.702] DEBUG JdbcTemplate.update(JdbcTemplate.java:958) - Executing prepared SQL update
[2022-06-10 09:45:44.702] DEBUG JdbcTemplate.execute(JdbcTemplate.java:643) - Executing prepared SQL statement [ DELETE FROM hr_member 
 WHERE u_id = ?        
]
[2022-06-10 09:45:44.703] DEBUG DataSourceUtils.doGetConnection(DataSourceUtils.java:116) - Fetching JDBC Connection from DataSource
[2022-06-10 09:45:44.703] DEBUG SimpleDriverDataSource.getConnectionFromDriver(SimpleDriverDataSource.java:142) - Creating new JDBC Driver Connection to [jdbc:oracle:thin:@192.168.3.101:1521:xe]
[2022-06-10 09:45:44.889] DEBUG UserDaoImpl.doDelete(UserDaoImpl.java:278) - flag: 1
[2022-06-10 09:45:44.890] DEBUG UserDaoImpl.doDelete(UserDaoImpl.java:266) - =============================
[2022-06-10 09:45:44.890] DEBUG UserDaoImpl.doDelete(UserDaoImpl.java:267) - param :UserVO [uId=p070000, name=김주혜070000, passwd=4321, level=GOLD, login=52, recommend=31, email=joohea5943@naver.com, regDt=날짜_사용안함, toString()=com.pcwk.ehr.UserVO@339bf286]
[2022-06-10 09:45:44.890] DEBUG UserDaoImpl.doDelete(UserDaoImpl.java:268) - sql : 
 DELETE FROM hr_member 
 WHERE u_id = ?        

[2022-06-10 09:45:44.891] DEBUG UserDaoImpl.doDelete(UserDaoImpl.java:269) - =============================
[2022-06-10 09:45:44.891] DEBUG UserDaoImpl.doDelete(UserDaoImpl.java:274) - Object param : p070000
[2022-06-10 09:45:44.891] DEBUG JdbcTemplate.update(JdbcTemplate.java:958) - Executing prepared SQL update
[2022-06-10 09:45:44.892] DEBUG JdbcTemplate.execute(JdbcTemplate.java:643) - Executing prepared SQL statement [ DELETE FROM hr_member 
 WHERE u_id = ?        
]
[2022-06-10 09:45:44.892] DEBUG DataSourceUtils.doGetConnection(DataSourceUtils.java:116) - Fetching JDBC Connection from DataSource
[2022-06-10 09:45:44.893] DEBUG SimpleDriverDataSource.getConnectionFromDriver(SimpleDriverDataSource.java:142) - Creating new JDBC Driver Connection to [jdbc:oracle:thin:@192.168.3.101:1521:xe]
[2022-06-10 09:45:45.013] DEBUG UserDaoImpl.doDelete(UserDaoImpl.java:278) - flag: 1
[2022-06-10 09:45:45.013] DEBUG UserDaoImpl.getCount(UserDaoImpl.java:133) - =============================
[2022-06-10 09:45:45.013] DEBUG UserDaoImpl.getCount(UserDaoImpl.java:134) - param : UserVO [uId=p07, name=김주혜07, passwd=4321, level=BASIC, login=49, recommend=0, email=joohea5943@naver.com, regDt=날짜_사용안함, toString()=com.pcwk.ehr.UserVO@f99f5e0]
[2022-06-10 09:45:45.013] DEBUG UserDaoImpl.getCount(UserDaoImpl.java:135) - sql: 
  SELECT COUNT(*) AS cnt    
 FROM hr_member            
 WHERE u_id LIKE ?  || '%' 

[2022-06-10 09:45:45.013] DEBUG UserDaoImpl.getCount(UserDaoImpl.java:136) - =============================
[2022-06-10 09:45:45.013] DEBUG UserDaoImpl.getCount(UserDaoImpl.java:138) - Object param: p07
[2022-06-10 09:45:45.028] DEBUG JdbcTemplate.query(JdbcTemplate.java:711) - Executing prepared SQL query
[2022-06-10 09:45:45.028] DEBUG JdbcTemplate.execute(JdbcTemplate.java:643) - Executing prepared SQL statement [ SELECT COUNT(*) AS cnt    
 FROM hr_member            
 WHERE u_id LIKE ?  || '%' 
]
[2022-06-10 09:45:45.028] DEBUG DataSourceUtils.doGetConnection(DataSourceUtils.java:116) - Fetching JDBC Connection from DataSource
[2022-06-10 09:45:45.029] DEBUG SimpleDriverDataSource.getConnectionFromDriver(SimpleDriverDataSource.java:142) - Creating new JDBC Driver Connection to [jdbc:oracle:thin:@192.168.3.101:1521:xe]
[2022-06-10 09:45:45.168] DEBUG UserDaoImpl.getCount(UserDaoImpl.java:141) - ====================
[2022-06-10 09:45:45.168] DEBUG UserDaoImpl.getCount(UserDaoImpl.java:142) - =count=0
[2022-06-10 09:45:45.168] DEBUG UserDaoImpl.getCount(UserDaoImpl.java:143) - ====================
[2022-06-10 09:45:45.168] DEBUG UserDaoImpl.doInsert(UserDaoImpl.java:240) - =============================
[2022-06-10 09:45:45.169] DEBUG UserDaoImpl.doInsert(UserDaoImpl.java:241) - param :UserVO [uId=p07, name=김주혜07, passwd=4321, level=BASIC, login=49, recommend=0, email=joohea5943@naver.com, regDt=날짜_사용안함, toString()=com.pcwk.ehr.UserVO@f99f5e0]
[2022-06-10 09:45:45.169] DEBUG UserDaoImpl.doInsert(UserDaoImpl.java:242) - sql : 
 INSERT INTO hr_member ( 
     u_id,               
     name,               
     passwd,             
		u_level,            
     login,              
     recommend,          
     email,	            
     reg_dt              
 ) VALUES (              
     ?,                  
     ?,                  
     ?,                  
     ?,                  
     ?,                  
     ?,                  
     ?,                  
     SYSDATE             
 )                       

[2022-06-10 09:45:45.169] DEBUG UserDaoImpl.doInsert(UserDaoImpl.java:243) - =============================
[2022-06-10 09:45:45.169] DEBUG UserDaoImpl.doInsert(UserDaoImpl.java:250) - Object param : p07
[2022-06-10 09:45:45.169] DEBUG UserDaoImpl.doInsert(UserDaoImpl.java:250) - Object param : 김주혜07
[2022-06-10 09:45:45.169] DEBUG UserDaoImpl.doInsert(UserDaoImpl.java:250) - Object param : 4321
[2022-06-10 09:45:45.169] DEBUG UserDaoImpl.doInsert(UserDaoImpl.java:250) - Object param : 1
[2022-06-10 09:45:45.170] DEBUG UserDaoImpl.doInsert(UserDaoImpl.java:250) - Object param : 49
[2022-06-10 09:45:45.170] DEBUG UserDaoImpl.doInsert(UserDaoImpl.java:250) - Object param : 0
[2022-06-10 09:45:45.170] DEBUG UserDaoImpl.doInsert(UserDaoImpl.java:250) - Object param : joohea5943@naver.com
[2022-06-10 09:45:45.170] DEBUG JdbcTemplate.update(JdbcTemplate.java:958) - Executing prepared SQL update
[2022-06-10 09:45:45.170] DEBUG JdbcTemplate.execute(JdbcTemplate.java:643) - Executing prepared SQL statement [ INSERT INTO hr_member ( 
     u_id,               
     name,               
     passwd,             
		u_level,            
     login,              
     recommend,          
     email,	            
     reg_dt              
 ) VALUES (              
     ?,                  
     ?,                  
     ?,                  
     ?,                  
     ?,                  
     ?,                  
     ?,                  
     SYSDATE             
 )                       
]
[2022-06-10 09:45:45.170] DEBUG DataSourceUtils.doGetConnection(DataSourceUtils.java:116) - Fetching JDBC Connection from DataSource
[2022-06-10 09:45:45.170] DEBUG SimpleDriverDataSource.getConnectionFromDriver(SimpleDriverDataSource.java:142) - Creating new JDBC Driver Connection to [jdbc:oracle:thin:@192.168.3.101:1521:xe]
[2022-06-10 09:45:45.304] DEBUG UserDaoImpl.doInsert(UserDaoImpl.java:254) - flag : 1
[2022-06-10 09:45:45.304] DEBUG UserDaoImpl.doInsert(UserDaoImpl.java:240) - =============================
[2022-06-10 09:45:45.305] DEBUG UserDaoImpl.doInsert(UserDaoImpl.java:241) - param :UserVO [uId=p070, name=김주혜070, passwd=4321, level=BASIC, login=50, recommend=10, email=joohea5943@naver.com, regDt=날짜_사용안함, toString()=com.pcwk.ehr.UserVO@62fe6067]
[2022-06-10 09:45:45.305] DEBUG UserDaoImpl.doInsert(UserDaoImpl.java:242) - sql : 
 INSERT INTO hr_member ( 
     u_id,               
     name,               
     passwd,             
		u_level,            
     login,              
     recommend,          
     email,	            
     reg_dt              
 ) VALUES (              
     ?,                  
     ?,                  
     ?,                  
     ?,                  
     ?,                  
     ?,                  
     ?,                  
     SYSDATE             
 )                       

[2022-06-10 09:45:45.305] DEBUG UserDaoImpl.doInsert(UserDaoImpl.java:243) - =============================
[2022-06-10 09:45:45.305] DEBUG UserDaoImpl.doInsert(UserDaoImpl.java:250) - Object param : p070
[2022-06-10 09:45:45.306] DEBUG UserDaoImpl.doInsert(UserDaoImpl.java:250) - Object param : 김주혜070
[2022-06-10 09:45:45.306] DEBUG UserDaoImpl.doInsert(UserDaoImpl.java:250) - Object param : 4321
[2022-06-10 09:45:45.306] DEBUG UserDaoImpl.doInsert(UserDaoImpl.java:250) - Object param : 1
[2022-06-10 09:45:45.306] DEBUG UserDaoImpl.doInsert(UserDaoImpl.java:250) - Object param : 50
[2022-06-10 09:45:45.306] DEBUG UserDaoImpl.doInsert(UserDaoImpl.java:250) - Object param : 10
[2022-06-10 09:45:45.307] DEBUG UserDaoImpl.doInsert(UserDaoImpl.java:250) - Object param : joohea5943@naver.com
[2022-06-10 09:45:45.307] DEBUG JdbcTemplate.update(JdbcTemplate.java:958) - Executing prepared SQL update
[2022-06-10 09:45:45.307] DEBUG JdbcTemplate.execute(JdbcTemplate.java:643) - Executing prepared SQL statement [ INSERT INTO hr_member ( 
     u_id,               
     name,               
     passwd,             
		u_level,            
     login,              
     recommend,          
     email,	            
     reg_dt              
 ) VALUES (              
     ?,                  
     ?,                  
     ?,                  
     ?,                  
     ?,                  
     ?,                  
     ?,                  
     SYSDATE             
 )                       
]
[2022-06-10 09:45:45.307] DEBUG DataSourceUtils.doGetConnection(DataSourceUtils.java:116) - Fetching JDBC Connection from DataSource
[2022-06-10 09:45:45.307] DEBUG SimpleDriverDataSource.getConnectionFromDriver(SimpleDriverDataSource.java:142) - Creating new JDBC Driver Connection to [jdbc:oracle:thin:@192.168.3.101:1521:xe]
[2022-06-10 09:45:45.451] DEBUG UserDaoImpl.doInsert(UserDaoImpl.java:254) - flag : 1
[2022-06-10 09:45:45.452] DEBUG UserDaoImpl.doInsert(UserDaoImpl.java:240) - =============================
[2022-06-10 09:45:45.452] DEBUG UserDaoImpl.doInsert(UserDaoImpl.java:241) - param :UserVO [uId=p0700, name=김주혜0700, passwd=4321, level=SILVER, login=51, recommend=29, email=joohea5943@naver.com, regDt=날짜_사용안함, toString()=com.pcwk.ehr.UserVO@56ace400]
[2022-06-10 09:45:45.452] DEBUG UserDaoImpl.doInsert(UserDaoImpl.java:242) - sql : 
 INSERT INTO hr_member ( 
     u_id,               
     name,               
     passwd,             
		u_level,            
     login,              
     recommend,          
     email,	            
     reg_dt              
 ) VALUES (              
     ?,                  
     ?,                  
     ?,                  
     ?,                  
     ?,                  
     ?,                  
     ?,                  
     SYSDATE             
 )                       

[2022-06-10 09:45:45.452] DEBUG UserDaoImpl.doInsert(UserDaoImpl.java:243) - =============================
[2022-06-10 09:45:45.452] DEBUG UserDaoImpl.doInsert(UserDaoImpl.java:250) - Object param : p0700
[2022-06-10 09:45:45.452] DEBUG UserDaoImpl.doInsert(UserDaoImpl.java:250) - Object param : 김주혜0700
[2022-06-10 09:45:45.452] DEBUG UserDaoImpl.doInsert(UserDaoImpl.java:250) - Object param : 4321
[2022-06-10 09:45:45.452] DEBUG UserDaoImpl.doInsert(UserDaoImpl.java:250) - Object param : 2
[2022-06-10 09:45:45.452] DEBUG UserDaoImpl.doInsert(UserDaoImpl.java:250) - Object param : 51
[2022-06-10 09:45:45.453] DEBUG UserDaoImpl.doInsert(UserDaoImpl.java:250) - Object param : 29
[2022-06-10 09:45:45.453] DEBUG UserDaoImpl.doInsert(UserDaoImpl.java:250) - Object param : joohea5943@naver.com
[2022-06-10 09:45:45.453] DEBUG JdbcTemplate.update(JdbcTemplate.java:958) - Executing prepared SQL update
[2022-06-10 09:45:45.453] DEBUG JdbcTemplate.execute(JdbcTemplate.java:643) - Executing prepared SQL statement [ INSERT INTO hr_member ( 
     u_id,               
     name,               
     passwd,             
		u_level,            
     login,              
     recommend,          
     email,	            
     reg_dt              
 ) VALUES (              
     ?,                  
     ?,                  
     ?,                  
     ?,                  
     ?,                  
     ?,                  
     ?,                  
     SYSDATE             
 )                       
]
[2022-06-10 09:45:45.453] DEBUG DataSourceUtils.doGetConnection(DataSourceUtils.java:116) - Fetching JDBC Connection from DataSource
[2022-06-10 09:45:45.453] DEBUG SimpleDriverDataSource.getConnectionFromDriver(SimpleDriverDataSource.java:142) - Creating new JDBC Driver Connection to [jdbc:oracle:thin:@192.168.3.101:1521:xe]
[2022-06-10 09:45:45.928] DEBUG UserDaoImpl.doInsert(UserDaoImpl.java:254) - flag : 1
[2022-06-10 09:45:45.929] DEBUG UserDaoImpl.doInsert(UserDaoImpl.java:240) - =============================
[2022-06-10 09:45:45.929] DEBUG UserDaoImpl.doInsert(UserDaoImpl.java:241) - param :UserVO [uId=p07000, name=김주혜07000, passwd=4321, level=SILVER, login=51, recommend=30, email=joohea5943@naver.com, regDt=날짜_사용안함, toString()=com.pcwk.ehr.UserVO@5d018107]
[2022-06-10 09:45:45.929] DEBUG UserDaoImpl.doInsert(UserDaoImpl.java:242) - sql : 
 INSERT INTO hr_member ( 
     u_id,               
     name,               
     passwd,             
		u_level,            
     login,              
     recommend,          
     email,	            
     reg_dt              
 ) VALUES (              
     ?,                  
     ?,                  
     ?,                  
     ?,                  
     ?,                  
     ?,                  
     ?,                  
     SYSDATE             
 )                       

[2022-06-10 09:45:45.930] DEBUG UserDaoImpl.doInsert(UserDaoImpl.java:243) - =============================
[2022-06-10 09:45:45.930] DEBUG UserDaoImpl.doInsert(UserDaoImpl.java:250) - Object param : p07000
[2022-06-10 09:45:45.930] DEBUG UserDaoImpl.doInsert(UserDaoImpl.java:250) - Object param : 김주혜07000
[2022-06-10 09:45:45.931] DEBUG UserDaoImpl.doInsert(UserDaoImpl.java:250) - Object param : 4321
[2022-06-10 09:45:45.931] DEBUG UserDaoImpl.doInsert(UserDaoImpl.java:250) - Object param : 2
[2022-06-10 09:45:45.931] DEBUG UserDaoImpl.doInsert(UserDaoImpl.java:250) - Object param : 51
[2022-06-10 09:45:45.932] DEBUG UserDaoImpl.doInsert(UserDaoImpl.java:250) - Object param : 30
[2022-06-10 09:45:45.932] DEBUG UserDaoImpl.doInsert(UserDaoImpl.java:250) - Object param : joohea5943@naver.com
[2022-06-10 09:45:45.932] DEBUG JdbcTemplate.update(JdbcTemplate.java:958) - Executing prepared SQL update
[2022-06-10 09:45:45.932] DEBUG JdbcTemplate.execute(JdbcTemplate.java:643) - Executing prepared SQL statement [ INSERT INTO hr_member ( 
     u_id,               
     name,               
     passwd,             
		u_level,            
     login,              
     recommend,          
     email,	            
     reg_dt              
 ) VALUES (              
     ?,                  
     ?,                  
     ?,                  
     ?,                  
     ?,                  
     ?,                  
     ?,                  
     SYSDATE             
 )                       
]
[2022-06-10 09:45:45.932] DEBUG DataSourceUtils.doGetConnection(DataSourceUtils.java:116) - Fetching JDBC Connection from DataSource
[2022-06-10 09:45:45.932] DEBUG SimpleDriverDataSource.getConnectionFromDriver(SimpleDriverDataSource.java:142) - Creating new JDBC Driver Connection to [jdbc:oracle:thin:@192.168.3.101:1521:xe]
[2022-06-10 09:45:46.060] DEBUG UserDaoImpl.doInsert(UserDaoImpl.java:254) - flag : 1
[2022-06-10 09:45:46.060] DEBUG UserDaoImpl.doInsert(UserDaoImpl.java:240) - =============================
[2022-06-10 09:45:46.060] DEBUG UserDaoImpl.doInsert(UserDaoImpl.java:241) - param :UserVO [uId=p070000, name=김주혜070000, passwd=4321, level=GOLD, login=52, recommend=31, email=joohea5943@naver.com, regDt=날짜_사용안함, toString()=com.pcwk.ehr.UserVO@339bf286]
[2022-06-10 09:45:46.060] DEBUG UserDaoImpl.doInsert(UserDaoImpl.java:242) - sql : 
 INSERT INTO hr_member ( 
     u_id,               
     name,               
     passwd,             
		u_level,            
     login,              
     recommend,          
     email,	            
     reg_dt              
 ) VALUES (              
     ?,                  
     ?,                  
     ?,                  
     ?,                  
     ?,                  
     ?,                  
     ?,                  
     SYSDATE             
 )                       

[2022-06-10 09:45:46.060] DEBUG UserDaoImpl.doInsert(UserDaoImpl.java:243) - =============================
[2022-06-10 09:45:46.060] DEBUG UserDaoImpl.doInsert(UserDaoImpl.java:250) - Object param : p070000
[2022-06-10 09:45:46.060] DEBUG UserDaoImpl.doInsert(UserDaoImpl.java:250) - Object param : 김주혜070000
[2022-06-10 09:45:46.060] DEBUG UserDaoImpl.doInsert(UserDaoImpl.java:250) - Object param : 4321
[2022-06-10 09:45:46.060] DEBUG UserDaoImpl.doInsert(UserDaoImpl.java:250) - Object param : 3
[2022-06-10 09:45:46.060] DEBUG UserDaoImpl.doInsert(UserDaoImpl.java:250) - Object param : 52
[2022-06-10 09:45:46.060] DEBUG UserDaoImpl.doInsert(UserDaoImpl.java:250) - Object param : 31
[2022-06-10 09:45:46.061] DEBUG UserDaoImpl.doInsert(UserDaoImpl.java:250) - Object param : joohea5943@naver.com
[2022-06-10 09:45:46.061] DEBUG JdbcTemplate.update(JdbcTemplate.java:958) - Executing prepared SQL update
[2022-06-10 09:45:46.061] DEBUG JdbcTemplate.execute(JdbcTemplate.java:643) - Executing prepared SQL statement [ INSERT INTO hr_member ( 
     u_id,               
     name,               
     passwd,             
		u_level,            
     login,              
     recommend,          
     email,	            
     reg_dt              
 ) VALUES (              
     ?,                  
     ?,                  
     ?,                  
     ?,                  
     ?,                  
     ?,                  
     ?,                  
     SYSDATE             
 )                       
]
[2022-06-10 09:45:46.061] DEBUG DataSourceUtils.doGetConnection(DataSourceUtils.java:116) - Fetching JDBC Connection from DataSource
[2022-06-10 09:45:46.061] DEBUG SimpleDriverDataSource.getConnectionFromDriver(SimpleDriverDataSource.java:142) - Creating new JDBC Driver Connection to [jdbc:oracle:thin:@192.168.3.101:1521:xe]
[2022-06-10 09:45:46.169] DEBUG UserDaoImpl.doInsert(UserDaoImpl.java:254) - flag : 1
[2022-06-10 09:45:46.169] DEBUG UserDaoImpl.getCount(UserDaoImpl.java:133) - =============================
[2022-06-10 09:45:46.169] DEBUG UserDaoImpl.getCount(UserDaoImpl.java:134) - param : UserVO [uId=p07, name=김주혜07, passwd=4321, level=BASIC, login=49, recommend=0, email=joohea5943@naver.com, regDt=날짜_사용안함, toString()=com.pcwk.ehr.UserVO@f99f5e0]
[2022-06-10 09:45:46.169] DEBUG UserDaoImpl.getCount(UserDaoImpl.java:135) - sql: 
  SELECT COUNT(*) AS cnt    
 FROM hr_member            
 WHERE u_id LIKE ?  || '%' 

[2022-06-10 09:45:46.169] DEBUG UserDaoImpl.getCount(UserDaoImpl.java:136) - =============================
[2022-06-10 09:45:46.170] DEBUG UserDaoImpl.getCount(UserDaoImpl.java:138) - Object param: p07
[2022-06-10 09:45:46.170] DEBUG JdbcTemplate.query(JdbcTemplate.java:711) - Executing prepared SQL query
[2022-06-10 09:45:46.170] DEBUG JdbcTemplate.execute(JdbcTemplate.java:643) - Executing prepared SQL statement [ SELECT COUNT(*) AS cnt    
 FROM hr_member            
 WHERE u_id LIKE ?  || '%' 
]
[2022-06-10 09:45:46.170] DEBUG DataSourceUtils.doGetConnection(DataSourceUtils.java:116) - Fetching JDBC Connection from DataSource
[2022-06-10 09:45:46.170] DEBUG SimpleDriverDataSource.getConnectionFromDriver(SimpleDriverDataSource.java:142) - Creating new JDBC Driver Connection to [jdbc:oracle:thin:@192.168.3.101:1521:xe]
[2022-06-10 09:45:46.297] DEBUG UserDaoImpl.getCount(UserDaoImpl.java:141) - ====================
[2022-06-10 09:45:46.297] DEBUG UserDaoImpl.getCount(UserDaoImpl.java:142) - =count=5
[2022-06-10 09:45:46.297] DEBUG UserDaoImpl.getCount(UserDaoImpl.java:143) - ====================
[2022-06-10 09:45:46.299] DEBUG AbstractPlatformTransactionManager.getTransaction(AbstractPlatformTransactionManager.java:370) - Creating new transaction with name [null]: PROPAGATION_REQUIRED,ISOLATION_DEFAULT
[2022-06-10 09:45:46.300] DEBUG SimpleDriverDataSource.getConnectionFromDriver(SimpleDriverDataSource.java:142) - Creating new JDBC Driver Connection to [jdbc:oracle:thin:@192.168.3.101:1521:xe]
[2022-06-10 09:45:46.433] DEBUG DataSourceTransactionManager.doBegin(DataSourceTransactionManager.java:267) - Acquired Connection [oracle.jdbc.driver.T4CConnection@26be6ca7] for JDBC transaction
[2022-06-10 09:45:46.435] DEBUG DataSourceTransactionManager.doBegin(DataSourceTransactionManager.java:285) - Switching JDBC Connection [oracle.jdbc.driver.T4CConnection@26be6ca7] to manual commit
[2022-06-10 09:45:46.435] DEBUG UserDaoImpl.getAll(UserDaoImpl.java:104) - =============================
[2022-06-10 09:45:46.435] DEBUG UserDaoImpl.getAll(UserDaoImpl.java:105) - param: UserVO [uId=p07, name=김주혜07, passwd=4321, level=BASIC, login=49, recommend=0, email=joohea5943@naver.com, regDt=날짜_사용안함, toString()=com.pcwk.ehr.UserVO@f99f5e0]
[2022-06-10 09:45:46.436] DEBUG UserDaoImpl.getAll(UserDaoImpl.java:106) - sql: 
SELECT u_id,      
       name,      
       passwd,     
		  u_level,   
       login,     
       recommend, 
       email,	 
       TO_CHAR(reg_dt , 'yyyy-mm-dd hh24:mi:ss') AS reg_dt	 
FROM hr_member 
WHERE u_id LIKE ?  || '%'  
ORDER BY u_id  

[2022-06-10 09:45:46.436] DEBUG UserDaoImpl.getAll(UserDaoImpl.java:107) - =============================
[2022-06-10 09:45:46.436] DEBUG JdbcTemplate.query(JdbcTemplate.java:711) - Executing prepared SQL query
[2022-06-10 09:45:46.436] DEBUG JdbcTemplate.execute(JdbcTemplate.java:643) - Executing prepared SQL statement [SELECT u_id,      
       name,      
       passwd,     
		  u_level,   
       login,     
       recommend, 
       email,	 
       TO_CHAR(reg_dt , 'yyyy-mm-dd hh24:mi:ss') AS reg_dt	 
FROM hr_member 
WHERE u_id LIKE ?  || '%'  
ORDER BY u_id  
]
[2022-06-10 09:45:46.449] DEBUG UserDaoImpl.getAll(UserDaoImpl.java:113) - vo:UserVO [uId=p07, name=김주혜07, passwd=4321, level=BASIC, login=49, recommend=0, email=joohea5943@naver.com, regDt=2022-06-10 09:45:44, toString()=com.pcwk.ehr.UserVO@307765b4]
[2022-06-10 09:45:46.449] DEBUG UserDaoImpl.getAll(UserDaoImpl.java:113) - vo:UserVO [uId=p070, name=김주혜070, passwd=4321, level=BASIC, login=50, recommend=10, email=joohea5943@naver.com, regDt=2022-06-10 09:45:44, toString()=com.pcwk.ehr.UserVO@4a9e6faf]
[2022-06-10 09:45:46.449] DEBUG UserDaoImpl.getAll(UserDaoImpl.java:113) - vo:UserVO [uId=p0700, name=김주혜0700, passwd=4321, level=SILVER, login=51, recommend=29, email=joohea5943@naver.com, regDt=2022-06-10 09:45:44, toString()=com.pcwk.ehr.UserVO@2c95ac9e]
[2022-06-10 09:45:46.449] DEBUG UserDaoImpl.getAll(UserDaoImpl.java:113) - vo:UserVO [uId=p07000, name=김주혜07000, passwd=4321, level=SILVER, login=51, recommend=30, email=joohea5943@naver.com, regDt=2022-06-10 09:45:45, toString()=com.pcwk.ehr.UserVO@4e4efc1b]
[2022-06-10 09:45:46.449] DEBUG UserDaoImpl.getAll(UserDaoImpl.java:113) - vo:UserVO [uId=p070000, name=김주혜070000, passwd=4321, level=GOLD, login=52, recommend=31, email=joohea5943@naver.com, regDt=2022-06-10 09:45:45, toString()=com.pcwk.ehr.UserVO@459f7aa3]
[2022-06-10 09:45:46.449] DEBUG UserDaoImpl.doUpdate(UserDaoImpl.java:68) - =============================
[2022-06-10 09:45:46.450] DEBUG UserDaoImpl.doUpdate(UserDaoImpl.java:69) - param : UserVO [uId=p070, name=김주혜070, passwd=4321, level=SILVER, login=50, recommend=10, email=joohea5943@naver.com, regDt=2022-06-10 09:45:44, toString()=com.pcwk.ehr.UserVO@4a9e6faf]
[2022-06-10 09:45:46.450] DEBUG UserDaoImpl.doUpdate(UserDaoImpl.java:70) - sql: 
  UPDATE hr_member          
 SET name      = ?,        
     passwd    = ?,        
     u_level   = ?,        
     login     = ?,        
     recommend = ?,        
     email     = ?,        
     reg_dt    = SYSDATE   
 WHERE u_id = ?            

[2022-06-10 09:45:46.450] DEBUG UserDaoImpl.doUpdate(UserDaoImpl.java:71) - =============================
[2022-06-10 09:45:46.450] DEBUG UserDaoImpl.doUpdate(UserDaoImpl.java:79) - Object param : 김주혜070
[2022-06-10 09:45:46.450] DEBUG UserDaoImpl.doUpdate(UserDaoImpl.java:79) - Object param : 4321
[2022-06-10 09:45:46.450] DEBUG UserDaoImpl.doUpdate(UserDaoImpl.java:79) - Object param : 2
[2022-06-10 09:45:46.450] DEBUG UserDaoImpl.doUpdate(UserDaoImpl.java:79) - Object param : 50
[2022-06-10 09:45:46.450] DEBUG UserDaoImpl.doUpdate(UserDaoImpl.java:79) - Object param : 10
[2022-06-10 09:45:46.450] DEBUG UserDaoImpl.doUpdate(UserDaoImpl.java:79) - Object param : joohea5943@naver.com
[2022-06-10 09:45:46.450] DEBUG UserDaoImpl.doUpdate(UserDaoImpl.java:79) - Object param : p070
[2022-06-10 09:45:46.450] DEBUG JdbcTemplate.update(JdbcTemplate.java:958) - Executing prepared SQL update
[2022-06-10 09:45:46.450] DEBUG JdbcTemplate.execute(JdbcTemplate.java:643) - Executing prepared SQL statement [ UPDATE hr_member          
 SET name      = ?,        
     passwd    = ?,        
     u_level   = ?,        
     login     = ?,        
     recommend = ?,        
     email     = ?,        
     reg_dt    = SYSDATE   
 WHERE u_id = ?            
]
[2022-06-10 09:45:46.456] DEBUG UserDaoImpl.doUpdate(UserDaoImpl.java:84) - flag: 1
[2022-06-10 09:45:46.456] DEBUG DummyMailSender.send(DummyMailSender.java:14) - **************************
[2022-06-10 09:45:46.457] DEBUG DummyMailSender.send(DummyMailSender.java:15) - *개발에서는 메일이 발송되지 않습니다.^^*
[2022-06-10 09:45:46.457] DEBUG DummyMailSender.send(DummyMailSender.java:16) - **************************
[2022-06-10 09:45:46.457] DEBUG TestUserService.upgradeLevel(TestUserService.java:28) - =======================
[2022-06-10 09:45:46.457] DEBUG TestUserService.upgradeLevel(TestUserService.java:29) - =upgradeLevels=
[2022-06-10 09:45:46.457] DEBUG TestUserService.upgradeLevel(TestUserService.java:30) - =======================
[2022-06-10 09:45:46.457] DEBUG TestUserServiceException.<init>(TestUserServiceException.java:14) - +++++++++++++++++++++++++++++++
[2022-06-10 09:45:46.457] DEBUG TestUserServiceException.<init>(TestUserServiceException.java:15) - +TestUserServiceException+TestUserServiceException : p07000
[2022-06-10 09:45:46.458] DEBUG TestUserServiceException.<init>(TestUserServiceException.java:16) - +++++++++++++++++++++++++++++++
[2022-06-10 09:45:46.458] DEBUG UserServiceImpl.upgradeLevels(UserServiceImpl.java:89) - ======================
[2022-06-10 09:45:46.458] DEBUG UserServiceImpl.upgradeLevels(UserServiceImpl.java:90) - =rollback******=
[2022-06-10 09:45:46.458] DEBUG UserServiceImpl.upgradeLevels(UserServiceImpl.java:91) - ======================
[2022-06-10 09:45:46.458] DEBUG AbstractPlatformTransactionManager.processRollback(AbstractPlatformTransactionManager.java:833) - Initiating transaction rollback
[2022-06-10 09:45:46.458] DEBUG DataSourceTransactionManager.doRollback(DataSourceTransactionManager.java:345) - Rolling back JDBC transaction on Connection [oracle.jdbc.driver.T4CConnection@26be6ca7]
[2022-06-10 09:45:46.468] DEBUG DataSourceTransactionManager.doCleanupAfterCompletion(DataSourceTransactionManager.java:389) - Releasing JDBC Connection [oracle.jdbc.driver.T4CConnection@26be6ca7] after transaction
[2022-06-10 09:45:46.472] DEBUG JunitUserServiceTest.allOrNothing(JunitUserServiceTest.java:136) - --------------------------
[2022-06-10 09:45:46.472] DEBUG JunitUserServiceTest.allOrNothing(JunitUserServiceTest.java:137) - -allOrNothing Exception---TestUserServiceException : p07000
[2022-06-10 09:45:46.472] DEBUG JunitUserServiceTest.allOrNothing(JunitUserServiceTest.java:138) - --------------------------
[2022-06-10 09:45:46.472] DEBUG UserDaoImpl.doSelectOne(UserDaoImpl.java:184) - =============================
[2022-06-10 09:45:46.472] DEBUG UserDaoImpl.doSelectOne(UserDaoImpl.java:185) - param : UserVO [uId=p070, name=김주혜070, passwd=4321, level=BASIC, login=50, recommend=10, email=joohea5943@naver.com, regDt=날짜_사용안함, toString()=com.pcwk.ehr.UserVO@62fe6067]
[2022-06-10 09:45:46.473] DEBUG UserDaoImpl.doSelectOne(UserDaoImpl.java:186) - sql: 
  SELECT u_id,      
        name,      
        passwd,    
		   u_level,   
        login,     
        recommend, 
        email,	  
        TO_CHAR(reg_dt , 'yyyy-mm-dd hh24:mi:ss') AS reg_dt	 
 FROM hr_member 
 WHERE u_id = ? 

[2022-06-10 09:45:46.473] DEBUG UserDaoImpl.doSelectOne(UserDaoImpl.java:187) - =============================
[2022-06-10 09:45:46.473] DEBUG UserDaoImpl.doSelectOne(UserDaoImpl.java:190) - Object param : p070
[2022-06-10 09:45:46.473] DEBUG JdbcTemplate.query(JdbcTemplate.java:711) - Executing prepared SQL query
[2022-06-10 09:45:46.473] DEBUG JdbcTemplate.execute(JdbcTemplate.java:643) - Executing prepared SQL statement [ SELECT u_id,      
        name,      
        passwd,    
		   u_level,   
        login,     
        recommend, 
        email,	  
        TO_CHAR(reg_dt , 'yyyy-mm-dd hh24:mi:ss') AS reg_dt	 
 FROM hr_member 
 WHERE u_id = ? 
]
[2022-06-10 09:45:46.473] DEBUG DataSourceUtils.doGetConnection(DataSourceUtils.java:116) - Fetching JDBC Connection from DataSource
[2022-06-10 09:45:46.473] DEBUG SimpleDriverDataSource.getConnectionFromDriver(SimpleDriverDataSource.java:142) - Creating new JDBC Driver Connection to [jdbc:oracle:thin:@192.168.3.101:1521:xe]
[2022-06-10 09:45:46.626] DEBUG UserDaoImpl.doSelectOne(UserDaoImpl.java:199) - =============================
[2022-06-10 09:45:46.626] DEBUG UserDaoImpl.doSelectOne(UserDaoImpl.java:200) - =outVO=UserVO [uId=p070, name=김주혜070, passwd=4321, level=BASIC, login=50, recommend=10, email=joohea5943@naver.com, regDt=2022-06-10 09:45:44, toString()=com.pcwk.ehr.UserVO@2f4854d6]
[2022-06-10 09:45:46.626] DEBUG UserDaoImpl.doSelectOne(UserDaoImpl.java:201) - =============================
[2022-06-10 09:45:46.627] DEBUG DefaultCacheAwareContextLoaderDelegate.loadContext(DefaultCacheAwareContextLoaderDelegate.java:137) - Retrieved ApplicationContext [1050065615] from cache with key [[MergedContextConfiguration@394df057 testClass = JunitUserServiceTest, locations = '{classpath:/applicationContext.xml}', classes = '{}', contextInitializerClasses = '[]', activeProfiles = '{}', propertySourceLocations = '{}', propertySourceProperties = '{}', contextCustomizers = set[[empty]], contextLoader = 'org.springframework.test.context.support.DelegatingSmartContextLoader', parent = [null]]]
[2022-06-10 09:45:46.627] DEBUG DefaultContextCache.logStatistics(DefaultContextCache.java:290) - Spring test ApplicationContext cache statistics: [DefaultContextCache@53b7f657 size = 1, maxSize = 32, parentContextCount = 0, hitCount = 4, missCount = 1]
[2022-06-10 09:45:46.628] DEBUG DefaultCacheAwareContextLoaderDelegate.loadContext(DefaultCacheAwareContextLoaderDelegate.java:137) - Retrieved ApplicationContext [1050065615] from cache with key [[MergedContextConfiguration@394df057 testClass = JunitUserServiceTest, locations = '{classpath:/applicationContext.xml}', classes = '{}', contextInitializerClasses = '[]', activeProfiles = '{}', propertySourceLocations = '{}', propertySourceProperties = '{}', contextCustomizers = set[[empty]], contextLoader = 'org.springframework.test.context.support.DelegatingSmartContextLoader', parent = [null]]]
[2022-06-10 09:45:46.629] DEBUG DefaultContextCache.logStatistics(DefaultContextCache.java:290) - Spring test ApplicationContext cache statistics: [DefaultContextCache@53b7f657 size = 1, maxSize = 32, parentContextCount = 0, hitCount = 5, missCount = 1]
[2022-06-10 09:45:46.629] DEBUG AbstractDirtiesContextTestExecutionListener.beforeOrAfterTestMethod(AbstractDirtiesContextTestExecutionListener.java:108) - After test method: context [DefaultTestContext@71e9ddb4 testClass = JunitUserServiceTest, testInstance = com.pcwk.ehr.JunitUserServiceTest@38102d01, testMethod = allOrNothing@JunitUserServiceTest, testException = [null], mergedContextConfiguration = [MergedContextConfiguration@394df057 testClass = JunitUserServiceTest, locations = '{classpath:/applicationContext.xml}', classes = '{}', contextInitializerClasses = '[]', activeProfiles = '{}', propertySourceLocations = '{}', propertySourceProperties = '{}', contextCustomizers = set[[empty]], contextLoader = 'org.springframework.test.context.support.DelegatingSmartContextLoader', parent = [null]], attributes = map['org.springframework.test.context.event.ApplicationEventsTestExecutionListener.recordApplicationEvents' -> false]], class annotated with @DirtiesContext [false] with mode [null], method annotated with @DirtiesContext [false] with mode [null].
[2022-06-10 09:45:46.631] DEBUG DefaultCacheAwareContextLoaderDelegate.loadContext(DefaultCacheAwareContextLoaderDelegate.java:137) - Retrieved ApplicationContext [1050065615] from cache with key [[MergedContextConfiguration@394df057 testClass = JunitUserServiceTest, locations = '{classpath:/applicationContext.xml}', classes = '{}', contextInitializerClasses = '[]', activeProfiles = '{}', propertySourceLocations = '{}', propertySourceProperties = '{}', contextCustomizers = set[[empty]], contextLoader = 'org.springframework.test.context.support.DelegatingSmartContextLoader', parent = [null]]]
[2022-06-10 09:45:46.631] DEBUG DefaultContextCache.logStatistics(DefaultContextCache.java:290) - Spring test ApplicationContext cache statistics: [DefaultContextCache@53b7f657 size = 1, maxSize = 32, parentContextCount = 0, hitCount = 6, missCount = 1]
[2022-06-10 09:45:46.632] DEBUG AbstractDirtiesContextTestExecutionListener.beforeOrAfterTestClass(AbstractDirtiesContextTestExecutionListener.java:143) - After test class: context [DefaultTestContext@71e9ddb4 testClass = JunitUserServiceTest, testInstance = [null], testMethod = [null], testException = [null], mergedContextConfiguration = [MergedContextConfiguration@394df057 testClass = JunitUserServiceTest, locations = '{classpath:/applicationContext.xml}', classes = '{}', contextInitializerClasses = '[]', activeProfiles = '{}', propertySourceLocations = '{}', propertySourceProperties = '{}', contextCustomizers = set[[empty]], contextLoader = 'org.springframework.test.context.support.DelegatingSmartContextLoader', parent = [null]], attributes = map['org.springframework.test.context.event.ApplicationEventsTestExecutionListener.recordApplicationEvents' -> false]], class annotated with @DirtiesContext [false] with mode [null].
[2022-06-10 09:45:46.634] DEBUG AbstractApplicationContext.doClose(AbstractApplicationContext.java:1049) - Closing org.springframework.context.support.GenericApplicationContext@3e96bacf, started on Fri Jun 10 09:45:42 KST 2022
[2022-06-10 10:29:32.315] DEBUG ReflectionTest.main(ReflectionTest.java:18) - name의 length : 6
[2022-06-10 10:33:47.126] DEBUG ReflectionTest.main(ReflectionTest.java:22) - name의 length : 6
[2022-06-10 10:33:47.128] DEBUG ReflectionTest.main(ReflectionTest.java:28) - 리플렉션: name의 length -> 6
[2022-06-10 10:35:21.477] DEBUG ReflectionTest.main(ReflectionTest.java:22) - name의 length : 6
[2022-06-10 10:35:21.479] DEBUG ReflectionTest.main(ReflectionTest.java:28) - 리플렉션: name의 length -> 6
[2022-06-10 10:35:21.479] DEBUG ReflectionTest.main(ReflectionTest.java:29) - ----------------------------------------------
[2022-06-10 10:35:21.479] DEBUG ReflectionTest.main(ReflectionTest.java:33) - charAt: S
[2022-06-10 10:37:48.831] DEBUG ReflectionTest.main(ReflectionTest.java:22) - name의 length : 6
[2022-06-10 10:37:48.833] DEBUG ReflectionTest.main(ReflectionTest.java:28) - 리플렉션: name의 length -> 6
[2022-06-10 10:37:48.833] DEBUG ReflectionTest.main(ReflectionTest.java:29) - ----------------------------------------------
[2022-06-10 10:37:48.833] DEBUG ReflectionTest.main(ReflectionTest.java:33) - charAt: S
[2022-06-10 10:37:48.833] DEBUG ReflectionTest.main(ReflectionTest.java:38) - 리플렉션 charAtMethod : S
[2022-06-10 11:09:12.131] DEBUG JunitProxyHelloTest.setUp(JunitProxyHelloTest.java:15) - =======================
[2022-06-10 11:09:12.133] DEBUG JunitProxyHelloTest.setUp(JunitProxyHelloTest.java:16) - =setUp()=
[2022-06-10 11:09:12.133] DEBUG JunitProxyHelloTest.setUp(JunitProxyHelloTest.java:17) - =======================
[2022-06-10 11:09:12.133] DEBUG JunitProxyHelloTest.proxyTest(JunitProxyHelloTest.java:22) - =======================
[2022-06-10 11:09:12.133] DEBUG JunitProxyHelloTest.proxyTest(JunitProxyHelloTest.java:23) - =proxyTest()=
[2022-06-10 11:09:12.133] DEBUG JunitProxyHelloTest.proxyTest(JunitProxyHelloTest.java:24) - =======================
[2022-06-10 11:09:12.134] DEBUG JunitProxyHelloTest.proxyTest(JunitProxyHelloTest.java:27) - HELLO PCWK
[2022-06-10 11:10:19.451] DEBUG JunitProxyHelloTest.setUp(JunitProxyHelloTest.java:15) - =======================
[2022-06-10 11:10:19.453] DEBUG JunitProxyHelloTest.setUp(JunitProxyHelloTest.java:16) - =setUp()=
[2022-06-10 11:10:19.453] DEBUG JunitProxyHelloTest.setUp(JunitProxyHelloTest.java:17) - =======================
[2022-06-10 11:10:19.453] DEBUG JunitProxyHelloTest.proxyTest(JunitProxyHelloTest.java:22) - =======================
[2022-06-10 11:10:19.453] DEBUG JunitProxyHelloTest.proxyTest(JunitProxyHelloTest.java:23) - =proxyTest()=
[2022-06-10 11:10:19.454] DEBUG JunitProxyHelloTest.proxyTest(JunitProxyHelloTest.java:24) - =======================
[2022-06-10 11:10:19.454] DEBUG JunitProxyHelloTest.proxyTest(JunitProxyHelloTest.java:27) - HELLO PCWK
[2022-06-10 11:11:56.450] DEBUG JunitProxyHelloTest.setUp(JunitProxyHelloTest.java:15) - =======================
[2022-06-10 11:11:56.452] DEBUG JunitProxyHelloTest.setUp(JunitProxyHelloTest.java:16) - =setUp()=
[2022-06-10 11:11:56.452] DEBUG JunitProxyHelloTest.setUp(JunitProxyHelloTest.java:17) - =======================
[2022-06-10 11:11:56.452] DEBUG JunitProxyHelloTest.proxyTest(JunitProxyHelloTest.java:22) - =======================
[2022-06-10 11:11:56.453] DEBUG JunitProxyHelloTest.proxyTest(JunitProxyHelloTest.java:23) - =proxyTest()=
[2022-06-10 11:11:56.453] DEBUG JunitProxyHelloTest.proxyTest(JunitProxyHelloTest.java:24) - =======================
[2022-06-10 11:11:56.453] DEBUG JunitProxyHelloTest.proxyTest(JunitProxyHelloTest.java:27) - HELLO PCWK
[2022-06-10 11:11:56.453] DEBUG JunitProxyHelloTest.proxyTest(JunitProxyHelloTest.java:28) - HI PCWK
[2022-06-10 11:12:33.121] DEBUG JunitProxyHelloTest.setUp(JunitProxyHelloTest.java:15) - =======================
[2022-06-10 11:12:33.123] DEBUG JunitProxyHelloTest.setUp(JunitProxyHelloTest.java:16) - =setUp()=
[2022-06-10 11:12:33.123] DEBUG JunitProxyHelloTest.setUp(JunitProxyHelloTest.java:17) - =======================
[2022-06-10 11:12:33.123] DEBUG JunitProxyHelloTest.proxyTest(JunitProxyHelloTest.java:22) - =======================
[2022-06-10 11:12:33.124] DEBUG JunitProxyHelloTest.proxyTest(JunitProxyHelloTest.java:23) - =proxyTest()=
[2022-06-10 11:12:33.124] DEBUG JunitProxyHelloTest.proxyTest(JunitProxyHelloTest.java:24) - =======================
[2022-06-10 11:12:33.124] DEBUG JunitProxyHelloTest.proxyTest(JunitProxyHelloTest.java:27) - HELLO PCWK
[2022-06-10 11:12:33.124] DEBUG JunitProxyHelloTest.proxyTest(JunitProxyHelloTest.java:28) - HI PCWK
[2022-06-10 11:12:33.124] DEBUG JunitProxyHelloTest.proxyTest(JunitProxyHelloTest.java:29) - THANK YOU PCWK
[2022-06-10 11:12:46.924] DEBUG JunitProxyHelloTest.setUp(JunitProxyHelloTest.java:15) - =======================
[2022-06-10 11:12:46.926] DEBUG JunitProxyHelloTest.setUp(JunitProxyHelloTest.java:16) - =setUp()=
[2022-06-10 11:12:46.926] DEBUG JunitProxyHelloTest.setUp(JunitProxyHelloTest.java:17) - =======================
[2022-06-10 11:12:46.926] DEBUG JunitProxyHelloTest.proxyTest(JunitProxyHelloTest.java:22) - =======================
[2022-06-10 11:12:46.927] DEBUG JunitProxyHelloTest.proxyTest(JunitProxyHelloTest.java:23) - =proxyTest()=
[2022-06-10 11:12:46.927] DEBUG JunitProxyHelloTest.proxyTest(JunitProxyHelloTest.java:24) - =======================
[2022-06-10 11:12:46.927] DEBUG JunitProxyHelloTest.proxyTest(JunitProxyHelloTest.java:27) - HELLO PCWK
[2022-06-10 11:12:46.927] DEBUG JunitProxyHelloTest.proxyTest(JunitProxyHelloTest.java:28) - HI PCWK
[2022-06-10 11:12:46.927] DEBUG JunitProxyHelloTest.proxyTest(JunitProxyHelloTest.java:29) - THANK YOU PCWK
[2022-06-10 11:25:41.999] DEBUG JunitProxyHelloTest.setUp(JunitProxyHelloTest.java:15) - =======================
[2022-06-10 11:25:42.001] DEBUG JunitProxyHelloTest.setUp(JunitProxyHelloTest.java:16) - =setUp()=
[2022-06-10 11:25:42.001] DEBUG JunitProxyHelloTest.setUp(JunitProxyHelloTest.java:17) - =======================
[2022-06-10 11:25:42.001] DEBUG JunitProxyHelloTest.proxyTest(JunitProxyHelloTest.java:22) - =======================
[2022-06-10 11:25:42.001] DEBUG JunitProxyHelloTest.proxyTest(JunitProxyHelloTest.java:23) - =proxyTest()=
[2022-06-10 11:25:42.001] DEBUG JunitProxyHelloTest.proxyTest(JunitProxyHelloTest.java:24) - =======================
[2022-06-10 11:25:42.002] DEBUG JunitProxyHelloTest.proxyTest(JunitProxyHelloTest.java:28) - HELLO PCWK
[2022-06-10 11:25:42.002] DEBUG JunitProxyHelloTest.proxyTest(JunitProxyHelloTest.java:29) - HI PCWK
[2022-06-10 11:25:42.002] DEBUG JunitProxyHelloTest.proxyTest(JunitProxyHelloTest.java:30) - THANK YOU PCWK
[2022-06-10 11:35:02.622] DEBUG JunitProxyHelloTest.setUp(JunitProxyHelloTest.java:18) - =======================
[2022-06-10 11:35:02.623] DEBUG JunitProxyHelloTest.setUp(JunitProxyHelloTest.java:19) - =setUp()=
[2022-06-10 11:35:02.624] DEBUG JunitProxyHelloTest.setUp(JunitProxyHelloTest.java:20) - =======================
[2022-06-10 11:35:02.625] DEBUG JunitProxyHelloTest.dynamicProxy(JunitProxyHelloTest.java:30) - HELLO PCWK
[2022-06-10 11:35:44.592] DEBUG JunitProxyHelloTest.setUp(JunitProxyHelloTest.java:18) - =======================
[2022-06-10 11:35:44.595] DEBUG JunitProxyHelloTest.setUp(JunitProxyHelloTest.java:19) - =setUp()=
[2022-06-10 11:35:44.595] DEBUG JunitProxyHelloTest.setUp(JunitProxyHelloTest.java:20) - =======================
[2022-06-10 11:35:44.596] DEBUG JunitProxyHelloTest.dynamicProxy(JunitProxyHelloTest.java:30) - HELLO PCWK
[2022-06-10 11:35:44.596] DEBUG JunitProxyHelloTest.dynamicProxy(JunitProxyHelloTest.java:31) - HI PCWK
[2022-06-10 11:37:11.997] DEBUG JunitProxyHelloTest.setUp(JunitProxyHelloTest.java:18) - =======================
[2022-06-10 11:37:11.999] DEBUG JunitProxyHelloTest.setUp(JunitProxyHelloTest.java:19) - =setUp()=
[2022-06-10 11:37:11.999] DEBUG JunitProxyHelloTest.setUp(JunitProxyHelloTest.java:20) - =======================
[2022-06-10 11:37:12.000] DEBUG UppercaseHandler.invoke(UppercaseHandler.java:24) - +++++++++++++++++++++++++++++++++++++++++
[2022-06-10 11:37:12.000] DEBUG UppercaseHandler.invoke(UppercaseHandler.java:25) - +invoke()+
[2022-06-10 11:37:12.000] DEBUG UppercaseHandler.invoke(UppercaseHandler.java:26) - +++++++++++++++++++++++++++++++++++++++++
[2022-06-10 11:37:12.000] DEBUG JunitProxyHelloTest.dynamicProxy(JunitProxyHelloTest.java:30) - HELLO PCWK
[2022-06-10 11:37:12.001] DEBUG UppercaseHandler.invoke(UppercaseHandler.java:24) - +++++++++++++++++++++++++++++++++++++++++
[2022-06-10 11:37:12.001] DEBUG UppercaseHandler.invoke(UppercaseHandler.java:25) - +invoke()+
[2022-06-10 11:37:12.001] DEBUG UppercaseHandler.invoke(UppercaseHandler.java:26) - +++++++++++++++++++++++++++++++++++++++++
[2022-06-10 11:37:12.001] DEBUG JunitProxyHelloTest.dynamicProxy(JunitProxyHelloTest.java:31) - HI PCWK
[2022-06-10 11:37:14.531] DEBUG ReflectionTest.main(ReflectionTest.java:22) - name의 length : 6
[2022-06-10 11:37:14.533] DEBUG ReflectionTest.main(ReflectionTest.java:28) - 리플렉션: name의 length -> 6
[2022-06-10 11:37:14.533] DEBUG ReflectionTest.main(ReflectionTest.java:29) - ----------------------------------------------
[2022-06-10 11:37:14.533] DEBUG ReflectionTest.main(ReflectionTest.java:33) - charAt: S
[2022-06-10 11:37:14.533] DEBUG ReflectionTest.main(ReflectionTest.java:38) - 리플렉션 charAtMethod : S
[2022-06-10 11:37:20.207] DEBUG JunitProxyHelloTest.setUp(JunitProxyHelloTest.java:18) - =======================
[2022-06-10 11:37:20.209] DEBUG JunitProxyHelloTest.setUp(JunitProxyHelloTest.java:19) - =setUp()=
[2022-06-10 11:37:20.209] DEBUG JunitProxyHelloTest.setUp(JunitProxyHelloTest.java:20) - =======================
[2022-06-10 11:37:20.210] DEBUG UppercaseHandler.invoke(UppercaseHandler.java:24) - +++++++++++++++++++++++++++++++++++++++++
[2022-06-10 11:37:20.210] DEBUG UppercaseHandler.invoke(UppercaseHandler.java:25) - +invoke()+
[2022-06-10 11:37:20.210] DEBUG UppercaseHandler.invoke(UppercaseHandler.java:26) - +++++++++++++++++++++++++++++++++++++++++
[2022-06-10 11:37:20.210] DEBUG JunitProxyHelloTest.dynamicProxy(JunitProxyHelloTest.java:30) - HELLO PCWK
[2022-06-10 11:37:20.210] DEBUG UppercaseHandler.invoke(UppercaseHandler.java:24) - +++++++++++++++++++++++++++++++++++++++++
[2022-06-10 11:37:20.211] DEBUG UppercaseHandler.invoke(UppercaseHandler.java:25) - +invoke()+
[2022-06-10 11:37:20.211] DEBUG UppercaseHandler.invoke(UppercaseHandler.java:26) - +++++++++++++++++++++++++++++++++++++++++
[2022-06-10 11:37:20.211] DEBUG JunitProxyHelloTest.dynamicProxy(JunitProxyHelloTest.java:31) - HI PCWK
[2022-06-10 11:39:33.786] DEBUG JunitProxyHelloTest.setUp(JunitProxyHelloTest.java:18) - =======================
[2022-06-10 11:39:33.788] DEBUG JunitProxyHelloTest.setUp(JunitProxyHelloTest.java:19) - =setUp()=
[2022-06-10 11:39:33.788] DEBUG JunitProxyHelloTest.setUp(JunitProxyHelloTest.java:20) - =======================
[2022-06-10 11:39:33.790] DEBUG UppercaseHandler.invoke(UppercaseHandler.java:24) - +++++++++++++++++++++++++++++++++++++++++
[2022-06-10 11:39:33.790] DEBUG UppercaseHandler.invoke(UppercaseHandler.java:25) - +invoke()+
[2022-06-10 11:39:33.790] DEBUG UppercaseHandler.invoke(UppercaseHandler.java:26) - +++++++++++++++++++++++++++++++++++++++++
[2022-06-10 11:39:33.790] DEBUG JunitProxyHelloTest.dynamicProxy(JunitProxyHelloTest.java:30) - HELLO PCWK
[2022-06-10 11:39:33.790] DEBUG UppercaseHandler.invoke(UppercaseHandler.java:24) - +++++++++++++++++++++++++++++++++++++++++
[2022-06-10 11:39:33.790] DEBUG UppercaseHandler.invoke(UppercaseHandler.java:25) - +invoke()+
[2022-06-10 11:39:33.790] DEBUG UppercaseHandler.invoke(UppercaseHandler.java:26) - +++++++++++++++++++++++++++++++++++++++++
[2022-06-10 11:39:33.790] DEBUG JunitProxyHelloTest.dynamicProxy(JunitProxyHelloTest.java:31) - HI PCWK
[2022-06-10 11:39:33.790] DEBUG UppercaseHandler.invoke(UppercaseHandler.java:24) - +++++++++++++++++++++++++++++++++++++++++
[2022-06-10 11:39:33.790] DEBUG UppercaseHandler.invoke(UppercaseHandler.java:25) - +invoke()+
[2022-06-10 11:39:33.791] DEBUG UppercaseHandler.invoke(UppercaseHandler.java:26) - +++++++++++++++++++++++++++++++++++++++++
[2022-06-10 11:39:33.791] DEBUG JunitProxyHelloTest.dynamicProxy(JunitProxyHelloTest.java:32) - THANK YOU PCWK
[2022-06-10 11:39:39.667] DEBUG JunitProxyHelloTest.setUp(JunitProxyHelloTest.java:18) - =======================
[2022-06-10 11:39:39.669] DEBUG JunitProxyHelloTest.setUp(JunitProxyHelloTest.java:19) - =setUp()=
[2022-06-10 11:39:39.669] DEBUG JunitProxyHelloTest.setUp(JunitProxyHelloTest.java:20) - =======================
[2022-06-10 11:39:39.670] DEBUG UppercaseHandler.invoke(UppercaseHandler.java:24) - +++++++++++++++++++++++++++++++++++++++++
[2022-06-10 11:39:39.671] DEBUG UppercaseHandler.invoke(UppercaseHandler.java:25) - +invoke()+
[2022-06-10 11:39:39.671] DEBUG UppercaseHandler.invoke(UppercaseHandler.java:26) - +++++++++++++++++++++++++++++++++++++++++
[2022-06-10 11:39:39.671] DEBUG JunitProxyHelloTest.dynamicProxy(JunitProxyHelloTest.java:30) - HELLO PCWK
[2022-06-10 11:39:39.671] DEBUG UppercaseHandler.invoke(UppercaseHandler.java:24) - +++++++++++++++++++++++++++++++++++++++++
[2022-06-10 11:39:39.671] DEBUG UppercaseHandler.invoke(UppercaseHandler.java:25) - +invoke()+
[2022-06-10 11:39:39.671] DEBUG UppercaseHandler.invoke(UppercaseHandler.java:26) - +++++++++++++++++++++++++++++++++++++++++
[2022-06-10 11:39:39.671] DEBUG JunitProxyHelloTest.dynamicProxy(JunitProxyHelloTest.java:31) - HI PCWK
[2022-06-10 11:39:39.671] DEBUG UppercaseHandler.invoke(UppercaseHandler.java:24) - +++++++++++++++++++++++++++++++++++++++++
[2022-06-10 11:39:39.671] DEBUG UppercaseHandler.invoke(UppercaseHandler.java:25) - +invoke()+
[2022-06-10 11:39:39.671] DEBUG UppercaseHandler.invoke(UppercaseHandler.java:26) - +++++++++++++++++++++++++++++++++++++++++
[2022-06-10 11:39:39.671] DEBUG JunitProxyHelloTest.dynamicProxy(JunitProxyHelloTest.java:32) - THANK YOU PCWK
[2022-06-10 11:39:39.672] DEBUG UppercaseHandler.invoke(UppercaseHandler.java:24) - +++++++++++++++++++++++++++++++++++++++++
[2022-06-10 11:39:39.672] DEBUG UppercaseHandler.invoke(UppercaseHandler.java:25) - +invoke()+
[2022-06-10 11:39:39.672] DEBUG UppercaseHandler.invoke(UppercaseHandler.java:26) - +++++++++++++++++++++++++++++++++++++++++
[2022-06-10 11:39:39.672] DEBUG UppercaseHandler.invoke(UppercaseHandler.java:24) - +++++++++++++++++++++++++++++++++++++++++
[2022-06-10 11:39:39.672] DEBUG UppercaseHandler.invoke(UppercaseHandler.java:25) - +invoke()+
[2022-06-10 11:39:39.672] DEBUG UppercaseHandler.invoke(UppercaseHandler.java:26) - +++++++++++++++++++++++++++++++++++++++++
[2022-06-10 11:39:39.672] DEBUG UppercaseHandler.invoke(UppercaseHandler.java:24) - +++++++++++++++++++++++++++++++++++++++++
[2022-06-10 11:39:39.672] DEBUG UppercaseHandler.invoke(UppercaseHandler.java:25) - +invoke()+
[2022-06-10 11:39:39.672] DEBUG UppercaseHandler.invoke(UppercaseHandler.java:26) - +++++++++++++++++++++++++++++++++++++++++
[2022-06-10 11:40:35.448] DEBUG JunitProxyHelloTest.setUp(JunitProxyHelloTest.java:18) - =======================
[2022-06-10 11:40:35.450] DEBUG JunitProxyHelloTest.setUp(JunitProxyHelloTest.java:19) - =setUp()=
[2022-06-10 11:40:35.450] DEBUG JunitProxyHelloTest.setUp(JunitProxyHelloTest.java:20) - =======================
[2022-06-10 11:40:35.451] DEBUG UppercaseHandler.invoke(UppercaseHandler.java:24) - +++++++++++++++++++++++++++++++++++++++++
[2022-06-10 11:40:35.452] DEBUG UppercaseHandler.invoke(UppercaseHandler.java:25) - +invoke()+sayHello
[2022-06-10 11:40:35.452] DEBUG UppercaseHandler.invoke(UppercaseHandler.java:26) - +++++++++++++++++++++++++++++++++++++++++
[2022-06-10 11:40:35.452] DEBUG JunitProxyHelloTest.dynamicProxy(JunitProxyHelloTest.java:30) - HELLO PCWK
[2022-06-10 11:40:35.452] DEBUG UppercaseHandler.invoke(UppercaseHandler.java:24) - +++++++++++++++++++++++++++++++++++++++++
[2022-06-10 11:40:35.452] DEBUG UppercaseHandler.invoke(UppercaseHandler.java:25) - +invoke()+sayHi
[2022-06-10 11:40:35.452] DEBUG UppercaseHandler.invoke(UppercaseHandler.java:26) - +++++++++++++++++++++++++++++++++++++++++
[2022-06-10 11:40:35.452] DEBUG JunitProxyHelloTest.dynamicProxy(JunitProxyHelloTest.java:31) - HI PCWK
[2022-06-10 11:40:35.452] DEBUG UppercaseHandler.invoke(UppercaseHandler.java:24) - +++++++++++++++++++++++++++++++++++++++++
[2022-06-10 11:40:35.453] DEBUG UppercaseHandler.invoke(UppercaseHandler.java:25) - +invoke()+sayThankYou
[2022-06-10 11:40:35.453] DEBUG UppercaseHandler.invoke(UppercaseHandler.java:26) - +++++++++++++++++++++++++++++++++++++++++
[2022-06-10 11:40:35.453] DEBUG JunitProxyHelloTest.dynamicProxy(JunitProxyHelloTest.java:32) - THANK YOU PCWK
[2022-06-10 11:40:35.453] DEBUG UppercaseHandler.invoke(UppercaseHandler.java:24) - +++++++++++++++++++++++++++++++++++++++++
[2022-06-10 11:40:35.453] DEBUG UppercaseHandler.invoke(UppercaseHandler.java:25) - +invoke()+sayHello
[2022-06-10 11:40:35.453] DEBUG UppercaseHandler.invoke(UppercaseHandler.java:26) - +++++++++++++++++++++++++++++++++++++++++
[2022-06-10 11:40:35.453] DEBUG UppercaseHandler.invoke(UppercaseHandler.java:24) - +++++++++++++++++++++++++++++++++++++++++
[2022-06-10 11:40:35.453] DEBUG UppercaseHandler.invoke(UppercaseHandler.java:25) - +invoke()+sayHi
[2022-06-10 11:40:35.453] DEBUG UppercaseHandler.invoke(UppercaseHandler.java:26) - +++++++++++++++++++++++++++++++++++++++++
[2022-06-10 11:40:35.453] DEBUG UppercaseHandler.invoke(UppercaseHandler.java:24) - +++++++++++++++++++++++++++++++++++++++++
[2022-06-10 11:40:35.454] DEBUG UppercaseHandler.invoke(UppercaseHandler.java:25) - +invoke()+sayThankYou
[2022-06-10 11:40:35.454] DEBUG UppercaseHandler.invoke(UppercaseHandler.java:26) - +++++++++++++++++++++++++++++++++++++++++
[2022-06-10 12:03:01.101] DEBUG JunitProxyHelloTest.setUp(JunitProxyHelloTest.java:18) - =======================
[2022-06-10 12:03:01.103] DEBUG JunitProxyHelloTest.setUp(JunitProxyHelloTest.java:19) - =setUp()=
[2022-06-10 12:03:01.103] DEBUG JunitProxyHelloTest.setUp(JunitProxyHelloTest.java:20) - =======================
[2022-06-10 12:03:01.104] DEBUG UppercaseHandler.invoke(UppercaseHandler.java:26) - +++++++++++++++++++++++++++++++++++++++++
[2022-06-10 12:03:01.104] DEBUG UppercaseHandler.invoke(UppercaseHandler.java:27) - +invoke()+sayHello
[2022-06-10 12:03:01.105] DEBUG UppercaseHandler.invoke(UppercaseHandler.java:28) - +++++++++++++++++++++++++++++++++++++++++
[2022-06-10 12:03:01.105] DEBUG JunitProxyHelloTest.dynamicProxy(JunitProxyHelloTest.java:30) - HELLO PCWK
[2022-06-10 12:03:01.105] DEBUG UppercaseHandler.invoke(UppercaseHandler.java:26) - +++++++++++++++++++++++++++++++++++++++++
[2022-06-10 12:03:01.105] DEBUG UppercaseHandler.invoke(UppercaseHandler.java:27) - +invoke()+sayHi
[2022-06-10 12:03:01.105] DEBUG UppercaseHandler.invoke(UppercaseHandler.java:28) - +++++++++++++++++++++++++++++++++++++++++
[2022-06-10 12:03:01.105] DEBUG JunitProxyHelloTest.dynamicProxy(JunitProxyHelloTest.java:31) - HI PCWK
[2022-06-10 12:03:01.105] DEBUG UppercaseHandler.invoke(UppercaseHandler.java:26) - +++++++++++++++++++++++++++++++++++++++++
[2022-06-10 12:03:01.105] DEBUG UppercaseHandler.invoke(UppercaseHandler.java:27) - +invoke()+sayThankYou
[2022-06-10 12:03:01.105] DEBUG UppercaseHandler.invoke(UppercaseHandler.java:28) - +++++++++++++++++++++++++++++++++++++++++
[2022-06-10 12:03:01.105] DEBUG JunitProxyHelloTest.dynamicProxy(JunitProxyHelloTest.java:32) - THANK YOU PCWK
[2022-06-10 12:03:01.106] DEBUG UppercaseHandler.invoke(UppercaseHandler.java:26) - +++++++++++++++++++++++++++++++++++++++++
[2022-06-10 12:03:01.106] DEBUG UppercaseHandler.invoke(UppercaseHandler.java:27) - +invoke()+sayHello
[2022-06-10 12:03:01.106] DEBUG UppercaseHandler.invoke(UppercaseHandler.java:28) - +++++++++++++++++++++++++++++++++++++++++
[2022-06-10 12:03:01.106] DEBUG UppercaseHandler.invoke(UppercaseHandler.java:26) - +++++++++++++++++++++++++++++++++++++++++
[2022-06-10 12:03:01.106] DEBUG UppercaseHandler.invoke(UppercaseHandler.java:27) - +invoke()+sayHi
[2022-06-10 12:03:01.106] DEBUG UppercaseHandler.invoke(UppercaseHandler.java:28) - +++++++++++++++++++++++++++++++++++++++++
[2022-06-10 12:03:01.106] DEBUG UppercaseHandler.invoke(UppercaseHandler.java:26) - +++++++++++++++++++++++++++++++++++++++++
[2022-06-10 12:03:01.106] DEBUG UppercaseHandler.invoke(UppercaseHandler.java:27) - +invoke()+sayThankYou
[2022-06-10 12:03:01.106] DEBUG UppercaseHandler.invoke(UppercaseHandler.java:28) - +++++++++++++++++++++++++++++++++++++++++
[2022-06-10 12:07:23.182] DEBUG JunitProxyHelloTest.setUp(JunitProxyHelloTest.java:18) - =======================
[2022-06-10 12:07:23.185] DEBUG JunitProxyHelloTest.setUp(JunitProxyHelloTest.java:19) - =setUp()=
[2022-06-10 12:07:23.185] DEBUG JunitProxyHelloTest.setUp(JunitProxyHelloTest.java:20) - =======================
[2022-06-10 12:07:23.188] DEBUG JunitProxyHelloTest.dynamicProxy(JunitProxyHelloTest.java:30) - HELLO PCWK
[2022-06-10 12:07:23.188] DEBUG JunitProxyHelloTest.dynamicProxy(JunitProxyHelloTest.java:31) - HI PCWK
[2022-06-10 12:07:23.188] DEBUG JunitProxyHelloTest.dynamicProxy(JunitProxyHelloTest.java:32) - THANK YOU PCWK
[2022-06-10 12:07:30.224] DEBUG JunitProxyHelloTest.setUp(JunitProxyHelloTest.java:18) - =======================
[2022-06-10 12:07:30.226] DEBUG JunitProxyHelloTest.setUp(JunitProxyHelloTest.java:19) - =setUp()=
[2022-06-10 12:07:30.227] DEBUG JunitProxyHelloTest.setUp(JunitProxyHelloTest.java:20) - =======================
[2022-06-10 12:07:30.228] DEBUG JunitProxyHelloTest.dynamicProxy(JunitProxyHelloTest.java:30) - HELLO PCWK
[2022-06-10 12:07:30.228] DEBUG JunitProxyHelloTest.dynamicProxy(JunitProxyHelloTest.java:31) - HI PCWK
[2022-06-10 12:07:30.228] DEBUG JunitProxyHelloTest.dynamicProxy(JunitProxyHelloTest.java:32) - THANK YOU PCWK
[2022-06-10 12:07:37.929] DEBUG JunitProxyHelloTest.setUp(JunitProxyHelloTest.java:18) - =======================
[2022-06-10 12:07:37.931] DEBUG JunitProxyHelloTest.setUp(JunitProxyHelloTest.java:19) - =setUp()=
[2022-06-10 12:07:37.931] DEBUG JunitProxyHelloTest.setUp(JunitProxyHelloTest.java:20) - =======================
[2022-06-10 12:07:37.933] DEBUG JunitProxyHelloTest.dynamicProxy(JunitProxyHelloTest.java:30) - HELLO PCWK
[2022-06-10 12:07:37.933] DEBUG JunitProxyHelloTest.dynamicProxy(JunitProxyHelloTest.java:31) - HI PCWK
[2022-06-10 12:07:37.933] DEBUG JunitProxyHelloTest.dynamicProxy(JunitProxyHelloTest.java:32) - THANK YOU PCWK
[2022-06-10 12:11:28.127] DEBUG JunitProxyHelloTest.setUp(JunitProxyHelloTest.java:18) - =======================
[2022-06-10 12:11:28.129] DEBUG JunitProxyHelloTest.setUp(JunitProxyHelloTest.java:19) - =setUp()=
[2022-06-10 12:11:28.129] DEBUG JunitProxyHelloTest.setUp(JunitProxyHelloTest.java:20) - =======================
[2022-06-10 12:11:28.130] DEBUG UppercaseHandler.invoke(UppercaseHandler.java:27) - +++++++++++++++++++++++++++++
[2022-06-10 12:11:28.130] DEBUG UppercaseHandler.invoke(UppercaseHandler.java:28) - +invoke()+sayHello
[2022-06-10 12:11:28.130] DEBUG UppercaseHandler.invoke(UppercaseHandler.java:29) - +++++++++++++++++++++++++++++
[2022-06-10 12:11:28.130] DEBUG JunitProxyHelloTest.dynamicProxy(JunitProxyHelloTest.java:30) - HELLO PCWK
[2022-06-10 12:11:28.130] DEBUG UppercaseHandler.invoke(UppercaseHandler.java:27) - +++++++++++++++++++++++++++++
[2022-06-10 12:11:28.130] DEBUG UppercaseHandler.invoke(UppercaseHandler.java:28) - +invoke()+sayHi
[2022-06-10 12:11:28.130] DEBUG UppercaseHandler.invoke(UppercaseHandler.java:29) - +++++++++++++++++++++++++++++
[2022-06-10 12:11:28.131] DEBUG JunitProxyHelloTest.dynamicProxy(JunitProxyHelloTest.java:31) - HI PCWK
[2022-06-10 12:11:28.131] DEBUG UppercaseHandler.invoke(UppercaseHandler.java:27) - +++++++++++++++++++++++++++++
[2022-06-10 12:11:28.131] DEBUG UppercaseHandler.invoke(UppercaseHandler.java:28) - +invoke()+sayThankYou
[2022-06-10 12:11:28.131] DEBUG UppercaseHandler.invoke(UppercaseHandler.java:29) - +++++++++++++++++++++++++++++
[2022-06-10 12:11:28.131] DEBUG JunitProxyHelloTest.dynamicProxy(JunitProxyHelloTest.java:32) - Thank you Pcwk
[2022-06-10 12:11:28.131] DEBUG UppercaseHandler.invoke(UppercaseHandler.java:27) - +++++++++++++++++++++++++++++
[2022-06-10 12:11:28.131] DEBUG UppercaseHandler.invoke(UppercaseHandler.java:28) - +invoke()+sayHello
[2022-06-10 12:11:28.131] DEBUG UppercaseHandler.invoke(UppercaseHandler.java:29) - +++++++++++++++++++++++++++++
[2022-06-10 12:11:28.131] DEBUG UppercaseHandler.invoke(UppercaseHandler.java:27) - +++++++++++++++++++++++++++++
[2022-06-10 12:11:28.131] DEBUG UppercaseHandler.invoke(UppercaseHandler.java:28) - +invoke()+sayHi
[2022-06-10 12:11:28.131] DEBUG UppercaseHandler.invoke(UppercaseHandler.java:29) - +++++++++++++++++++++++++++++
[2022-06-10 12:11:28.131] DEBUG UppercaseHandler.invoke(UppercaseHandler.java:27) - +++++++++++++++++++++++++++++
[2022-06-10 12:11:28.132] DEBUG UppercaseHandler.invoke(UppercaseHandler.java:28) - +invoke()+sayThankYou
[2022-06-10 12:11:28.132] DEBUG UppercaseHandler.invoke(UppercaseHandler.java:29) - +++++++++++++++++++++++++++++
[2022-06-10 12:11:28.268] DEBUG JunitProxyHelloTest.setUp(JunitProxyHelloTest.java:18) - =======================
[2022-06-10 12:11:28.270] DEBUG JunitProxyHelloTest.setUp(JunitProxyHelloTest.java:19) - =setUp()=
[2022-06-10 12:11:28.270] DEBUG JunitProxyHelloTest.setUp(JunitProxyHelloTest.java:20) - =======================
[2022-06-10 12:11:28.272] DEBUG UppercaseHandler.invoke(UppercaseHandler.java:27) - +++++++++++++++++++++++++++++
[2022-06-10 12:11:28.272] DEBUG UppercaseHandler.invoke(UppercaseHandler.java:28) - +invoke()+sayHello
[2022-06-10 12:11:28.272] DEBUG UppercaseHandler.invoke(UppercaseHandler.java:29) - +++++++++++++++++++++++++++++
[2022-06-10 12:11:28.272] DEBUG JunitProxyHelloTest.dynamicProxy(JunitProxyHelloTest.java:30) - HELLO PCWK
[2022-06-10 12:11:28.272] DEBUG UppercaseHandler.invoke(UppercaseHandler.java:27) - +++++++++++++++++++++++++++++
[2022-06-10 12:11:28.272] DEBUG UppercaseHandler.invoke(UppercaseHandler.java:28) - +invoke()+sayHi
[2022-06-10 12:11:28.272] DEBUG UppercaseHandler.invoke(UppercaseHandler.java:29) - +++++++++++++++++++++++++++++
[2022-06-10 12:11:28.273] DEBUG JunitProxyHelloTest.dynamicProxy(JunitProxyHelloTest.java:31) - HI PCWK
[2022-06-10 12:11:28.273] DEBUG UppercaseHandler.invoke(UppercaseHandler.java:27) - +++++++++++++++++++++++++++++
[2022-06-10 12:11:28.273] DEBUG UppercaseHandler.invoke(UppercaseHandler.java:28) - +invoke()+sayThankYou
[2022-06-10 12:11:28.273] DEBUG UppercaseHandler.invoke(UppercaseHandler.java:29) - +++++++++++++++++++++++++++++
[2022-06-10 12:11:28.273] DEBUG JunitProxyHelloTest.dynamicProxy(JunitProxyHelloTest.java:32) - Thank you Pcwk
[2022-06-10 12:11:28.273] DEBUG UppercaseHandler.invoke(UppercaseHandler.java:27) - +++++++++++++++++++++++++++++
[2022-06-10 12:11:28.274] DEBUG UppercaseHandler.invoke(UppercaseHandler.java:28) - +invoke()+sayHello
[2022-06-10 12:11:28.274] DEBUG UppercaseHandler.invoke(UppercaseHandler.java:29) - +++++++++++++++++++++++++++++
[2022-06-10 12:11:28.274] DEBUG UppercaseHandler.invoke(UppercaseHandler.java:27) - +++++++++++++++++++++++++++++
[2022-06-10 12:11:28.274] DEBUG UppercaseHandler.invoke(UppercaseHandler.java:28) - +invoke()+sayHi
[2022-06-10 12:11:28.274] DEBUG UppercaseHandler.invoke(UppercaseHandler.java:29) - +++++++++++++++++++++++++++++
[2022-06-10 12:11:28.274] DEBUG UppercaseHandler.invoke(UppercaseHandler.java:27) - +++++++++++++++++++++++++++++
[2022-06-10 12:11:28.274] DEBUG UppercaseHandler.invoke(UppercaseHandler.java:28) - +invoke()+sayThankYou
[2022-06-10 12:11:28.274] DEBUG UppercaseHandler.invoke(UppercaseHandler.java:29) - +++++++++++++++++++++++++++++
[2022-06-10 12:13:38.095] DEBUG JunitProxyHelloTest.setUp(JunitProxyHelloTest.java:18) - =======================
[2022-06-10 12:13:38.097] DEBUG JunitProxyHelloTest.setUp(JunitProxyHelloTest.java:19) - =setUp()=
[2022-06-10 12:13:38.097] DEBUG JunitProxyHelloTest.setUp(JunitProxyHelloTest.java:20) - =======================
[2022-06-10 12:13:38.100] DEBUG UppercaseHandler.invoke(UppercaseHandler.java:27) - +++++++++++++++++++++++++++++
[2022-06-10 12:13:38.100] DEBUG UppercaseHandler.invoke(UppercaseHandler.java:28) - +invoke()+sayHello
[2022-06-10 12:13:38.100] DEBUG UppercaseHandler.invoke(UppercaseHandler.java:29) - +++++++++++++++++++++++++++++
[2022-06-10 12:13:38.100] DEBUG JunitProxyHelloTest.dynamicProxy(JunitProxyHelloTest.java:30) - HELLO PCWK
[2022-06-10 12:13:38.100] DEBUG UppercaseHandler.invoke(UppercaseHandler.java:27) - +++++++++++++++++++++++++++++
[2022-06-10 12:13:38.101] DEBUG UppercaseHandler.invoke(UppercaseHandler.java:28) - +invoke()+sayHi
[2022-06-10 12:13:38.101] DEBUG UppercaseHandler.invoke(UppercaseHandler.java:29) - +++++++++++++++++++++++++++++
[2022-06-10 12:13:38.101] DEBUG JunitProxyHelloTest.dynamicProxy(JunitProxyHelloTest.java:31) - HI PCWK
[2022-06-10 12:13:38.101] DEBUG UppercaseHandler.invoke(UppercaseHandler.java:27) - +++++++++++++++++++++++++++++
[2022-06-10 12:13:38.101] DEBUG UppercaseHandler.invoke(UppercaseHandler.java:28) - +invoke()+sayThankYou
[2022-06-10 12:13:38.101] DEBUG UppercaseHandler.invoke(UppercaseHandler.java:29) - +++++++++++++++++++++++++++++
[2022-06-10 12:13:38.101] DEBUG JunitProxyHelloTest.dynamicProxy(JunitProxyHelloTest.java:32) - Thank you Pcwk
[2022-06-10 12:13:38.101] DEBUG UppercaseHandler.invoke(UppercaseHandler.java:27) - +++++++++++++++++++++++++++++
[2022-06-10 12:13:38.102] DEBUG UppercaseHandler.invoke(UppercaseHandler.java:28) - +invoke()+sayHello
[2022-06-10 12:13:38.102] DEBUG UppercaseHandler.invoke(UppercaseHandler.java:29) - +++++++++++++++++++++++++++++
[2022-06-10 12:13:38.102] DEBUG UppercaseHandler.invoke(UppercaseHandler.java:27) - +++++++++++++++++++++++++++++
[2022-06-10 12:13:38.102] DEBUG UppercaseHandler.invoke(UppercaseHandler.java:28) - +invoke()+sayHi
[2022-06-10 12:13:38.102] DEBUG UppercaseHandler.invoke(UppercaseHandler.java:29) - +++++++++++++++++++++++++++++
[2022-06-10 12:13:38.102] DEBUG UppercaseHandler.invoke(UppercaseHandler.java:27) - +++++++++++++++++++++++++++++
[2022-06-10 12:13:38.102] DEBUG UppercaseHandler.invoke(UppercaseHandler.java:28) - +invoke()+sayThankYou
[2022-06-10 12:13:38.103] DEBUG UppercaseHandler.invoke(UppercaseHandler.java:29) - +++++++++++++++++++++++++++++
