[2022-06-08 11:25:39.965] INFO  AbstractTestContextBootstrapper.getDefaultTestExecutionListenerClassNames(AbstractTestContextBootstrapper.java:245) - Loaded default TestExecutionListener class names from location [META-INF/spring.factories]: [org.springframework.test.context.web.ServletTestExecutionListener, org.springframework.test.context.support.DirtiesContextBeforeModesTestExecutionListener, org.springframework.test.context.event.ApplicationEventsTestExecutionListener, org.springframework.test.context.support.DependencyInjectionTestExecutionListener, org.springframework.test.context.support.DirtiesContextTestExecutionListener, org.springframework.test.context.transaction.TransactionalTestExecutionListener, org.springframework.test.context.jdbc.SqlScriptsTestExecutionListener, org.springframework.test.context.event.EventPublishingTestExecutionListener]
[2022-06-08 11:25:39.973] INFO  AbstractTestContextBootstrapper.getTestExecutionListeners(AbstractTestContextBootstrapper.java:174) - Using TestExecutionListeners: [org.springframework.test.context.support.DirtiesContextBeforeModesTestExecutionListener@79079097, org.springframework.test.context.event.ApplicationEventsTestExecutionListener@4d1c00d0, org.springframework.test.context.support.DependencyInjectionTestExecutionListener@4b2bac3f, org.springframework.test.context.support.DirtiesContextTestExecutionListener@4e08711f, org.springframework.test.context.transaction.TransactionalTestExecutionListener@bcec361, org.springframework.test.context.jdbc.SqlScriptsTestExecutionListener@26794848, org.springframework.test.context.event.EventPublishingTestExecutionListener@302552ec]
[2022-06-08 11:25:40.222] DEBUG JunitUserServiceTest.setUp(JunitUserServiceTest.java:43) - =======================
[2022-06-08 11:25:40.222] DEBUG JunitUserServiceTest.setUp(JunitUserServiceTest.java:44) - =0. setUp()=
[2022-06-08 11:25:40.222] DEBUG JunitUserServiceTest.setUp(JunitUserServiceTest.java:45) - =======================
[2022-06-08 11:25:40.224] DEBUG JunitUserServiceTest.setUp(JunitUserServiceTest.java:61) - context:org.springframework.context.support.GenericApplicationContext@5c90e579, started on Wed Jun 08 11:25:40 KST 2022
[2022-06-08 11:25:40.224] DEBUG JunitUserServiceTest.setUp(JunitUserServiceTest.java:62) - userService:com.pcwk.ehr.UserServiceImpl@6f3187b0
[2022-06-08 11:25:40.224] DEBUG JunitUserServiceTest.setUp(JunitUserServiceTest.java:63) - dao:com.pcwk.ehr.UserDaoImpl@2663e964
[2022-06-08 11:25:40.225] DEBUG JunitUserServiceTest.add(JunitUserServiceTest.java:78) - =======================
[2022-06-08 11:25:40.225] DEBUG JunitUserServiceTest.add(JunitUserServiceTest.java:79) - =2. add()=
[2022-06-08 11:25:40.225] DEBUG JunitUserServiceTest.add(JunitUserServiceTest.java:80) - =======================
[2022-06-08 11:25:40.225] DEBUG UserDaoImpl.doDelete(UserDaoImpl.java:266) - =============================
[2022-06-08 11:25:40.225] DEBUG UserDaoImpl.doDelete(UserDaoImpl.java:267) - param :UserVO [level=BASIC, uId=p07, name=김주혜07, passwd=4321, login=49, recommend=0, email=joohea5943@naver.com, regDt=날짜_사용안함, toString()=com.pcwk.ehr.UserVO@39b43d60]
[2022-06-08 11:25:40.226] DEBUG UserDaoImpl.doDelete(UserDaoImpl.java:268) - sql : 
 DELETE FROM hr_member 
 WHERE u_id = ?        

[2022-06-08 11:25:40.226] DEBUG UserDaoImpl.doDelete(UserDaoImpl.java:269) - =============================
[2022-06-08 11:25:40.226] DEBUG UserDaoImpl.doDelete(UserDaoImpl.java:274) - Object param : p07
[2022-06-08 11:25:41.696] DEBUG UserDaoImpl.doDelete(UserDaoImpl.java:278) - flag: 1
[2022-06-08 11:25:41.696] DEBUG UserDaoImpl.doDelete(UserDaoImpl.java:266) - =============================
[2022-06-08 11:25:41.696] DEBUG UserDaoImpl.doDelete(UserDaoImpl.java:267) - param :UserVO [level=BASIC, uId=p070, name=김주혜070, passwd=4321, login=50, recommend=10, email=joohea5943@naver.com, regDt=날짜_사용안함, toString()=com.pcwk.ehr.UserVO@7c209437]
[2022-06-08 11:25:41.697] DEBUG UserDaoImpl.doDelete(UserDaoImpl.java:268) - sql : 
 DELETE FROM hr_member 
 WHERE u_id = ?        

[2022-06-08 11:25:41.697] DEBUG UserDaoImpl.doDelete(UserDaoImpl.java:269) - =============================
[2022-06-08 11:25:41.697] DEBUG UserDaoImpl.doDelete(UserDaoImpl.java:274) - Object param : p070
[2022-06-08 11:25:41.938] DEBUG UserDaoImpl.doDelete(UserDaoImpl.java:278) - flag: 0
[2022-06-08 11:25:41.938] DEBUG UserDaoImpl.doDelete(UserDaoImpl.java:266) - =============================
[2022-06-08 11:25:41.939] DEBUG UserDaoImpl.doDelete(UserDaoImpl.java:267) - param :UserVO [level=SILVER, uId=p0700, name=김주혜0700, passwd=4321, login=51, recommend=29, email=joohea5943@naver.com, regDt=날짜_사용안함, toString()=com.pcwk.ehr.UserVO@f667fe]
[2022-06-08 11:25:41.939] DEBUG UserDaoImpl.doDelete(UserDaoImpl.java:268) - sql : 
 DELETE FROM hr_member 
 WHERE u_id = ?        

[2022-06-08 11:25:41.939] DEBUG UserDaoImpl.doDelete(UserDaoImpl.java:269) - =============================
[2022-06-08 11:25:41.939] DEBUG UserDaoImpl.doDelete(UserDaoImpl.java:274) - Object param : p0700
[2022-06-08 11:25:42.116] DEBUG UserDaoImpl.doDelete(UserDaoImpl.java:278) - flag: 0
[2022-06-08 11:25:42.116] DEBUG UserDaoImpl.doDelete(UserDaoImpl.java:266) - =============================
[2022-06-08 11:25:42.116] DEBUG UserDaoImpl.doDelete(UserDaoImpl.java:267) - param :UserVO [level=SILVER, uId=p07000, name=김주혜07000, passwd=4321, login=51, recommend=30, email=joohea5943@naver.com, regDt=날짜_사용안함, toString()=com.pcwk.ehr.UserVO@25e2a451]
[2022-06-08 11:25:42.116] DEBUG UserDaoImpl.doDelete(UserDaoImpl.java:268) - sql : 
 DELETE FROM hr_member 
 WHERE u_id = ?        

[2022-06-08 11:25:42.116] DEBUG UserDaoImpl.doDelete(UserDaoImpl.java:269) - =============================
[2022-06-08 11:25:42.117] DEBUG UserDaoImpl.doDelete(UserDaoImpl.java:274) - Object param : p07000
[2022-06-08 11:25:42.641] DEBUG UserDaoImpl.doDelete(UserDaoImpl.java:278) - flag: 0
[2022-06-08 11:25:42.641] DEBUG UserDaoImpl.doDelete(UserDaoImpl.java:266) - =============================
[2022-06-08 11:25:42.642] DEBUG UserDaoImpl.doDelete(UserDaoImpl.java:267) - param :UserVO [level=GOLD, uId=p070000, name=김주혜070000, passwd=4321, login=52, recommend=31, email=joohea5943@naver.com, regDt=날짜_사용안함, toString()=com.pcwk.ehr.UserVO@328cf0e1]
[2022-06-08 11:25:42.642] DEBUG UserDaoImpl.doDelete(UserDaoImpl.java:268) - sql : 
 DELETE FROM hr_member 
 WHERE u_id = ?        

[2022-06-08 11:25:42.643] DEBUG UserDaoImpl.doDelete(UserDaoImpl.java:269) - =============================
[2022-06-08 11:25:42.643] DEBUG UserDaoImpl.doDelete(UserDaoImpl.java:274) - Object param : p070000
[2022-06-08 11:25:42.823] DEBUG UserDaoImpl.doDelete(UserDaoImpl.java:278) - flag: 1
[2022-06-08 11:25:42.823] DEBUG UserDaoImpl.doInsert(UserDaoImpl.java:240) - =============================
[2022-06-08 11:25:42.823] DEBUG UserDaoImpl.doInsert(UserDaoImpl.java:241) - param :UserVO [level=BASIC, uId=p07, name=김주혜07, passwd=4321, login=49, recommend=0, email=joohea5943@naver.com, regDt=날짜_사용안함, toString()=com.pcwk.ehr.UserVO@39b43d60]
[2022-06-08 11:25:42.823] DEBUG UserDaoImpl.doInsert(UserDaoImpl.java:242) - sql : 
 INSERT INTO hr_member ( 
     u_id,               
     name,               
     passwd,             
		u_level,            
     login,              
     recommend,          
     email,	            
     reg_dt              
 ) VALUES (              
     ?,                  
     ?,                  
     ?,                  
     ?,                  
     ?,                  
     ?,                  
     ?,                  
     SYSDATE             
 )                       

[2022-06-08 11:25:42.823] DEBUG UserDaoImpl.doInsert(UserDaoImpl.java:243) - =============================
[2022-06-08 11:25:42.824] DEBUG UserDaoImpl.doInsert(UserDaoImpl.java:250) - Object param : p07
[2022-06-08 11:25:42.824] DEBUG UserDaoImpl.doInsert(UserDaoImpl.java:250) - Object param : 김주혜07
[2022-06-08 11:25:42.824] DEBUG UserDaoImpl.doInsert(UserDaoImpl.java:250) - Object param : 4321
[2022-06-08 11:25:42.824] DEBUG UserDaoImpl.doInsert(UserDaoImpl.java:250) - Object param : 1
[2022-06-08 11:25:42.824] DEBUG UserDaoImpl.doInsert(UserDaoImpl.java:250) - Object param : 49
[2022-06-08 11:25:42.824] DEBUG UserDaoImpl.doInsert(UserDaoImpl.java:250) - Object param : 0
[2022-06-08 11:25:42.824] DEBUG UserDaoImpl.doInsert(UserDaoImpl.java:250) - Object param : joohea5943@naver.com
[2022-06-08 11:25:43.001] DEBUG UserDaoImpl.doInsert(UserDaoImpl.java:254) - flag : 1
[2022-06-08 11:25:43.001] DEBUG UserDaoImpl.getCount(UserDaoImpl.java:133) - =============================
[2022-06-08 11:25:43.002] DEBUG UserDaoImpl.getCount(UserDaoImpl.java:134) - param : UserVO [level=BASIC, uId=p07, name=김주혜07, passwd=4321, login=49, recommend=0, email=joohea5943@naver.com, regDt=날짜_사용안함, toString()=com.pcwk.ehr.UserVO@39b43d60]
[2022-06-08 11:25:43.002] DEBUG UserDaoImpl.getCount(UserDaoImpl.java:135) - sql: 
  SELECT COUNT(*) AS cnt    
 FROM hr_member            
 WHERE u_id LIKE ?  || '%' 

[2022-06-08 11:25:43.002] DEBUG UserDaoImpl.getCount(UserDaoImpl.java:136) - =============================
[2022-06-08 11:25:43.002] DEBUG UserDaoImpl.getCount(UserDaoImpl.java:138) - Object param: p07
[2022-06-08 11:25:43.299] DEBUG UserDaoImpl.getCount(UserDaoImpl.java:141) - ====================
[2022-06-08 11:25:43.299] DEBUG UserDaoImpl.getCount(UserDaoImpl.java:142) - =count=1
[2022-06-08 11:25:43.299] DEBUG UserDaoImpl.getCount(UserDaoImpl.java:143) - ====================
[2022-06-08 11:25:43.299] DEBUG UserDaoImpl.doInsert(UserDaoImpl.java:240) - =============================
[2022-06-08 11:25:43.300] DEBUG UserDaoImpl.doInsert(UserDaoImpl.java:241) - param :UserVO [level=GOLD, uId=p070000, name=김주혜070000, passwd=4321, login=52, recommend=31, email=joohea5943@naver.com, regDt=날짜_사용안함, toString()=com.pcwk.ehr.UserVO@328cf0e1]
[2022-06-08 11:25:43.300] DEBUG UserDaoImpl.doInsert(UserDaoImpl.java:242) - sql : 
 INSERT INTO hr_member ( 
     u_id,               
     name,               
     passwd,             
		u_level,            
     login,              
     recommend,          
     email,	            
     reg_dt              
 ) VALUES (              
     ?,                  
     ?,                  
     ?,                  
     ?,                  
     ?,                  
     ?,                  
     ?,                  
     SYSDATE             
 )                       

[2022-06-08 11:25:43.300] DEBUG UserDaoImpl.doInsert(UserDaoImpl.java:243) - =============================
[2022-06-08 11:25:43.300] DEBUG UserDaoImpl.doInsert(UserDaoImpl.java:250) - Object param : p070000
[2022-06-08 11:25:43.300] DEBUG UserDaoImpl.doInsert(UserDaoImpl.java:250) - Object param : 김주혜070000
[2022-06-08 11:25:43.300] DEBUG UserDaoImpl.doInsert(UserDaoImpl.java:250) - Object param : 4321
[2022-06-08 11:25:43.300] DEBUG UserDaoImpl.doInsert(UserDaoImpl.java:250) - Object param : 3
[2022-06-08 11:25:43.300] DEBUG UserDaoImpl.doInsert(UserDaoImpl.java:250) - Object param : 52
[2022-06-08 11:25:43.301] DEBUG UserDaoImpl.doInsert(UserDaoImpl.java:250) - Object param : 31
[2022-06-08 11:25:43.301] DEBUG UserDaoImpl.doInsert(UserDaoImpl.java:250) - Object param : joohea5943@naver.com
[2022-06-08 11:25:43.485] DEBUG UserDaoImpl.doInsert(UserDaoImpl.java:254) - flag : 1
[2022-06-08 11:25:43.485] DEBUG UserDaoImpl.getCount(UserDaoImpl.java:133) - =============================
[2022-06-08 11:25:43.485] DEBUG UserDaoImpl.getCount(UserDaoImpl.java:134) - param : UserVO [level=BASIC, uId=p07, name=김주혜07, passwd=4321, login=49, recommend=0, email=joohea5943@naver.com, regDt=날짜_사용안함, toString()=com.pcwk.ehr.UserVO@39b43d60]
[2022-06-08 11:25:43.485] DEBUG UserDaoImpl.getCount(UserDaoImpl.java:135) - sql: 
  SELECT COUNT(*) AS cnt    
 FROM hr_member            
 WHERE u_id LIKE ?  || '%' 

[2022-06-08 11:25:43.485] DEBUG UserDaoImpl.getCount(UserDaoImpl.java:136) - =============================
[2022-06-08 11:25:43.485] DEBUG UserDaoImpl.getCount(UserDaoImpl.java:138) - Object param: p07
[2022-06-08 11:25:43.629] DEBUG UserDaoImpl.getCount(UserDaoImpl.java:141) - ====================
[2022-06-08 11:25:43.629] DEBUG UserDaoImpl.getCount(UserDaoImpl.java:142) - =count=2
[2022-06-08 11:25:43.630] DEBUG UserDaoImpl.getCount(UserDaoImpl.java:143) - ====================
[2022-06-08 11:25:43.630] DEBUG UserDaoImpl.doSelectOne(UserDaoImpl.java:184) - =============================
[2022-06-08 11:25:43.630] DEBUG UserDaoImpl.doSelectOne(UserDaoImpl.java:185) - param : UserVO [level=BASIC, uId=p07, name=김주혜07, passwd=4321, login=49, recommend=0, email=joohea5943@naver.com, regDt=날짜_사용안함, toString()=com.pcwk.ehr.UserVO@39b43d60]
[2022-06-08 11:25:43.630] DEBUG UserDaoImpl.doSelectOne(UserDaoImpl.java:186) - sql: 
  SELECT u_id,      
        name,      
        passwd,    
		   u_level,   
        login,     
        recommend, 
        email,	  
        TO_CHAR(reg_dt , 'yyyy-mm-dd hh24:mi:ss') AS reg_dt	 
 FROM hr_member 
 WHERE u_id = ? 

[2022-06-08 11:25:43.631] DEBUG UserDaoImpl.doSelectOne(UserDaoImpl.java:187) - =============================
[2022-06-08 11:25:43.631] DEBUG UserDaoImpl.doSelectOne(UserDaoImpl.java:190) - Object param : p07
[2022-06-08 11:25:43.789] DEBUG UserDaoImpl.doSelectOne(UserDaoImpl.java:199) - =============================
[2022-06-08 11:25:43.790] DEBUG UserDaoImpl.doSelectOne(UserDaoImpl.java:200) - =outVO=UserVO [level=BASIC, uId=p07, name=김주혜07, passwd=4321, login=49, recommend=0, email=joohea5943@naver.com, regDt=2022-06-08 11:25:40, toString()=com.pcwk.ehr.UserVO@5f59185e]
[2022-06-08 11:25:43.790] DEBUG UserDaoImpl.doSelectOne(UserDaoImpl.java:201) - =============================
[2022-06-08 11:25:43.790] DEBUG UserDaoImpl.doSelectOne(UserDaoImpl.java:184) - =============================
[2022-06-08 11:25:43.790] DEBUG UserDaoImpl.doSelectOne(UserDaoImpl.java:185) - param : UserVO [level=GOLD, uId=p070000, name=김주혜070000, passwd=4321, login=52, recommend=31, email=joohea5943@naver.com, regDt=날짜_사용안함, toString()=com.pcwk.ehr.UserVO@328cf0e1]
[2022-06-08 11:25:43.790] DEBUG UserDaoImpl.doSelectOne(UserDaoImpl.java:186) - sql: 
  SELECT u_id,      
        name,      
        passwd,    
		   u_level,   
        login,     
        recommend, 
        email,	  
        TO_CHAR(reg_dt , 'yyyy-mm-dd hh24:mi:ss') AS reg_dt	 
 FROM hr_member 
 WHERE u_id = ? 

[2022-06-08 11:25:43.790] DEBUG UserDaoImpl.doSelectOne(UserDaoImpl.java:187) - =============================
[2022-06-08 11:25:43.790] DEBUG UserDaoImpl.doSelectOne(UserDaoImpl.java:190) - Object param : p070000
[2022-06-08 11:25:43.967] DEBUG UserDaoImpl.doSelectOne(UserDaoImpl.java:199) - =============================
[2022-06-08 11:25:43.967] DEBUG UserDaoImpl.doSelectOne(UserDaoImpl.java:200) - =outVO=UserVO [level=GOLD, uId=p070000, name=김주혜070000, passwd=4321, login=52, recommend=31, email=joohea5943@naver.com, regDt=2022-06-08 11:25:41, toString()=com.pcwk.ehr.UserVO@51e4ccb3]
[2022-06-08 11:25:43.967] DEBUG UserDaoImpl.doSelectOne(UserDaoImpl.java:201) - =============================
[2022-06-08 12:19:01.617] INFO  AbstractTestContextBootstrapper.getDefaultTestExecutionListenerClassNames(AbstractTestContextBootstrapper.java:245) - Loaded default TestExecutionListener class names from location [META-INF/spring.factories]: [org.springframework.test.context.web.ServletTestExecutionListener, org.springframework.test.context.support.DirtiesContextBeforeModesTestExecutionListener, org.springframework.test.context.event.ApplicationEventsTestExecutionListener, org.springframework.test.context.support.DependencyInjectionTestExecutionListener, org.springframework.test.context.support.DirtiesContextTestExecutionListener, org.springframework.test.context.transaction.TransactionalTestExecutionListener, org.springframework.test.context.jdbc.SqlScriptsTestExecutionListener, org.springframework.test.context.event.EventPublishingTestExecutionListener]
[2022-06-08 12:19:01.626] INFO  AbstractTestContextBootstrapper.getTestExecutionListeners(AbstractTestContextBootstrapper.java:174) - Using TestExecutionListeners: [org.springframework.test.context.support.DirtiesContextBeforeModesTestExecutionListener@79079097, org.springframework.test.context.event.ApplicationEventsTestExecutionListener@4d1c00d0, org.springframework.test.context.support.DependencyInjectionTestExecutionListener@4b2bac3f, org.springframework.test.context.support.DirtiesContextTestExecutionListener@4e08711f, org.springframework.test.context.transaction.TransactionalTestExecutionListener@bcec361, org.springframework.test.context.jdbc.SqlScriptsTestExecutionListener@26794848, org.springframework.test.context.event.EventPublishingTestExecutionListener@302552ec]
[2022-06-08 12:19:01.875] DEBUG JunitUserServiceTest.setUp(JunitUserServiceTest.java:43) - =======================
[2022-06-08 12:19:01.875] DEBUG JunitUserServiceTest.setUp(JunitUserServiceTest.java:44) - =0. setUp()=
[2022-06-08 12:19:01.876] DEBUG JunitUserServiceTest.setUp(JunitUserServiceTest.java:45) - =======================
[2022-06-08 12:19:01.877] DEBUG JunitUserServiceTest.setUp(JunitUserServiceTest.java:61) - context:org.springframework.context.support.GenericApplicationContext@5c90e579, started on Wed Jun 08 12:19:01 KST 2022
[2022-06-08 12:19:01.878] DEBUG JunitUserServiceTest.setUp(JunitUserServiceTest.java:62) - userService:com.pcwk.ehr.UserServiceImpl@6f3187b0
[2022-06-08 12:19:01.878] DEBUG JunitUserServiceTest.setUp(JunitUserServiceTest.java:63) - dao:com.pcwk.ehr.UserDaoImpl@2663e964
[2022-06-08 12:19:01.878] DEBUG JunitUserServiceTest.add(JunitUserServiceTest.java:78) - =======================
[2022-06-08 12:19:01.879] DEBUG JunitUserServiceTest.add(JunitUserServiceTest.java:79) - =2. add()=
[2022-06-08 12:19:01.879] DEBUG JunitUserServiceTest.add(JunitUserServiceTest.java:80) - =======================
[2022-06-08 12:19:01.879] DEBUG UserDaoImpl.doDelete(UserDaoImpl.java:266) - =============================
[2022-06-08 12:19:01.879] DEBUG UserDaoImpl.doDelete(UserDaoImpl.java:267) - param :UserVO [level=BASIC, uId=p07, name=김주혜07, passwd=4321, login=49, recommend=0, email=joohea5943@naver.com, regDt=날짜_사용안함, toString()=com.pcwk.ehr.UserVO@39b43d60]
[2022-06-08 12:19:01.879] DEBUG UserDaoImpl.doDelete(UserDaoImpl.java:268) - sql : 
 DELETE FROM hr_member 
 WHERE u_id = ?        

[2022-06-08 12:19:01.879] DEBUG UserDaoImpl.doDelete(UserDaoImpl.java:269) - =============================
[2022-06-08 12:19:01.879] DEBUG UserDaoImpl.doDelete(UserDaoImpl.java:274) - Object param : p07
[2022-06-08 12:19:02.685] DEBUG UserDaoImpl.doDelete(UserDaoImpl.java:278) - flag: 1
[2022-06-08 12:19:02.686] DEBUG UserDaoImpl.doDelete(UserDaoImpl.java:266) - =============================
[2022-06-08 12:19:02.686] DEBUG UserDaoImpl.doDelete(UserDaoImpl.java:267) - param :UserVO [level=BASIC, uId=p070, name=김주혜070, passwd=4321, login=50, recommend=10, email=joohea5943@naver.com, regDt=날짜_사용안함, toString()=com.pcwk.ehr.UserVO@7c209437]
[2022-06-08 12:19:02.687] DEBUG UserDaoImpl.doDelete(UserDaoImpl.java:268) - sql : 
 DELETE FROM hr_member 
 WHERE u_id = ?        

[2022-06-08 12:19:02.687] DEBUG UserDaoImpl.doDelete(UserDaoImpl.java:269) - =============================
[2022-06-08 12:19:02.687] DEBUG UserDaoImpl.doDelete(UserDaoImpl.java:274) - Object param : p070
[2022-06-08 12:19:03.925] DEBUG UserDaoImpl.doDelete(UserDaoImpl.java:278) - flag: 0
[2022-06-08 12:19:03.926] DEBUG UserDaoImpl.doDelete(UserDaoImpl.java:266) - =============================
[2022-06-08 12:19:03.926] DEBUG UserDaoImpl.doDelete(UserDaoImpl.java:267) - param :UserVO [level=SILVER, uId=p0700, name=김주혜0700, passwd=4321, login=51, recommend=29, email=joohea5943@naver.com, regDt=날짜_사용안함, toString()=com.pcwk.ehr.UserVO@f667fe]
[2022-06-08 12:19:03.926] DEBUG UserDaoImpl.doDelete(UserDaoImpl.java:268) - sql : 
 DELETE FROM hr_member 
 WHERE u_id = ?        

[2022-06-08 12:19:03.927] DEBUG UserDaoImpl.doDelete(UserDaoImpl.java:269) - =============================
[2022-06-08 12:19:03.927] DEBUG UserDaoImpl.doDelete(UserDaoImpl.java:274) - Object param : p0700
[2022-06-08 12:19:04.310] DEBUG UserDaoImpl.doDelete(UserDaoImpl.java:278) - flag: 0
[2022-06-08 12:19:04.311] DEBUG UserDaoImpl.doDelete(UserDaoImpl.java:266) - =============================
[2022-06-08 12:19:04.311] DEBUG UserDaoImpl.doDelete(UserDaoImpl.java:267) - param :UserVO [level=SILVER, uId=p07000, name=김주혜07000, passwd=4321, login=51, recommend=30, email=joohea5943@naver.com, regDt=날짜_사용안함, toString()=com.pcwk.ehr.UserVO@25e2a451]
[2022-06-08 12:19:04.312] DEBUG UserDaoImpl.doDelete(UserDaoImpl.java:268) - sql : 
 DELETE FROM hr_member 
 WHERE u_id = ?        

[2022-06-08 12:19:04.312] DEBUG UserDaoImpl.doDelete(UserDaoImpl.java:269) - =============================
[2022-06-08 12:19:04.312] DEBUG UserDaoImpl.doDelete(UserDaoImpl.java:274) - Object param : p07000
[2022-06-08 12:19:04.673] DEBUG UserDaoImpl.doDelete(UserDaoImpl.java:278) - flag: 0
[2022-06-08 12:19:04.674] DEBUG UserDaoImpl.doDelete(UserDaoImpl.java:266) - =============================
[2022-06-08 12:19:04.674] DEBUG UserDaoImpl.doDelete(UserDaoImpl.java:267) - param :UserVO [level=GOLD, uId=p070000, name=김주혜070000, passwd=4321, login=52, recommend=31, email=joohea5943@naver.com, regDt=날짜_사용안함, toString()=com.pcwk.ehr.UserVO@328cf0e1]
[2022-06-08 12:19:04.675] DEBUG UserDaoImpl.doDelete(UserDaoImpl.java:268) - sql : 
 DELETE FROM hr_member 
 WHERE u_id = ?        

[2022-06-08 12:19:04.675] DEBUG UserDaoImpl.doDelete(UserDaoImpl.java:269) - =============================
[2022-06-08 12:19:04.675] DEBUG UserDaoImpl.doDelete(UserDaoImpl.java:274) - Object param : p070000
[2022-06-08 12:19:04.986] DEBUG UserDaoImpl.doDelete(UserDaoImpl.java:278) - flag: 1
[2022-06-08 12:19:04.987] DEBUG UserDaoImpl.doInsert(UserDaoImpl.java:240) - =============================
[2022-06-08 12:19:04.987] DEBUG UserDaoImpl.doInsert(UserDaoImpl.java:241) - param :UserVO [level=BASIC, uId=p07, name=김주혜07, passwd=4321, login=49, recommend=0, email=joohea5943@naver.com, regDt=날짜_사용안함, toString()=com.pcwk.ehr.UserVO@39b43d60]
[2022-06-08 12:19:04.988] DEBUG UserDaoImpl.doInsert(UserDaoImpl.java:242) - sql : 
 INSERT INTO hr_member ( 
     u_id,               
     name,               
     passwd,             
		u_level,            
     login,              
     recommend,          
     email,	            
     reg_dt              
 ) VALUES (              
     ?,                  
     ?,                  
     ?,                  
     ?,                  
     ?,                  
     ?,                  
     ?,                  
     SYSDATE             
 )                       

[2022-06-08 12:19:04.988] DEBUG UserDaoImpl.doInsert(UserDaoImpl.java:243) - =============================
[2022-06-08 12:19:04.989] DEBUG UserDaoImpl.doInsert(UserDaoImpl.java:250) - Object param : p07
[2022-06-08 12:19:04.989] DEBUG UserDaoImpl.doInsert(UserDaoImpl.java:250) - Object param : 김주혜07
[2022-06-08 12:19:04.989] DEBUG UserDaoImpl.doInsert(UserDaoImpl.java:250) - Object param : 4321
[2022-06-08 12:19:04.990] DEBUG UserDaoImpl.doInsert(UserDaoImpl.java:250) - Object param : 1
[2022-06-08 12:19:04.990] DEBUG UserDaoImpl.doInsert(UserDaoImpl.java:250) - Object param : 49
[2022-06-08 12:19:04.991] DEBUG UserDaoImpl.doInsert(UserDaoImpl.java:250) - Object param : 0
[2022-06-08 12:19:04.991] DEBUG UserDaoImpl.doInsert(UserDaoImpl.java:250) - Object param : joohea5943@naver.com
[2022-06-08 12:19:05.217] DEBUG UserDaoImpl.doInsert(UserDaoImpl.java:254) - flag : 1
[2022-06-08 12:19:05.217] DEBUG UserDaoImpl.getCount(UserDaoImpl.java:133) - =============================
[2022-06-08 12:19:05.218] DEBUG UserDaoImpl.getCount(UserDaoImpl.java:134) - param : UserVO [level=BASIC, uId=p07, name=김주혜07, passwd=4321, login=49, recommend=0, email=joohea5943@naver.com, regDt=날짜_사용안함, toString()=com.pcwk.ehr.UserVO@39b43d60]
[2022-06-08 12:19:05.218] DEBUG UserDaoImpl.getCount(UserDaoImpl.java:135) - sql: 
  SELECT COUNT(*) AS cnt    
 FROM hr_member            
 WHERE u_id LIKE ?  || '%' 

[2022-06-08 12:19:05.218] DEBUG UserDaoImpl.getCount(UserDaoImpl.java:136) - =============================
[2022-06-08 12:19:05.219] DEBUG UserDaoImpl.getCount(UserDaoImpl.java:138) - Object param: p07
[2022-06-08 12:19:05.507] DEBUG UserDaoImpl.getCount(UserDaoImpl.java:141) - ====================
[2022-06-08 12:19:05.507] DEBUG UserDaoImpl.getCount(UserDaoImpl.java:142) - =count=1
[2022-06-08 12:19:05.507] DEBUG UserDaoImpl.getCount(UserDaoImpl.java:143) - ====================
[2022-06-08 12:19:05.508] DEBUG UserDaoImpl.doInsert(UserDaoImpl.java:240) - =============================
[2022-06-08 12:19:05.508] DEBUG UserDaoImpl.doInsert(UserDaoImpl.java:241) - param :UserVO [level=GOLD, uId=p070000, name=김주혜070000, passwd=4321, login=52, recommend=31, email=joohea5943@naver.com, regDt=날짜_사용안함, toString()=com.pcwk.ehr.UserVO@328cf0e1]
[2022-06-08 12:19:05.508] DEBUG UserDaoImpl.doInsert(UserDaoImpl.java:242) - sql : 
 INSERT INTO hr_member ( 
     u_id,               
     name,               
     passwd,             
		u_level,            
     login,              
     recommend,          
     email,	            
     reg_dt              
 ) VALUES (              
     ?,                  
     ?,                  
     ?,                  
     ?,                  
     ?,                  
     ?,                  
     ?,                  
     SYSDATE             
 )                       

[2022-06-08 12:19:05.508] DEBUG UserDaoImpl.doInsert(UserDaoImpl.java:243) - =============================
[2022-06-08 12:19:05.508] DEBUG UserDaoImpl.doInsert(UserDaoImpl.java:250) - Object param : p070000
[2022-06-08 12:19:05.508] DEBUG UserDaoImpl.doInsert(UserDaoImpl.java:250) - Object param : 김주혜070000
[2022-06-08 12:19:05.508] DEBUG UserDaoImpl.doInsert(UserDaoImpl.java:250) - Object param : 4321
[2022-06-08 12:19:05.508] DEBUG UserDaoImpl.doInsert(UserDaoImpl.java:250) - Object param : 3
[2022-06-08 12:19:05.509] DEBUG UserDaoImpl.doInsert(UserDaoImpl.java:250) - Object param : 52
[2022-06-08 12:19:05.509] DEBUG UserDaoImpl.doInsert(UserDaoImpl.java:250) - Object param : 31
[2022-06-08 12:19:05.509] DEBUG UserDaoImpl.doInsert(UserDaoImpl.java:250) - Object param : joohea5943@naver.com
[2022-06-08 12:19:05.757] DEBUG UserDaoImpl.doInsert(UserDaoImpl.java:254) - flag : 1
[2022-06-08 12:19:05.757] DEBUG UserDaoImpl.getCount(UserDaoImpl.java:133) - =============================
[2022-06-08 12:19:05.757] DEBUG UserDaoImpl.getCount(UserDaoImpl.java:134) - param : UserVO [level=BASIC, uId=p07, name=김주혜07, passwd=4321, login=49, recommend=0, email=joohea5943@naver.com, regDt=날짜_사용안함, toString()=com.pcwk.ehr.UserVO@39b43d60]
[2022-06-08 12:19:05.757] DEBUG UserDaoImpl.getCount(UserDaoImpl.java:135) - sql: 
  SELECT COUNT(*) AS cnt    
 FROM hr_member            
 WHERE u_id LIKE ?  || '%' 

[2022-06-08 12:19:05.758] DEBUG UserDaoImpl.getCount(UserDaoImpl.java:136) - =============================
[2022-06-08 12:19:05.758] DEBUG UserDaoImpl.getCount(UserDaoImpl.java:138) - Object param: p07
[2022-06-08 12:19:05.923] DEBUG UserDaoImpl.getCount(UserDaoImpl.java:141) - ====================
[2022-06-08 12:19:05.924] DEBUG UserDaoImpl.getCount(UserDaoImpl.java:142) - =count=2
[2022-06-08 12:19:05.924] DEBUG UserDaoImpl.getCount(UserDaoImpl.java:143) - ====================
[2022-06-08 12:19:05.924] DEBUG UserDaoImpl.doSelectOne(UserDaoImpl.java:184) - =============================
[2022-06-08 12:19:05.925] DEBUG UserDaoImpl.doSelectOne(UserDaoImpl.java:185) - param : UserVO [level=BASIC, uId=p07, name=김주혜07, passwd=4321, login=49, recommend=0, email=joohea5943@naver.com, regDt=날짜_사용안함, toString()=com.pcwk.ehr.UserVO@39b43d60]
[2022-06-08 12:19:05.925] DEBUG UserDaoImpl.doSelectOne(UserDaoImpl.java:186) - sql: 
  SELECT u_id,      
        name,      
        passwd,    
		   u_level,   
        login,     
        recommend, 
        email,	  
        TO_CHAR(reg_dt , 'yyyy-mm-dd hh24:mi:ss') AS reg_dt	 
 FROM hr_member 
 WHERE u_id = ? 

[2022-06-08 12:19:05.925] DEBUG UserDaoImpl.doSelectOne(UserDaoImpl.java:187) - =============================
[2022-06-08 12:19:05.926] DEBUG UserDaoImpl.doSelectOne(UserDaoImpl.java:190) - Object param : p07
[2022-06-08 12:19:06.198] DEBUG UserDaoImpl.doSelectOne(UserDaoImpl.java:199) - =============================
[2022-06-08 12:19:06.198] DEBUG UserDaoImpl.doSelectOne(UserDaoImpl.java:200) - =outVO=UserVO [level=BASIC, uId=p07, name=김주혜07, passwd=4321, login=49, recommend=0, email=joohea5943@naver.com, regDt=2022-06-08 12:19:03, toString()=com.pcwk.ehr.UserVO@5f59185e]
[2022-06-08 12:19:06.199] DEBUG UserDaoImpl.doSelectOne(UserDaoImpl.java:201) - =============================
[2022-06-08 12:19:06.199] DEBUG UserDaoImpl.doSelectOne(UserDaoImpl.java:184) - =============================
[2022-06-08 12:19:06.200] DEBUG UserDaoImpl.doSelectOne(UserDaoImpl.java:185) - param : UserVO [level=GOLD, uId=p070000, name=김주혜070000, passwd=4321, login=52, recommend=31, email=joohea5943@naver.com, regDt=날짜_사용안함, toString()=com.pcwk.ehr.UserVO@328cf0e1]
[2022-06-08 12:19:06.200] DEBUG UserDaoImpl.doSelectOne(UserDaoImpl.java:186) - sql: 
  SELECT u_id,      
        name,      
        passwd,    
		   u_level,   
        login,     
        recommend, 
        email,	  
        TO_CHAR(reg_dt , 'yyyy-mm-dd hh24:mi:ss') AS reg_dt	 
 FROM hr_member 
 WHERE u_id = ? 

[2022-06-08 12:19:06.200] DEBUG UserDaoImpl.doSelectOne(UserDaoImpl.java:187) - =============================
[2022-06-08 12:19:06.200] DEBUG UserDaoImpl.doSelectOne(UserDaoImpl.java:190) - Object param : p070000
[2022-06-08 12:19:06.376] DEBUG UserDaoImpl.doSelectOne(UserDaoImpl.java:199) - =============================
[2022-06-08 12:19:06.376] DEBUG UserDaoImpl.doSelectOne(UserDaoImpl.java:200) - =outVO=UserVO [level=GOLD, uId=p070000, name=김주혜070000, passwd=4321, login=52, recommend=31, email=joohea5943@naver.com, regDt=2022-06-08 12:19:03, toString()=com.pcwk.ehr.UserVO@51e4ccb3]
[2022-06-08 12:19:06.377] DEBUG UserDaoImpl.doSelectOne(UserDaoImpl.java:201) - =============================
[2022-06-08 12:21:52.406] INFO  AbstractTestContextBootstrapper.getDefaultTestExecutionListenerClassNames(AbstractTestContextBootstrapper.java:245) - Loaded default TestExecutionListener class names from location [META-INF/spring.factories]: [org.springframework.test.context.web.ServletTestExecutionListener, org.springframework.test.context.support.DirtiesContextBeforeModesTestExecutionListener, org.springframework.test.context.event.ApplicationEventsTestExecutionListener, org.springframework.test.context.support.DependencyInjectionTestExecutionListener, org.springframework.test.context.support.DirtiesContextTestExecutionListener, org.springframework.test.context.transaction.TransactionalTestExecutionListener, org.springframework.test.context.jdbc.SqlScriptsTestExecutionListener, org.springframework.test.context.event.EventPublishingTestExecutionListener]
[2022-06-08 12:21:52.415] INFO  AbstractTestContextBootstrapper.getTestExecutionListeners(AbstractTestContextBootstrapper.java:174) - Using TestExecutionListeners: [org.springframework.test.context.support.DirtiesContextBeforeModesTestExecutionListener@79079097, org.springframework.test.context.event.ApplicationEventsTestExecutionListener@4d1c00d0, org.springframework.test.context.support.DependencyInjectionTestExecutionListener@4b2bac3f, org.springframework.test.context.support.DirtiesContextTestExecutionListener@4e08711f, org.springframework.test.context.transaction.TransactionalTestExecutionListener@bcec361, org.springframework.test.context.jdbc.SqlScriptsTestExecutionListener@26794848, org.springframework.test.context.event.EventPublishingTestExecutionListener@302552ec]
[2022-06-08 12:21:52.660] DEBUG JunitUserServiceTest.setUp(JunitUserServiceTest.java:43) - =======================
[2022-06-08 12:21:52.661] DEBUG JunitUserServiceTest.setUp(JunitUserServiceTest.java:44) - =0. setUp()=
[2022-06-08 12:21:52.661] DEBUG JunitUserServiceTest.setUp(JunitUserServiceTest.java:45) - =======================
[2022-06-08 12:21:52.663] DEBUG JunitUserServiceTest.setUp(JunitUserServiceTest.java:61) - context:org.springframework.context.support.GenericApplicationContext@5c90e579, started on Wed Jun 08 12:21:52 KST 2022
[2022-06-08 12:21:52.663] DEBUG JunitUserServiceTest.setUp(JunitUserServiceTest.java:62) - userService:com.pcwk.ehr.UserServiceImpl@6f3187b0
[2022-06-08 12:21:52.663] DEBUG JunitUserServiceTest.setUp(JunitUserServiceTest.java:63) - dao:com.pcwk.ehr.UserDaoImpl@2663e964
[2022-06-08 12:21:52.664] DEBUG JunitUserServiceTest.add(JunitUserServiceTest.java:78) - =======================
[2022-06-08 12:21:52.664] DEBUG JunitUserServiceTest.add(JunitUserServiceTest.java:79) - =2. add()=
[2022-06-08 12:21:52.664] DEBUG JunitUserServiceTest.add(JunitUserServiceTest.java:80) - =======================
[2022-06-08 12:21:52.664] DEBUG UserDaoImpl.doDelete(UserDaoImpl.java:266) - =============================
[2022-06-08 12:21:52.664] DEBUG UserDaoImpl.doDelete(UserDaoImpl.java:267) - param :UserVO [level=BASIC, uId=p07, name=김주혜07, passwd=4321, login=49, recommend=0, email=joohea5943@naver.com, regDt=날짜_사용안함, toString()=com.pcwk.ehr.UserVO@39b43d60]
[2022-06-08 12:21:52.665] DEBUG UserDaoImpl.doDelete(UserDaoImpl.java:268) - sql : 
 DELETE FROM hr_member 
 WHERE u_id = ?        

[2022-06-08 12:21:52.665] DEBUG UserDaoImpl.doDelete(UserDaoImpl.java:269) - =============================
[2022-06-08 12:21:52.665] DEBUG UserDaoImpl.doDelete(UserDaoImpl.java:274) - Object param : p07
[2022-06-08 12:21:53.804] DEBUG UserDaoImpl.doDelete(UserDaoImpl.java:278) - flag: 1
[2022-06-08 12:21:53.804] DEBUG UserDaoImpl.doDelete(UserDaoImpl.java:266) - =============================
[2022-06-08 12:21:53.805] DEBUG UserDaoImpl.doDelete(UserDaoImpl.java:267) - param :UserVO [level=BASIC, uId=p070, name=김주혜070, passwd=4321, login=50, recommend=10, email=joohea5943@naver.com, regDt=날짜_사용안함, toString()=com.pcwk.ehr.UserVO@7c209437]
[2022-06-08 12:21:53.805] DEBUG UserDaoImpl.doDelete(UserDaoImpl.java:268) - sql : 
 DELETE FROM hr_member 
 WHERE u_id = ?        

[2022-06-08 12:21:53.805] DEBUG UserDaoImpl.doDelete(UserDaoImpl.java:269) - =============================
[2022-06-08 12:21:53.805] DEBUG UserDaoImpl.doDelete(UserDaoImpl.java:274) - Object param : p070
[2022-06-08 12:21:54.593] DEBUG UserDaoImpl.doDelete(UserDaoImpl.java:278) - flag: 0
[2022-06-08 12:21:54.593] DEBUG UserDaoImpl.doDelete(UserDaoImpl.java:266) - =============================
[2022-06-08 12:21:54.594] DEBUG UserDaoImpl.doDelete(UserDaoImpl.java:267) - param :UserVO [level=SILVER, uId=p0700, name=김주혜0700, passwd=4321, login=51, recommend=29, email=joohea5943@naver.com, regDt=날짜_사용안함, toString()=com.pcwk.ehr.UserVO@f667fe]
[2022-06-08 12:21:54.594] DEBUG UserDaoImpl.doDelete(UserDaoImpl.java:268) - sql : 
 DELETE FROM hr_member 
 WHERE u_id = ?        

[2022-06-08 12:21:54.595] DEBUG UserDaoImpl.doDelete(UserDaoImpl.java:269) - =============================
[2022-06-08 12:21:54.595] DEBUG UserDaoImpl.doDelete(UserDaoImpl.java:274) - Object param : p0700
[2022-06-08 12:21:55.723] DEBUG UserDaoImpl.doDelete(UserDaoImpl.java:278) - flag: 0
[2022-06-08 12:21:55.724] DEBUG UserDaoImpl.doDelete(UserDaoImpl.java:266) - =============================
[2022-06-08 12:21:55.724] DEBUG UserDaoImpl.doDelete(UserDaoImpl.java:267) - param :UserVO [level=SILVER, uId=p07000, name=김주혜07000, passwd=4321, login=51, recommend=30, email=joohea5943@naver.com, regDt=날짜_사용안함, toString()=com.pcwk.ehr.UserVO@25e2a451]
[2022-06-08 12:21:55.724] DEBUG UserDaoImpl.doDelete(UserDaoImpl.java:268) - sql : 
 DELETE FROM hr_member 
 WHERE u_id = ?        

[2022-06-08 12:21:55.725] DEBUG UserDaoImpl.doDelete(UserDaoImpl.java:269) - =============================
[2022-06-08 12:21:55.725] DEBUG UserDaoImpl.doDelete(UserDaoImpl.java:274) - Object param : p07000
[2022-06-08 12:21:55.901] DEBUG UserDaoImpl.doDelete(UserDaoImpl.java:278) - flag: 0
[2022-06-08 12:21:55.901] DEBUG UserDaoImpl.doDelete(UserDaoImpl.java:266) - =============================
[2022-06-08 12:21:55.901] DEBUG UserDaoImpl.doDelete(UserDaoImpl.java:267) - param :UserVO [level=GOLD, uId=p070000, name=김주혜070000, passwd=4321, login=52, recommend=31, email=joohea5943@naver.com, regDt=날짜_사용안함, toString()=com.pcwk.ehr.UserVO@328cf0e1]
[2022-06-08 12:21:55.901] DEBUG UserDaoImpl.doDelete(UserDaoImpl.java:268) - sql : 
 DELETE FROM hr_member 
 WHERE u_id = ?        

[2022-06-08 12:21:55.902] DEBUG UserDaoImpl.doDelete(UserDaoImpl.java:269) - =============================
[2022-06-08 12:21:55.902] DEBUG UserDaoImpl.doDelete(UserDaoImpl.java:274) - Object param : p070000
[2022-06-08 12:21:56.297] DEBUG UserDaoImpl.doDelete(UserDaoImpl.java:278) - flag: 1
[2022-06-08 12:21:56.298] DEBUG UserDaoImpl.doInsert(UserDaoImpl.java:240) - =============================
[2022-06-08 12:21:56.298] DEBUG UserDaoImpl.doInsert(UserDaoImpl.java:241) - param :UserVO [level=BASIC, uId=p07, name=김주혜07, passwd=4321, login=49, recommend=0, email=joohea5943@naver.com, regDt=날짜_사용안함, toString()=com.pcwk.ehr.UserVO@39b43d60]
[2022-06-08 12:21:56.299] DEBUG UserDaoImpl.doInsert(UserDaoImpl.java:242) - sql : 
 INSERT INTO hr_member ( 
     u_id,               
     name,               
     passwd,             
		u_level,            
     login,              
     recommend,          
     email,	            
     reg_dt              
 ) VALUES (              
     ?,                  
     ?,                  
     ?,                  
     ?,                  
     ?,                  
     ?,                  
     ?,                  
     SYSDATE             
 )                       

[2022-06-08 12:21:56.299] DEBUG UserDaoImpl.doInsert(UserDaoImpl.java:243) - =============================
[2022-06-08 12:21:56.300] DEBUG UserDaoImpl.doInsert(UserDaoImpl.java:250) - Object param : p07
[2022-06-08 12:21:56.300] DEBUG UserDaoImpl.doInsert(UserDaoImpl.java:250) - Object param : 김주혜07
[2022-06-08 12:21:56.300] DEBUG UserDaoImpl.doInsert(UserDaoImpl.java:250) - Object param : 4321
[2022-06-08 12:21:56.301] DEBUG UserDaoImpl.doInsert(UserDaoImpl.java:250) - Object param : 1
[2022-06-08 12:21:56.301] DEBUG UserDaoImpl.doInsert(UserDaoImpl.java:250) - Object param : 49
[2022-06-08 12:21:56.301] DEBUG UserDaoImpl.doInsert(UserDaoImpl.java:250) - Object param : 0
[2022-06-08 12:21:56.302] DEBUG UserDaoImpl.doInsert(UserDaoImpl.java:250) - Object param : joohea5943@naver.com
[2022-06-08 12:21:56.691] DEBUG UserDaoImpl.doInsert(UserDaoImpl.java:254) - flag : 1
[2022-06-08 12:21:56.691] DEBUG UserDaoImpl.getCount(UserDaoImpl.java:133) - =============================
[2022-06-08 12:21:56.692] DEBUG UserDaoImpl.getCount(UserDaoImpl.java:134) - param : UserVO [level=BASIC, uId=p07, name=김주혜07, passwd=4321, login=49, recommend=0, email=joohea5943@naver.com, regDt=날짜_사용안함, toString()=com.pcwk.ehr.UserVO@39b43d60]
[2022-06-08 12:21:56.692] DEBUG UserDaoImpl.getCount(UserDaoImpl.java:135) - sql: 
  SELECT COUNT(*) AS cnt    
 FROM hr_member            
 WHERE u_id LIKE ?  || '%' 

[2022-06-08 12:21:56.692] DEBUG UserDaoImpl.getCount(UserDaoImpl.java:136) - =============================
[2022-06-08 12:21:56.692] DEBUG UserDaoImpl.getCount(UserDaoImpl.java:138) - Object param: p07
[2022-06-08 12:21:56.900] DEBUG UserDaoImpl.getCount(UserDaoImpl.java:141) - ====================
[2022-06-08 12:21:56.900] DEBUG UserDaoImpl.getCount(UserDaoImpl.java:142) - =count=1
[2022-06-08 12:21:56.901] DEBUG UserDaoImpl.getCount(UserDaoImpl.java:143) - ====================
[2022-06-08 12:21:56.901] DEBUG UserDaoImpl.doInsert(UserDaoImpl.java:240) - =============================
[2022-06-08 12:21:56.901] DEBUG UserDaoImpl.doInsert(UserDaoImpl.java:241) - param :UserVO [level=GOLD, uId=p070000, name=김주혜070000, passwd=4321, login=52, recommend=31, email=joohea5943@naver.com, regDt=날짜_사용안함, toString()=com.pcwk.ehr.UserVO@328cf0e1]
[2022-06-08 12:21:56.901] DEBUG UserDaoImpl.doInsert(UserDaoImpl.java:242) - sql : 
 INSERT INTO hr_member ( 
     u_id,               
     name,               
     passwd,             
		u_level,            
     login,              
     recommend,          
     email,	            
     reg_dt              
 ) VALUES (              
     ?,                  
     ?,                  
     ?,                  
     ?,                  
     ?,                  
     ?,                  
     ?,                  
     SYSDATE             
 )                       

[2022-06-08 12:21:56.901] DEBUG UserDaoImpl.doInsert(UserDaoImpl.java:243) - =============================
[2022-06-08 12:21:56.901] DEBUG UserDaoImpl.doInsert(UserDaoImpl.java:250) - Object param : p070000
[2022-06-08 12:21:56.901] DEBUG UserDaoImpl.doInsert(UserDaoImpl.java:250) - Object param : 김주혜070000
[2022-06-08 12:21:56.902] DEBUG UserDaoImpl.doInsert(UserDaoImpl.java:250) - Object param : 4321
[2022-06-08 12:21:56.902] DEBUG UserDaoImpl.doInsert(UserDaoImpl.java:250) - Object param : 3
[2022-06-08 12:21:56.902] DEBUG UserDaoImpl.doInsert(UserDaoImpl.java:250) - Object param : 52
[2022-06-08 12:21:56.902] DEBUG UserDaoImpl.doInsert(UserDaoImpl.java:250) - Object param : 31
[2022-06-08 12:21:56.902] DEBUG UserDaoImpl.doInsert(UserDaoImpl.java:250) - Object param : joohea5943@naver.com
[2022-06-08 12:21:57.070] DEBUG UserDaoImpl.doInsert(UserDaoImpl.java:254) - flag : 1
[2022-06-08 12:21:57.070] DEBUG UserDaoImpl.getCount(UserDaoImpl.java:133) - =============================
[2022-06-08 12:21:57.071] DEBUG UserDaoImpl.getCount(UserDaoImpl.java:134) - param : UserVO [level=BASIC, uId=p07, name=김주혜07, passwd=4321, login=49, recommend=0, email=joohea5943@naver.com, regDt=날짜_사용안함, toString()=com.pcwk.ehr.UserVO@39b43d60]
[2022-06-08 12:21:57.071] DEBUG UserDaoImpl.getCount(UserDaoImpl.java:135) - sql: 
  SELECT COUNT(*) AS cnt    
 FROM hr_member            
 WHERE u_id LIKE ?  || '%' 

[2022-06-08 12:21:57.071] DEBUG UserDaoImpl.getCount(UserDaoImpl.java:136) - =============================
[2022-06-08 12:21:57.071] DEBUG UserDaoImpl.getCount(UserDaoImpl.java:138) - Object param: p07
[2022-06-08 12:21:57.220] DEBUG UserDaoImpl.getCount(UserDaoImpl.java:141) - ====================
[2022-06-08 12:21:57.221] DEBUG UserDaoImpl.getCount(UserDaoImpl.java:142) - =count=2
[2022-06-08 12:21:57.221] DEBUG UserDaoImpl.getCount(UserDaoImpl.java:143) - ====================
[2022-06-08 12:21:57.221] DEBUG UserDaoImpl.doSelectOne(UserDaoImpl.java:184) - =============================
[2022-06-08 12:21:57.221] DEBUG UserDaoImpl.doSelectOne(UserDaoImpl.java:185) - param : UserVO [level=BASIC, uId=p07, name=김주혜07, passwd=4321, login=49, recommend=0, email=joohea5943@naver.com, regDt=날짜_사용안함, toString()=com.pcwk.ehr.UserVO@39b43d60]
[2022-06-08 12:21:57.221] DEBUG UserDaoImpl.doSelectOne(UserDaoImpl.java:186) - sql: 
  SELECT u_id,      
        name,      
        passwd,    
		   u_level,   
        login,     
        recommend, 
        email,	  
        TO_CHAR(reg_dt , 'yyyy-mm-dd hh24:mi:ss') AS reg_dt	 
 FROM hr_member 
 WHERE u_id = ? 

[2022-06-08 12:21:57.221] DEBUG UserDaoImpl.doSelectOne(UserDaoImpl.java:187) - =============================
[2022-06-08 12:21:57.221] DEBUG UserDaoImpl.doSelectOne(UserDaoImpl.java:190) - Object param : p07
[2022-06-08 12:21:57.358] DEBUG UserDaoImpl.doSelectOne(UserDaoImpl.java:199) - =============================
[2022-06-08 12:21:57.358] DEBUG UserDaoImpl.doSelectOne(UserDaoImpl.java:200) - =outVO=UserVO [level=BASIC, uId=p07, name=김주혜07, passwd=4321, login=49, recommend=0, email=joohea5943@naver.com, regDt=2022-06-08 12:21:54, toString()=com.pcwk.ehr.UserVO@5f59185e]
[2022-06-08 12:21:57.358] DEBUG UserDaoImpl.doSelectOne(UserDaoImpl.java:201) - =============================
[2022-06-08 12:21:57.358] DEBUG UserDaoImpl.doSelectOne(UserDaoImpl.java:184) - =============================
[2022-06-08 12:21:57.358] DEBUG UserDaoImpl.doSelectOne(UserDaoImpl.java:185) - param : UserVO [level=GOLD, uId=p070000, name=김주혜070000, passwd=4321, login=52, recommend=31, email=joohea5943@naver.com, regDt=날짜_사용안함, toString()=com.pcwk.ehr.UserVO@328cf0e1]
[2022-06-08 12:21:57.359] DEBUG UserDaoImpl.doSelectOne(UserDaoImpl.java:186) - sql: 
  SELECT u_id,      
        name,      
        passwd,    
		   u_level,   
        login,     
        recommend, 
        email,	  
        TO_CHAR(reg_dt , 'yyyy-mm-dd hh24:mi:ss') AS reg_dt	 
 FROM hr_member 
 WHERE u_id = ? 

[2022-06-08 12:21:57.359] DEBUG UserDaoImpl.doSelectOne(UserDaoImpl.java:187) - =============================
[2022-06-08 12:21:57.359] DEBUG UserDaoImpl.doSelectOne(UserDaoImpl.java:190) - Object param : p070000
[2022-06-08 12:21:57.598] DEBUG UserDaoImpl.doSelectOne(UserDaoImpl.java:199) - =============================
[2022-06-08 12:21:57.599] DEBUG UserDaoImpl.doSelectOne(UserDaoImpl.java:200) - =outVO=UserVO [level=GOLD, uId=p070000, name=김주혜070000, passwd=4321, login=52, recommend=31, email=joohea5943@naver.com, regDt=2022-06-08 12:21:54, toString()=com.pcwk.ehr.UserVO@51e4ccb3]
[2022-06-08 12:21:57.599] DEBUG UserDaoImpl.doSelectOne(UserDaoImpl.java:201) - =============================
[2022-06-08 14:12:51.520] INFO  AbstractTestContextBootstrapper.getDefaultTestExecutionListenerClassNames(AbstractTestContextBootstrapper.java:245) - Loaded default TestExecutionListener class names from location [META-INF/spring.factories]: [org.springframework.test.context.web.ServletTestExecutionListener, org.springframework.test.context.support.DirtiesContextBeforeModesTestExecutionListener, org.springframework.test.context.event.ApplicationEventsTestExecutionListener, org.springframework.test.context.support.DependencyInjectionTestExecutionListener, org.springframework.test.context.support.DirtiesContextTestExecutionListener, org.springframework.test.context.transaction.TransactionalTestExecutionListener, org.springframework.test.context.jdbc.SqlScriptsTestExecutionListener, org.springframework.test.context.event.EventPublishingTestExecutionListener]
[2022-06-08 14:12:51.530] INFO  AbstractTestContextBootstrapper.getTestExecutionListeners(AbstractTestContextBootstrapper.java:174) - Using TestExecutionListeners: [org.springframework.test.context.support.DirtiesContextBeforeModesTestExecutionListener@79079097, org.springframework.test.context.event.ApplicationEventsTestExecutionListener@4d1c00d0, org.springframework.test.context.support.DependencyInjectionTestExecutionListener@4b2bac3f, org.springframework.test.context.support.DirtiesContextTestExecutionListener@4e08711f, org.springframework.test.context.transaction.TransactionalTestExecutionListener@bcec361, org.springframework.test.context.jdbc.SqlScriptsTestExecutionListener@26794848, org.springframework.test.context.event.EventPublishingTestExecutionListener@302552ec]
[2022-06-08 14:12:51.794] DEBUG JunitUserServiceTest.setUp(JunitUserServiceTest.java:45) - =======================
[2022-06-08 14:12:51.794] DEBUG JunitUserServiceTest.setUp(JunitUserServiceTest.java:46) - =0. setUp()=
[2022-06-08 14:12:51.794] DEBUG JunitUserServiceTest.setUp(JunitUserServiceTest.java:47) - =======================
[2022-06-08 14:12:51.796] DEBUG JunitUserServiceTest.setUp(JunitUserServiceTest.java:63) - context:org.springframework.context.support.GenericApplicationContext@5c90e579, started on Wed Jun 08 14:12:51 KST 2022
[2022-06-08 14:12:51.796] DEBUG JunitUserServiceTest.setUp(JunitUserServiceTest.java:64) - userService:com.pcwk.ehr.UserServiceImpl@6f3187b0
[2022-06-08 14:12:51.797] DEBUG JunitUserServiceTest.setUp(JunitUserServiceTest.java:65) - dao:com.pcwk.ehr.UserDaoImpl@2663e964
[2022-06-08 14:12:51.797] DEBUG JunitUserServiceTest.add(JunitUserServiceTest.java:80) - =======================
[2022-06-08 14:12:51.798] DEBUG JunitUserServiceTest.add(JunitUserServiceTest.java:81) - =2. add()=
[2022-06-08 14:12:51.798] DEBUG JunitUserServiceTest.add(JunitUserServiceTest.java:82) - =======================
[2022-06-08 14:12:51.798] DEBUG UserDaoImpl.doDelete(UserDaoImpl.java:266) - =============================
[2022-06-08 14:12:51.798] DEBUG UserDaoImpl.doDelete(UserDaoImpl.java:267) - param :UserVO [level=BASIC, uId=p07, name=김주혜07, passwd=4321, login=49, recommend=0, email=joohea5943@naver.com, regDt=날짜_사용안함, toString()=com.pcwk.ehr.UserVO@39b43d60]
[2022-06-08 14:12:51.798] DEBUG UserDaoImpl.doDelete(UserDaoImpl.java:268) - sql : 
 DELETE FROM hr_member 
 WHERE u_id = ?        

[2022-06-08 14:12:51.799] DEBUG UserDaoImpl.doDelete(UserDaoImpl.java:269) - =============================
[2022-06-08 14:12:51.799] DEBUG UserDaoImpl.doDelete(UserDaoImpl.java:274) - Object param : p07
[2022-06-08 14:12:54.533] DEBUG UserDaoImpl.doDelete(UserDaoImpl.java:278) - flag: 1
[2022-06-08 14:12:54.533] DEBUG UserDaoImpl.doDelete(UserDaoImpl.java:266) - =============================
[2022-06-08 14:12:54.534] DEBUG UserDaoImpl.doDelete(UserDaoImpl.java:267) - param :UserVO [level=BASIC, uId=p070, name=김주혜070, passwd=4321, login=50, recommend=10, email=joohea5943@naver.com, regDt=날짜_사용안함, toString()=com.pcwk.ehr.UserVO@7c209437]
[2022-06-08 14:12:54.534] DEBUG UserDaoImpl.doDelete(UserDaoImpl.java:268) - sql : 
 DELETE FROM hr_member 
 WHERE u_id = ?        

[2022-06-08 14:12:54.535] DEBUG UserDaoImpl.doDelete(UserDaoImpl.java:269) - =============================
[2022-06-08 14:12:54.535] DEBUG UserDaoImpl.doDelete(UserDaoImpl.java:274) - Object param : p070
[2022-06-08 14:12:54.913] DEBUG UserDaoImpl.doDelete(UserDaoImpl.java:278) - flag: 0
[2022-06-08 14:12:54.914] DEBUG UserDaoImpl.doDelete(UserDaoImpl.java:266) - =============================
[2022-06-08 14:12:54.914] DEBUG UserDaoImpl.doDelete(UserDaoImpl.java:267) - param :UserVO [level=SILVER, uId=p0700, name=김주혜0700, passwd=4321, login=51, recommend=29, email=joohea5943@naver.com, regDt=날짜_사용안함, toString()=com.pcwk.ehr.UserVO@f667fe]
[2022-06-08 14:12:54.915] DEBUG UserDaoImpl.doDelete(UserDaoImpl.java:268) - sql : 
 DELETE FROM hr_member 
 WHERE u_id = ?        

[2022-06-08 14:12:54.915] DEBUG UserDaoImpl.doDelete(UserDaoImpl.java:269) - =============================
[2022-06-08 14:12:54.915] DEBUG UserDaoImpl.doDelete(UserDaoImpl.java:274) - Object param : p0700
[2022-06-08 14:12:55.543] DEBUG UserDaoImpl.doDelete(UserDaoImpl.java:278) - flag: 0
[2022-06-08 14:12:55.543] DEBUG UserDaoImpl.doDelete(UserDaoImpl.java:266) - =============================
[2022-06-08 14:12:55.544] DEBUG UserDaoImpl.doDelete(UserDaoImpl.java:267) - param :UserVO [level=SILVER, uId=p07000, name=김주혜07000, passwd=4321, login=51, recommend=30, email=joohea5943@naver.com, regDt=날짜_사용안함, toString()=com.pcwk.ehr.UserVO@25e2a451]
[2022-06-08 14:12:55.544] DEBUG UserDaoImpl.doDelete(UserDaoImpl.java:268) - sql : 
 DELETE FROM hr_member 
 WHERE u_id = ?        

[2022-06-08 14:12:55.544] DEBUG UserDaoImpl.doDelete(UserDaoImpl.java:269) - =============================
[2022-06-08 14:12:55.545] DEBUG UserDaoImpl.doDelete(UserDaoImpl.java:274) - Object param : p07000
[2022-06-08 14:12:56.070] DEBUG UserDaoImpl.doDelete(UserDaoImpl.java:278) - flag: 0
[2022-06-08 14:12:56.070] DEBUG UserDaoImpl.doDelete(UserDaoImpl.java:266) - =============================
[2022-06-08 14:12:56.071] DEBUG UserDaoImpl.doDelete(UserDaoImpl.java:267) - param :UserVO [level=GOLD, uId=p070000, name=김주혜070000, passwd=4321, login=52, recommend=31, email=joohea5943@naver.com, regDt=날짜_사용안함, toString()=com.pcwk.ehr.UserVO@328cf0e1]
[2022-06-08 14:12:56.071] DEBUG UserDaoImpl.doDelete(UserDaoImpl.java:268) - sql : 
 DELETE FROM hr_member 
 WHERE u_id = ?        

[2022-06-08 14:12:56.072] DEBUG UserDaoImpl.doDelete(UserDaoImpl.java:269) - =============================
[2022-06-08 14:12:56.072] DEBUG UserDaoImpl.doDelete(UserDaoImpl.java:274) - Object param : p070000
[2022-06-08 14:12:56.465] DEBUG UserDaoImpl.doDelete(UserDaoImpl.java:278) - flag: 1
[2022-06-08 14:12:56.466] DEBUG UserDaoImpl.doInsert(UserDaoImpl.java:240) - =============================
[2022-06-08 14:12:56.466] DEBUG UserDaoImpl.doInsert(UserDaoImpl.java:241) - param :UserVO [level=BASIC, uId=p07, name=김주혜07, passwd=4321, login=49, recommend=0, email=joohea5943@naver.com, regDt=날짜_사용안함, toString()=com.pcwk.ehr.UserVO@39b43d60]
[2022-06-08 14:12:56.467] DEBUG UserDaoImpl.doInsert(UserDaoImpl.java:242) - sql : 
 INSERT INTO hr_member ( 
     u_id,               
     name,               
     passwd,             
		u_level,            
     login,              
     recommend,          
     email,	            
     reg_dt              
 ) VALUES (              
     ?,                  
     ?,                  
     ?,                  
     ?,                  
     ?,                  
     ?,                  
     ?,                  
     SYSDATE             
 )                       

[2022-06-08 14:12:56.467] DEBUG UserDaoImpl.doInsert(UserDaoImpl.java:243) - =============================
[2022-06-08 14:12:56.467] DEBUG UserDaoImpl.doInsert(UserDaoImpl.java:250) - Object param : p07
[2022-06-08 14:12:56.468] DEBUG UserDaoImpl.doInsert(UserDaoImpl.java:250) - Object param : 김주혜07
[2022-06-08 14:12:56.468] DEBUG UserDaoImpl.doInsert(UserDaoImpl.java:250) - Object param : 4321
[2022-06-08 14:12:56.468] DEBUG UserDaoImpl.doInsert(UserDaoImpl.java:250) - Object param : 1
[2022-06-08 14:12:56.469] DEBUG UserDaoImpl.doInsert(UserDaoImpl.java:250) - Object param : 49
[2022-06-08 14:12:56.469] DEBUG UserDaoImpl.doInsert(UserDaoImpl.java:250) - Object param : 0
[2022-06-08 14:12:56.469] DEBUG UserDaoImpl.doInsert(UserDaoImpl.java:250) - Object param : joohea5943@naver.com
[2022-06-08 14:12:56.860] DEBUG UserDaoImpl.doInsert(UserDaoImpl.java:254) - flag : 1
[2022-06-08 14:12:56.861] DEBUG UserDaoImpl.getCount(UserDaoImpl.java:133) - =============================
[2022-06-08 14:12:56.861] DEBUG UserDaoImpl.getCount(UserDaoImpl.java:134) - param : UserVO [level=BASIC, uId=p07, name=김주혜07, passwd=4321, login=49, recommend=0, email=joohea5943@naver.com, regDt=날짜_사용안함, toString()=com.pcwk.ehr.UserVO@39b43d60]
[2022-06-08 14:12:56.861] DEBUG UserDaoImpl.getCount(UserDaoImpl.java:135) - sql: 
  SELECT COUNT(*) AS cnt    
 FROM hr_member            
 WHERE u_id LIKE ?  || '%' 

[2022-06-08 14:12:56.861] DEBUG UserDaoImpl.getCount(UserDaoImpl.java:136) - =============================
[2022-06-08 14:12:56.862] DEBUG UserDaoImpl.getCount(UserDaoImpl.java:138) - Object param: p07
[2022-06-08 14:12:57.292] DEBUG UserDaoImpl.getCount(UserDaoImpl.java:141) - ====================
[2022-06-08 14:12:57.292] DEBUG UserDaoImpl.getCount(UserDaoImpl.java:142) - =count=1
[2022-06-08 14:12:57.292] DEBUG UserDaoImpl.getCount(UserDaoImpl.java:143) - ====================
[2022-06-08 14:12:57.292] DEBUG UserDaoImpl.doInsert(UserDaoImpl.java:240) - =============================
[2022-06-08 14:12:57.292] DEBUG UserDaoImpl.doInsert(UserDaoImpl.java:241) - param :UserVO [level=GOLD, uId=p070000, name=김주혜070000, passwd=4321, login=52, recommend=31, email=joohea5943@naver.com, regDt=날짜_사용안함, toString()=com.pcwk.ehr.UserVO@328cf0e1]
[2022-06-08 14:12:57.293] DEBUG UserDaoImpl.doInsert(UserDaoImpl.java:242) - sql : 
 INSERT INTO hr_member ( 
     u_id,               
     name,               
     passwd,             
		u_level,            
     login,              
     recommend,          
     email,	            
     reg_dt              
 ) VALUES (              
     ?,                  
     ?,                  
     ?,                  
     ?,                  
     ?,                  
     ?,                  
     ?,                  
     SYSDATE             
 )                       

[2022-06-08 14:12:57.293] DEBUG UserDaoImpl.doInsert(UserDaoImpl.java:243) - =============================
[2022-06-08 14:12:57.293] DEBUG UserDaoImpl.doInsert(UserDaoImpl.java:250) - Object param : p070000
[2022-06-08 14:12:57.293] DEBUG UserDaoImpl.doInsert(UserDaoImpl.java:250) - Object param : 김주혜070000
[2022-06-08 14:12:57.293] DEBUG UserDaoImpl.doInsert(UserDaoImpl.java:250) - Object param : 4321
[2022-06-08 14:12:57.293] DEBUG UserDaoImpl.doInsert(UserDaoImpl.java:250) - Object param : 3
[2022-06-08 14:12:57.293] DEBUG UserDaoImpl.doInsert(UserDaoImpl.java:250) - Object param : 52
[2022-06-08 14:12:57.294] DEBUG UserDaoImpl.doInsert(UserDaoImpl.java:250) - Object param : 31
[2022-06-08 14:12:57.294] DEBUG UserDaoImpl.doInsert(UserDaoImpl.java:250) - Object param : joohea5943@naver.com
[2022-06-08 14:12:57.793] DEBUG UserDaoImpl.doInsert(UserDaoImpl.java:254) - flag : 1
[2022-06-08 14:12:57.794] DEBUG UserDaoImpl.getCount(UserDaoImpl.java:133) - =============================
[2022-06-08 14:12:57.794] DEBUG UserDaoImpl.getCount(UserDaoImpl.java:134) - param : UserVO [level=BASIC, uId=p07, name=김주혜07, passwd=4321, login=49, recommend=0, email=joohea5943@naver.com, regDt=날짜_사용안함, toString()=com.pcwk.ehr.UserVO@39b43d60]
[2022-06-08 14:12:57.794] DEBUG UserDaoImpl.getCount(UserDaoImpl.java:135) - sql: 
  SELECT COUNT(*) AS cnt    
 FROM hr_member            
 WHERE u_id LIKE ?  || '%' 

[2022-06-08 14:12:57.795] DEBUG UserDaoImpl.getCount(UserDaoImpl.java:136) - =============================
[2022-06-08 14:12:57.795] DEBUG UserDaoImpl.getCount(UserDaoImpl.java:138) - Object param: p07
[2022-06-08 14:12:58.018] DEBUG UserDaoImpl.getCount(UserDaoImpl.java:141) - ====================
[2022-06-08 14:12:58.019] DEBUG UserDaoImpl.getCount(UserDaoImpl.java:142) - =count=2
[2022-06-08 14:12:58.019] DEBUG UserDaoImpl.getCount(UserDaoImpl.java:143) - ====================
[2022-06-08 14:12:58.020] DEBUG UserDaoImpl.doSelectOne(UserDaoImpl.java:184) - =============================
[2022-06-08 14:12:58.020] DEBUG UserDaoImpl.doSelectOne(UserDaoImpl.java:185) - param : UserVO [level=BASIC, uId=p07, name=김주혜07, passwd=4321, login=49, recommend=0, email=joohea5943@naver.com, regDt=날짜_사용안함, toString()=com.pcwk.ehr.UserVO@39b43d60]
[2022-06-08 14:12:58.020] DEBUG UserDaoImpl.doSelectOne(UserDaoImpl.java:186) - sql: 
  SELECT u_id,      
        name,      
        passwd,    
		   u_level,   
        login,     
        recommend, 
        email,	  
        TO_CHAR(reg_dt , 'yyyy-mm-dd hh24:mi:ss') AS reg_dt	 
 FROM hr_member 
 WHERE u_id = ? 

[2022-06-08 14:12:58.021] DEBUG UserDaoImpl.doSelectOne(UserDaoImpl.java:187) - =============================
[2022-06-08 14:12:58.021] DEBUG UserDaoImpl.doSelectOne(UserDaoImpl.java:190) - Object param : p07
[2022-06-08 14:12:58.343] DEBUG UserDaoImpl.doSelectOne(UserDaoImpl.java:199) - =============================
[2022-06-08 14:12:58.343] DEBUG UserDaoImpl.doSelectOne(UserDaoImpl.java:200) - =outVO=UserVO [level=BASIC, uId=p07, name=김주혜07, passwd=4321, login=49, recommend=0, email=joohea5943@naver.com, regDt=2022-06-08 14:12:56, toString()=com.pcwk.ehr.UserVO@5f59185e]
[2022-06-08 14:12:58.343] DEBUG UserDaoImpl.doSelectOne(UserDaoImpl.java:201) - =============================
[2022-06-08 14:12:58.343] DEBUG UserDaoImpl.doSelectOne(UserDaoImpl.java:184) - =============================
[2022-06-08 14:12:58.344] DEBUG UserDaoImpl.doSelectOne(UserDaoImpl.java:185) - param : UserVO [level=GOLD, uId=p070000, name=김주혜070000, passwd=4321, login=52, recommend=31, email=joohea5943@naver.com, regDt=날짜_사용안함, toString()=com.pcwk.ehr.UserVO@328cf0e1]
[2022-06-08 14:12:58.344] DEBUG UserDaoImpl.doSelectOne(UserDaoImpl.java:186) - sql: 
  SELECT u_id,      
        name,      
        passwd,    
		   u_level,   
        login,     
        recommend, 
        email,	  
        TO_CHAR(reg_dt , 'yyyy-mm-dd hh24:mi:ss') AS reg_dt	 
 FROM hr_member 
 WHERE u_id = ? 

[2022-06-08 14:12:58.344] DEBUG UserDaoImpl.doSelectOne(UserDaoImpl.java:187) - =============================
[2022-06-08 14:12:58.344] DEBUG UserDaoImpl.doSelectOne(UserDaoImpl.java:190) - Object param : p070000
[2022-06-08 14:12:59.804] DEBUG UserDaoImpl.doSelectOne(UserDaoImpl.java:199) - =============================
[2022-06-08 14:12:59.805] DEBUG UserDaoImpl.doSelectOne(UserDaoImpl.java:200) - =outVO=UserVO [level=GOLD, uId=p070000, name=김주혜070000, passwd=4321, login=52, recommend=31, email=joohea5943@naver.com, regDt=2022-06-08 14:12:56, toString()=com.pcwk.ehr.UserVO@51e4ccb3]
[2022-06-08 14:12:59.805] DEBUG UserDaoImpl.doSelectOne(UserDaoImpl.java:201) - =============================
