[2022-06-02 11:20:36.774] INFO  AbstractTestContextBootstrapper.getDefaultTestExecutionListenerClassNames(AbstractTestContextBootstrapper.java:245) - Loaded default TestExecutionListener class names from location [META-INF/spring.factories]: [org.springframework.test.context.web.ServletTestExecutionListener, org.springframework.test.context.support.DirtiesContextBeforeModesTestExecutionListener, org.springframework.test.context.event.ApplicationEventsTestExecutionListener, org.springframework.test.context.support.DependencyInjectionTestExecutionListener, org.springframework.test.context.support.DirtiesContextTestExecutionListener, org.springframework.test.context.transaction.TransactionalTestExecutionListener, org.springframework.test.context.jdbc.SqlScriptsTestExecutionListener, org.springframework.test.context.event.EventPublishingTestExecutionListener]
[2022-06-02 11:20:36.784] INFO  AbstractTestContextBootstrapper.getTestExecutionListeners(AbstractTestContextBootstrapper.java:174) - Using TestExecutionListeners: [org.springframework.test.context.support.DirtiesContextBeforeModesTestExecutionListener@1a677343, org.springframework.test.context.event.ApplicationEventsTestExecutionListener@15de0b3c, org.springframework.test.context.support.DependencyInjectionTestExecutionListener@489115ef, org.springframework.test.context.support.DirtiesContextTestExecutionListener@3857f613, org.springframework.test.context.transaction.TransactionalTestExecutionListener@198b6731, org.springframework.test.context.jdbc.SqlScriptsTestExecutionListener@7c6908d7, org.springframework.test.context.event.EventPublishingTestExecutionListener@3c9754d8]
[2022-06-02 11:20:36.966] DEBUG JTvPcwk.setUp(JTvPcwk.java:29) - -------------------------
[2022-06-02 11:20:36.966] DEBUG JTvPcwk.setUp(JTvPcwk.java:30) - -0. setUp()-
[2022-06-02 11:20:36.966] DEBUG JTvPcwk.setUp(JTvPcwk.java:31) - -------------------------
[2022-06-02 11:20:36.967] DEBUG SamsungTV.<init>(SamsungTV.java:11) - 삼성 TV default 생성자 SamsungTV()
[2022-06-02 11:20:36.968] DEBUG SamsungTV.initMethod(SamsungTV.java:16) - 삼성 TV initMethod()
[2022-06-02 11:20:36.968] DEBUG SamsungTV.<init>(SamsungTV.java:11) - 삼성 TV default 생성자 SamsungTV()
[2022-06-02 11:20:36.969] DEBUG SamsungTV.initMethod(SamsungTV.java:16) - 삼성 TV initMethod()
[2022-06-02 11:20:36.971] DEBUG JTvPcwk.setUp(JTvPcwk.java:36) - -context-org.springframework.context.support.GenericApplicationContext@ed7f8b4, started on Thu Jun 02 11:20:36 KST 2022
[2022-06-02 11:20:36.971] DEBUG JTvPcwk.setUp(JTvPcwk.java:37) - -tv01-com.pcwk.ehr.SamsungTV@821330f
[2022-06-02 11:20:36.973] DEBUG JTvPcwk.setUp(JTvPcwk.java:38) - -tv02-com.pcwk.ehr.SamsungTV@6f43c82
[2022-06-02 11:20:36.973] DEBUG JTvPcwk.tearDown(JTvPcwk.java:46) - -------------------------
[2022-06-02 11:20:36.973] DEBUG JTvPcwk.tearDown(JTvPcwk.java:47) - -9. tearDown()-
[2022-06-02 11:20:36.973] DEBUG JTvPcwk.tearDown(JTvPcwk.java:48) - -------------------------
[2022-06-02 11:21:00.004] INFO  AbstractTestContextBootstrapper.getDefaultTestExecutionListenerClassNames(AbstractTestContextBootstrapper.java:245) - Loaded default TestExecutionListener class names from location [META-INF/spring.factories]: [org.springframework.test.context.web.ServletTestExecutionListener, org.springframework.test.context.support.DirtiesContextBeforeModesTestExecutionListener, org.springframework.test.context.event.ApplicationEventsTestExecutionListener, org.springframework.test.context.support.DependencyInjectionTestExecutionListener, org.springframework.test.context.support.DirtiesContextTestExecutionListener, org.springframework.test.context.transaction.TransactionalTestExecutionListener, org.springframework.test.context.jdbc.SqlScriptsTestExecutionListener, org.springframework.test.context.event.EventPublishingTestExecutionListener]
[2022-06-02 11:21:00.015] INFO  AbstractTestContextBootstrapper.getTestExecutionListeners(AbstractTestContextBootstrapper.java:174) - Using TestExecutionListeners: [org.springframework.test.context.support.DirtiesContextBeforeModesTestExecutionListener@1a677343, org.springframework.test.context.event.ApplicationEventsTestExecutionListener@15de0b3c, org.springframework.test.context.support.DependencyInjectionTestExecutionListener@489115ef, org.springframework.test.context.support.DirtiesContextTestExecutionListener@3857f613, org.springframework.test.context.transaction.TransactionalTestExecutionListener@198b6731, org.springframework.test.context.jdbc.SqlScriptsTestExecutionListener@7c6908d7, org.springframework.test.context.event.EventPublishingTestExecutionListener@3c9754d8]
[2022-06-02 11:21:00.164] DEBUG SamsungTV.<init>(SamsungTV.java:11) - 삼성 TV default 생성자 SamsungTV()
[2022-06-02 11:21:00.167] DEBUG SamsungTV.initMethod(SamsungTV.java:16) - 삼성 TV initMethod()
[2022-06-02 11:21:00.191] DEBUG JTvPcwk.setUp(JTvPcwk.java:29) - -------------------------
[2022-06-02 11:21:00.191] DEBUG JTvPcwk.setUp(JTvPcwk.java:30) - -0. setUp()-
[2022-06-02 11:21:00.192] DEBUG JTvPcwk.setUp(JTvPcwk.java:31) - -------------------------
[2022-06-02 11:21:00.194] DEBUG JTvPcwk.setUp(JTvPcwk.java:36) - -context-org.springframework.context.support.GenericApplicationContext@ed7f8b4, started on Thu Jun 02 11:21:00 KST 2022
[2022-06-02 11:21:00.194] DEBUG JTvPcwk.setUp(JTvPcwk.java:37) - -tv01-com.pcwk.ehr.SamsungTV@821330f
[2022-06-02 11:21:00.194] DEBUG JTvPcwk.setUp(JTvPcwk.java:38) - -tv02-com.pcwk.ehr.SamsungTV@821330f
[2022-06-02 11:21:00.195] DEBUG JTvPcwk.tvTest(JTvPcwk.java:53) - ==========================
[2022-06-02 11:21:00.195] DEBUG JTvPcwk.tvTest(JTvPcwk.java:54) - =tvTest()=
[2022-06-02 11:21:00.195] DEBUG JTvPcwk.tvTest(JTvPcwk.java:55) - ==========================
[2022-06-02 11:21:00.195] DEBUG SamsungTV.powerOn(SamsungTV.java:26) - 삼성 TV 전원을 켠다.
[2022-06-02 11:21:00.195] DEBUG SamsungTV.volumeUp(SamsungTV.java:36) - 삼성 TV 볼륨을 높인다..
[2022-06-02 11:21:00.195] DEBUG SamsungTV.volumeDown(SamsungTV.java:41) - 삼성 TV 볼륨을 낮춘다..
[2022-06-02 11:21:00.195] DEBUG SamsungTV.powerOff(SamsungTV.java:31) - 삼성 TV 전원을 끈다.
[2022-06-02 11:21:00.197] DEBUG JTvPcwk.tearDown(JTvPcwk.java:46) - -------------------------
[2022-06-02 11:21:00.197] DEBUG JTvPcwk.tearDown(JTvPcwk.java:47) - -9. tearDown()-
[2022-06-02 11:21:00.197] DEBUG JTvPcwk.tearDown(JTvPcwk.java:48) - -------------------------
[2022-06-02 11:21:00.208] DEBUG SamsungTV.destroyMethod(SamsungTV.java:21) - 삼성 TV destroyMethod()
[2022-06-02 11:29:50.172] INFO  AbstractTestContextBootstrapper.getDefaultTestExecutionListenerClassNames(AbstractTestContextBootstrapper.java:245) - Loaded default TestExecutionListener class names from location [META-INF/spring.factories]: [org.springframework.test.context.web.ServletTestExecutionListener, org.springframework.test.context.support.DirtiesContextBeforeModesTestExecutionListener, org.springframework.test.context.event.ApplicationEventsTestExecutionListener, org.springframework.test.context.support.DependencyInjectionTestExecutionListener, org.springframework.test.context.support.DirtiesContextTestExecutionListener, org.springframework.test.context.transaction.TransactionalTestExecutionListener, org.springframework.test.context.jdbc.SqlScriptsTestExecutionListener, org.springframework.test.context.event.EventPublishingTestExecutionListener]
[2022-06-02 11:29:50.182] INFO  AbstractTestContextBootstrapper.getTestExecutionListeners(AbstractTestContextBootstrapper.java:174) - Using TestExecutionListeners: [org.springframework.test.context.support.DirtiesContextBeforeModesTestExecutionListener@1a677343, org.springframework.test.context.event.ApplicationEventsTestExecutionListener@15de0b3c, org.springframework.test.context.support.DependencyInjectionTestExecutionListener@489115ef, org.springframework.test.context.support.DirtiesContextTestExecutionListener@3857f613, org.springframework.test.context.transaction.TransactionalTestExecutionListener@198b6731, org.springframework.test.context.jdbc.SqlScriptsTestExecutionListener@7c6908d7, org.springframework.test.context.event.EventPublishingTestExecutionListener@3c9754d8]
[2022-06-02 11:29:50.335] DEBUG SamsungTV.<init>(SamsungTV.java:12) - 삼성 TV default 생성자 SamsungTV()
[2022-06-02 11:29:50.338] DEBUG SamsungTV.initMethod(SamsungTV.java:17) - 삼성 TV initMethod()
[2022-06-02 11:29:50.361] DEBUG JTvPcwk.setUp(JTvPcwk.java:29) - -------------------------
[2022-06-02 11:29:50.362] DEBUG JTvPcwk.setUp(JTvPcwk.java:30) - -0. setUp()-
[2022-06-02 11:29:50.362] DEBUG JTvPcwk.setUp(JTvPcwk.java:31) - -------------------------
[2022-06-02 11:29:50.364] DEBUG JTvPcwk.setUp(JTvPcwk.java:36) - -context-org.springframework.context.support.GenericApplicationContext@ed7f8b4, started on Thu Jun 02 11:29:50 KST 2022
[2022-06-02 11:29:50.364] DEBUG JTvPcwk.setUp(JTvPcwk.java:37) - -tv01-com.pcwk.ehr.SamsungTV@821330f
[2022-06-02 11:29:50.364] DEBUG JTvPcwk.setUp(JTvPcwk.java:38) - -tv02-com.pcwk.ehr.SamsungTV@821330f
[2022-06-02 11:29:50.364] DEBUG JTvPcwk.tvTest(JTvPcwk.java:53) - ==========================
[2022-06-02 11:29:50.364] DEBUG JTvPcwk.tvTest(JTvPcwk.java:54) - =tvTest()=
[2022-06-02 11:29:50.364] DEBUG JTvPcwk.tvTest(JTvPcwk.java:55) - ==========================
[2022-06-02 11:29:50.364] DEBUG SamsungTV.powerOn(SamsungTV.java:27) - 삼성 TV 전원을 켠다.
[2022-06-02 11:29:50.365] DEBUG SonySpeaker.<init>(SonySpeaker.java:12) - SonySpeaker  생성자 호출
[2022-06-02 11:29:50.365] DEBUG SonySpeaker.volumeUp(SonySpeaker.java:16) - SonySpeaker  volumeUp 호출
[2022-06-02 11:29:50.365] DEBUG SonySpeaker.<init>(SonySpeaker.java:12) - SonySpeaker  생성자 호출
[2022-06-02 11:29:50.365] DEBUG SonySpeaker.volumeDown(SonySpeaker.java:20) - SonySpeaker  volumeDown 호출
[2022-06-02 11:29:50.365] DEBUG SamsungTV.powerOff(SamsungTV.java:32) - 삼성 TV 전원을 끈다.
[2022-06-02 11:29:50.367] DEBUG JTvPcwk.tearDown(JTvPcwk.java:46) - -------------------------
[2022-06-02 11:29:50.367] DEBUG JTvPcwk.tearDown(JTvPcwk.java:47) - -9. tearDown()-
[2022-06-02 11:29:50.368] DEBUG JTvPcwk.tearDown(JTvPcwk.java:48) - -------------------------
[2022-06-02 11:29:50.379] DEBUG SamsungTV.destroyMethod(SamsungTV.java:22) - 삼성 TV destroyMethod()
[2022-06-02 11:35:55.285] INFO  AbstractTestContextBootstrapper.getDefaultTestExecutionListenerClassNames(AbstractTestContextBootstrapper.java:245) - Loaded default TestExecutionListener class names from location [META-INF/spring.factories]: [org.springframework.test.context.web.ServletTestExecutionListener, org.springframework.test.context.support.DirtiesContextBeforeModesTestExecutionListener, org.springframework.test.context.event.ApplicationEventsTestExecutionListener, org.springframework.test.context.support.DependencyInjectionTestExecutionListener, org.springframework.test.context.support.DirtiesContextTestExecutionListener, org.springframework.test.context.transaction.TransactionalTestExecutionListener, org.springframework.test.context.jdbc.SqlScriptsTestExecutionListener, org.springframework.test.context.event.EventPublishingTestExecutionListener]
[2022-06-02 11:35:55.294] INFO  AbstractTestContextBootstrapper.getTestExecutionListeners(AbstractTestContextBootstrapper.java:174) - Using TestExecutionListeners: [org.springframework.test.context.support.DirtiesContextBeforeModesTestExecutionListener@1a677343, org.springframework.test.context.event.ApplicationEventsTestExecutionListener@15de0b3c, org.springframework.test.context.support.DependencyInjectionTestExecutionListener@489115ef, org.springframework.test.context.support.DirtiesContextTestExecutionListener@3857f613, org.springframework.test.context.transaction.TransactionalTestExecutionListener@198b6731, org.springframework.test.context.jdbc.SqlScriptsTestExecutionListener@7c6908d7, org.springframework.test.context.event.EventPublishingTestExecutionListener@3c9754d8]
[2022-06-02 11:35:55.443] DEBUG SonySpeaker.<init>(SonySpeaker.java:12) - SonySpeaker  생성자 호출
[2022-06-02 11:35:55.458] DEBUG SamsungTV.initMethod(SamsungTV.java:23) - 삼성 TV initMethod()
[2022-06-02 11:35:55.488] DEBUG JTvPcwk.setUp(JTvPcwk.java:29) - -------------------------
[2022-06-02 11:35:55.488] DEBUG JTvPcwk.setUp(JTvPcwk.java:30) - -0. setUp()-
[2022-06-02 11:35:55.488] DEBUG JTvPcwk.setUp(JTvPcwk.java:31) - -------------------------
[2022-06-02 11:35:55.491] DEBUG JTvPcwk.setUp(JTvPcwk.java:36) - -context-org.springframework.context.support.GenericApplicationContext@ed7f8b4, started on Thu Jun 02 11:35:55 KST 2022
[2022-06-02 11:35:55.491] DEBUG JTvPcwk.setUp(JTvPcwk.java:37) - -tv01-com.pcwk.ehr.SamsungTV@2f953efd
[2022-06-02 11:35:55.492] DEBUG JTvPcwk.setUp(JTvPcwk.java:38) - -tv02-com.pcwk.ehr.SamsungTV@2f953efd
[2022-06-02 11:35:55.492] DEBUG JTvPcwk.tvTest(JTvPcwk.java:53) - ==========================
[2022-06-02 11:35:55.492] DEBUG JTvPcwk.tvTest(JTvPcwk.java:54) - =tvTest()=
[2022-06-02 11:35:55.493] DEBUG JTvPcwk.tvTest(JTvPcwk.java:55) - ==========================
[2022-06-02 11:35:55.493] DEBUG SamsungTV.powerOn(SamsungTV.java:34) - 삼성 TV 전원을 켠다.
[2022-06-02 11:35:55.493] DEBUG SonySpeaker.volumeUp(SonySpeaker.java:16) - SonySpeaker  volumeUp 호출
[2022-06-02 11:35:55.493] DEBUG SonySpeaker.volumeDown(SonySpeaker.java:20) - SonySpeaker  volumeDown 호출
[2022-06-02 11:35:55.493] DEBUG SamsungTV.powerOff(SamsungTV.java:39) - 삼성 TV 전원을 끈다.
[2022-06-02 11:35:55.495] DEBUG JTvPcwk.tearDown(JTvPcwk.java:46) - -------------------------
[2022-06-02 11:35:55.495] DEBUG JTvPcwk.tearDown(JTvPcwk.java:47) - -9. tearDown()-
[2022-06-02 11:35:55.495] DEBUG JTvPcwk.tearDown(JTvPcwk.java:48) - -------------------------
[2022-06-02 11:35:55.500] DEBUG SamsungTV.destroyMethod(SamsungTV.java:29) - 삼성 TV destroyMethod()
