[2022-06-29 11:04:10.489] DEBUG NaverBlogSearch.main(NaverBlogSearch.java:32) - =responseCode=200
[2022-06-29 11:07:20.573] DEBUG NaverBlogSearch.main(NaverBlogSearch.java:34) - =responseCode=200
[2022-06-29 11:07:20.578] DEBUG NaverBlogSearch.main(NaverBlogSearch.java:46) - {
[2022-06-29 11:07:20.578] DEBUG NaverBlogSearch.main(NaverBlogSearch.java:46) - 	"lastBuildDate":"Wed, 29 Jun 2022 11:07:16 +0900",
[2022-06-29 11:07:20.578] DEBUG NaverBlogSearch.main(NaverBlogSearch.java:46) - 	"total":1650257,
[2022-06-29 11:07:20.578] DEBUG NaverBlogSearch.main(NaverBlogSearch.java:46) - 	"start":1,
[2022-06-29 11:07:20.583] DEBUG NaverBlogSearch.main(NaverBlogSearch.java:46) - 	"display":10,
[2022-06-29 11:07:20.583] DEBUG NaverBlogSearch.main(NaverBlogSearch.java:46) - 	"items":[
[2022-06-29 11:07:20.583] DEBUG NaverBlogSearch.main(NaverBlogSearch.java:46) - 		{
[2022-06-29 11:07:20.583] DEBUG NaverBlogSearch.main(NaverBlogSearch.java:46) - 			"title":"취향저격인 <b>신촌<\/b> 술집",
[2022-06-29 11:07:20.583] DEBUG NaverBlogSearch.main(NaverBlogSearch.java:46) - 			"link":"https:\/\/blog.naver.com\/luu1026?Redirect=Log&logNo=222788296464",
[2022-06-29 11:07:20.583] DEBUG NaverBlogSearch.main(NaverBlogSearch.java:46) - 			"description":"지난 주에 지인들과 <b>신촌<\/b>으로 쇼핑을 갔다가 술생각이나서 미리 찾아본 <b>신촌<\/b> 술집에 다녀왔어요. 다양한 종류의 세계맥주들을 취향에 맞게 골라 마실 수 있고, 고퀄리티의 안주까지 너무나 만족했던 곳이라... ",
[2022-06-29 11:07:20.583] DEBUG NaverBlogSearch.main(NaverBlogSearch.java:46) - 			"bloggername":"클릭",
[2022-06-29 11:07:20.583] DEBUG NaverBlogSearch.main(NaverBlogSearch.java:46) - 			"bloggerlink":"https:\/\/blog.naver.com\/luu1026",
[2022-06-29 11:07:20.584] DEBUG NaverBlogSearch.main(NaverBlogSearch.java:46) - 			"postdate":"20220625"
[2022-06-29 11:07:20.584] DEBUG NaverBlogSearch.main(NaverBlogSearch.java:46) - 		},
[2022-06-29 11:07:20.584] DEBUG NaverBlogSearch.main(NaverBlogSearch.java:46) - 		{
[2022-06-29 11:07:20.584] DEBUG NaverBlogSearch.main(NaverBlogSearch.java:46) - 			"title":"<b>신촌<\/b>호반써밋 아파트 모집소식",
[2022-06-29 11:07:20.584] DEBUG NaverBlogSearch.main(NaverBlogSearch.java:46) - 			"link":"https:\/\/blog.naver.com\/iopiop_123?Redirect=Log&logNo=222784459571",
[2022-06-29 11:07:20.584] DEBUG NaverBlogSearch.main(NaverBlogSearch.java:46) - 			"description":"<b>신촌<\/b>호반써밋 아파트 모집소식 서울 내에서도 마용성은 앞으로 투자가치가 뛰어나 많은 사람들이... <b>신촌<\/b>호반써밋 역시 마용성에 해당하는 입지로 더욱 기대가 높은데요. 이번에 모집소식을 알리며 이목이... ",
[2022-06-29 11:07:20.584] DEBUG NaverBlogSearch.main(NaverBlogSearch.java:46) - 			"bloggername":"올바른 집구경",
[2022-06-29 11:07:20.584] DEBUG NaverBlogSearch.main(NaverBlogSearch.java:46) - 			"bloggerlink":"https:\/\/blog.naver.com\/iopiop_123",
[2022-06-29 11:07:20.585] DEBUG NaverBlogSearch.main(NaverBlogSearch.java:46) - 			"postdate":"20220622"
[2022-06-29 11:07:20.585] DEBUG NaverBlogSearch.main(NaverBlogSearch.java:46) - 		},
[2022-06-29 11:07:20.586] DEBUG NaverBlogSearch.main(NaverBlogSearch.java:46) - 		{
[2022-06-29 11:07:20.586] DEBUG NaverBlogSearch.main(NaverBlogSearch.java:46) - 			"title":"<b>신촌<\/b> 호반써밋 아파트 모집 정보",
[2022-06-29 11:07:20.586] DEBUG NaverBlogSearch.main(NaverBlogSearch.java:46) - 			"link":"https:\/\/blog.naver.com\/dotori0431?Redirect=Log&logNo=222734531714",
[2022-06-29 11:07:20.586] DEBUG NaverBlogSearch.main(NaverBlogSearch.java:46) - 			"description":"<b>신촌<\/b> 호반써밋 아파트 모집 정보 반갑습니다! 안정적인 라이프를 영위하기 위해서 필요한 것이 있다면... 불안정한 경제 상황 속에서 경제적인 공급 가격으로 내 집 마련을 할 수 있는 <b>신촌<\/b> 호반써밋 아파트에... ",
[2022-06-29 11:07:20.586] DEBUG NaverBlogSearch.main(NaverBlogSearch.java:46) - 			"bloggername":"재개발 재건축 정보나눔",
[2022-06-29 11:07:20.586] DEBUG NaverBlogSearch.main(NaverBlogSearch.java:46) - 			"bloggerlink":"https:\/\/blog.naver.com\/dotori0431",
[2022-06-29 11:07:20.586] DEBUG NaverBlogSearch.main(NaverBlogSearch.java:46) - 			"postdate":"20220516"
[2022-06-29 11:07:20.586] DEBUG NaverBlogSearch.main(NaverBlogSearch.java:46) - 		},
[2022-06-29 11:07:20.586] DEBUG NaverBlogSearch.main(NaverBlogSearch.java:46) - 		{
[2022-06-29 11:07:20.586] DEBUG NaverBlogSearch.main(NaverBlogSearch.java:46) - 			"title":"[초급매] <b>신촌<\/b>재개발구역 조합원매물",
[2022-06-29 11:07:20.586] DEBUG NaverBlogSearch.main(NaverBlogSearch.java:46) - 			"link":"https:\/\/blog.naver.com\/junggae2013?Redirect=Log&logNo=222781210606",
[2022-06-29 11:07:20.586] DEBUG NaverBlogSearch.main(NaverBlogSearch.java:46) - 			"description":"<b>신촌<\/b> 재개발구역 조합원매물 매매가 25500만 전세가 7500만 실투자금 18000만 공동주택가격 21년 8730만... 15일 구역 내 성결교회에서 <b>신촌<\/b>구역 조합설립총회 설개개요 중 뉴스테이안은 가능성이 낮아보이고... ",
[2022-06-29 11:07:20.587] DEBUG NaverBlogSearch.main(NaverBlogSearch.java:46) - 			"bloggername":"힐타운부동산 032)472-6600",
[2022-06-29 11:07:20.587] DEBUG NaverBlogSearch.main(NaverBlogSearch.java:46) - 			"bloggerlink":"https:\/\/blog.naver.com\/junggae2013",
[2022-06-29 11:07:20.587] DEBUG NaverBlogSearch.main(NaverBlogSearch.java:46) - 			"postdate":"20220620"
[2022-06-29 11:07:20.587] DEBUG NaverBlogSearch.main(NaverBlogSearch.java:46) - 		},
[2022-06-29 11:07:20.587] DEBUG NaverBlogSearch.main(NaverBlogSearch.java:46) - 		{
[2022-06-29 11:07:20.587] DEBUG NaverBlogSearch.main(NaverBlogSearch.java:46) - 			"title":"<b>신촌<\/b> 호반써밋 아파트 공급소식",
[2022-06-29 11:07:20.587] DEBUG NaverBlogSearch.main(NaverBlogSearch.java:46) - 			"link":"https:\/\/blog.naver.com\/meirand?Redirect=Log&logNo=222775140251",
[2022-06-29 11:07:20.587] DEBUG NaverBlogSearch.main(NaverBlogSearch.java:46) - 			"description":"<b>신촌<\/b> 호반써밋 아파트 공급소식 금리 인상과 더불어 경제물가가 높아지고 있지만 오히려 현 시기에는... 이번 <b>신촌<\/b> 호반써밋 공급 소식을 알리며 이목이 집중되고 있습니다. 당 프로젝트는 마포구 염리동에... ",
[2022-06-29 11:07:20.587] DEBUG NaverBlogSearch.main(NaverBlogSearch.java:46) - 			"bloggername":"꿀벌 집구경",
[2022-06-29 11:07:20.587] DEBUG NaverBlogSearch.main(NaverBlogSearch.java:46) - 			"bloggerlink":"https:\/\/blog.naver.com\/meirand",
[2022-06-29 11:07:20.587] DEBUG NaverBlogSearch.main(NaverBlogSearch.java:46) - 			"postdate":"20220616"
[2022-06-29 11:07:20.587] DEBUG NaverBlogSearch.main(NaverBlogSearch.java:46) - 		},
[2022-06-29 11:07:20.587] DEBUG NaverBlogSearch.main(NaverBlogSearch.java:46) - 		{
[2022-06-29 11:07:20.587] DEBUG NaverBlogSearch.main(NaverBlogSearch.java:46) - 			"title":"<b>신촌<\/b> 호반써밋 아파트 공급절차",
[2022-06-29 11:07:20.587] DEBUG NaverBlogSearch.main(NaverBlogSearch.java:46) - 			"link":"https:\/\/blog.naver.com\/runekirby777?Redirect=Log&logNo=222754912871",
[2022-06-29 11:07:20.587] DEBUG NaverBlogSearch.main(NaverBlogSearch.java:46) - 			"description":"<b>신촌<\/b> 호반써밋 아파트 공급절차 부동산 규제 정책은 관련 시장에 영향을 줄 수밖에 없습니다. 인구가... 이번에 마포구 염리동 일대의 아현 뉴타운개발지역 내 <b>신촌<\/b> 호반써밋에서 모집하는 소식 전해 드리고자... ",
[2022-06-29 11:07:20.587] DEBUG NaverBlogSearch.main(NaverBlogSearch.java:46) - 			"bloggername":"부동산 메타버스",
[2022-06-29 11:07:20.588] DEBUG NaverBlogSearch.main(NaverBlogSearch.java:46) - 			"bloggerlink":"https:\/\/blog.naver.com\/runekirby777",
[2022-06-29 11:07:20.588] DEBUG NaverBlogSearch.main(NaverBlogSearch.java:46) - 			"postdate":"20220601"
[2022-06-29 11:07:20.588] DEBUG NaverBlogSearch.main(NaverBlogSearch.java:46) - 		},
[2022-06-29 11:07:20.588] DEBUG NaverBlogSearch.main(NaverBlogSearch.java:46) - 		{
[2022-06-29 11:07:20.588] DEBUG NaverBlogSearch.main(NaverBlogSearch.java:46) - 			"title":"<b>신촌<\/b> 호반써밋 아파트 공급 정보",
[2022-06-29 11:07:20.588] DEBUG NaverBlogSearch.main(NaverBlogSearch.java:46) - 			"link":"https:\/\/blog.naver.com\/wook8475?Redirect=Log&logNo=222765011842",
[2022-06-29 11:07:20.588] DEBUG NaverBlogSearch.main(NaverBlogSearch.java:46) - 			"description":"<b>신촌<\/b> 호반써밋 아파트 공급 정보 마포구는 현재 용산, 성동과 함께 서울에서 손꼽히는 지역입니다.... 그 중 2호선 이대역과 인접해 높은 기대감을 얻고 있는 <b>신촌<\/b> 호반써밋의 공급정보를 자세히... ",
[2022-06-29 11:07:20.588] DEBUG NaverBlogSearch.main(NaverBlogSearch.java:46) - 			"bloggername":"그레이트 부동산 연구소",
[2022-06-29 11:07:20.588] DEBUG NaverBlogSearch.main(NaverBlogSearch.java:46) - 			"bloggerlink":"https:\/\/blog.naver.com\/wook8475",
[2022-06-29 11:07:20.588] DEBUG NaverBlogSearch.main(NaverBlogSearch.java:46) - 			"postdate":"20220608"
[2022-06-29 11:07:20.588] DEBUG NaverBlogSearch.main(NaverBlogSearch.java:46) - 		},
[2022-06-29 11:07:20.588] DEBUG NaverBlogSearch.main(NaverBlogSearch.java:46) - 		{
[2022-06-29 11:07:20.588] DEBUG NaverBlogSearch.main(NaverBlogSearch.java:46) - 			"title":"<b>신촌<\/b> 호반써밋 이대 아파트 공급안내",
[2022-06-29 11:07:20.588] DEBUG NaverBlogSearch.main(NaverBlogSearch.java:46) - 			"link":"https:\/\/blog.naver.com\/auction4000?Redirect=Log&logNo=222759682954",
[2022-06-29 11:07:20.588] DEBUG NaverBlogSearch.main(NaverBlogSearch.java:46) - 			"description":"오늘 살펴볼 <b>신촌<\/b> 호반써밋은 이러한 지역주택조합 공동주택 신축사업으로 추진되는 곳으로 특화... <b>신촌<\/b> 호반써밋 단지 모습을 살펴보면 앞서 조감도에서도 볼 수 있듯이 남측으로 18m 도로, 서측으로 15m... ",
[2022-06-29 11:07:20.588] DEBUG NaverBlogSearch.main(NaverBlogSearch.java:46) - 			"bloggername":"생생옥션",
[2022-06-29 11:07:20.589] DEBUG NaverBlogSearch.main(NaverBlogSearch.java:46) - 			"bloggerlink":"https:\/\/blog.naver.com\/auction4000",
[2022-06-29 11:07:20.589] DEBUG NaverBlogSearch.main(NaverBlogSearch.java:46) - 			"postdate":"20220604"
[2022-06-29 11:07:20.589] DEBUG NaverBlogSearch.main(NaverBlogSearch.java:46) - 		},
[2022-06-29 11:07:20.589] DEBUG NaverBlogSearch.main(NaverBlogSearch.java:46) - 		{
[2022-06-29 11:07:20.589] DEBUG NaverBlogSearch.main(NaverBlogSearch.java:46) - 			"title":"또 생각나는 <b>신촌<\/b> 삼겹살 제주돈1848",
[2022-06-29 11:07:20.589] DEBUG NaverBlogSearch.main(NaverBlogSearch.java:46) - 			"link":"https:\/\/blog.naver.com\/sia855?Redirect=Log&logNo=222791334534",
[2022-06-29 11:07:20.589] DEBUG NaverBlogSearch.main(NaverBlogSearch.java:46) - 			"description":"날이 갈수록 허해져가는 몸이 걱정스러워서 찾아가봤던 <b>신촌<\/b> 삼겹살 전문점에서 맛좋은 고기로 입맛도... 찾아가보았던 <b>신촌<\/b> 삼겹살로 유명한 제주돈 1848이죠. <b>신촌<\/b>역에서부터 걸어서 5분정도만 가면 만나볼 수... ",
[2022-06-29 11:07:20.589] DEBUG NaverBlogSearch.main(NaverBlogSearch.java:46) - 			"bloggername":"행복한 시야의 블로그",
[2022-06-29 11:07:20.589] DEBUG NaverBlogSearch.main(NaverBlogSearch.java:46) - 			"bloggerlink":"https:\/\/blog.naver.com\/sia855",
[2022-06-29 11:07:20.589] DEBUG NaverBlogSearch.main(NaverBlogSearch.java:46) - 			"postdate":"20220627"
[2022-06-29 11:07:20.589] DEBUG NaverBlogSearch.main(NaverBlogSearch.java:46) - 		},
[2022-06-29 11:07:20.589] DEBUG NaverBlogSearch.main(NaverBlogSearch.java:46) - 		{
[2022-06-29 11:07:20.589] DEBUG NaverBlogSearch.main(NaverBlogSearch.java:46) - 			"title":"<b>신촌<\/b> 호반써밋 염리동 공급 정보",
[2022-06-29 11:07:20.589] DEBUG NaverBlogSearch.main(NaverBlogSearch.java:46) - 			"link":"https:\/\/blog.naver.com\/namimi73?Redirect=Log&logNo=222760061069",
[2022-06-29 11:07:20.589] DEBUG NaverBlogSearch.main(NaverBlogSearch.java:46) - 			"description":"<b>신촌<\/b> 호반써밋 염리동 공급 정보 서울에서도 마포는 용산, 성동과 함께 최근 급부상한 곳인데요... 예정된 <b>신촌<\/b> 호반써밋의 기대감이 높아지고 있습니다. 서울시 마포구 염리동 일원에 기존에... ",
[2022-06-29 11:07:20.589] DEBUG NaverBlogSearch.main(NaverBlogSearch.java:46) - 			"bloggername":"빅토리 부동산 소식",
[2022-06-29 11:07:20.589] DEBUG NaverBlogSearch.main(NaverBlogSearch.java:46) - 			"bloggerlink":"https:\/\/blog.naver.com\/namimi73",
[2022-06-29 11:07:20.589] DEBUG NaverBlogSearch.main(NaverBlogSearch.java:46) - 			"postdate":"20220605"
[2022-06-29 11:07:20.589] DEBUG NaverBlogSearch.main(NaverBlogSearch.java:46) - 		}
[2022-06-29 11:07:20.589] DEBUG NaverBlogSearch.main(NaverBlogSearch.java:46) - 	]
[2022-06-29 11:07:20.590] DEBUG NaverBlogSearch.main(NaverBlogSearch.java:46) - }
[2022-06-29 11:21:10.053] DEBUG NaverBlogSearch.main(NaverBlogSearch.java:34) - =responseCode=400
[2022-06-29 11:21:10.060] DEBUG NaverBlogSearch.main(NaverBlogSearch.java:47) - {
[2022-06-29 11:21:10.060] DEBUG NaverBlogSearch.main(NaverBlogSearch.java:47) - 	"errorMessage":"Incorrect query request (잘못된 쿼리요청입니다.)",
[2022-06-29 11:21:10.060] DEBUG NaverBlogSearch.main(NaverBlogSearch.java:47) - 	"errorCode":"SE01"
[2022-06-29 11:21:10.060] DEBUG NaverBlogSearch.main(NaverBlogSearch.java:47) - }
[2022-06-29 11:21:21.256] DEBUG NaverBlogSearch.main(NaverBlogSearch.java:34) - =responseCode=400
[2022-06-29 11:21:21.264] DEBUG NaverBlogSearch.main(NaverBlogSearch.java:47) - {
[2022-06-29 11:21:21.264] DEBUG NaverBlogSearch.main(NaverBlogSearch.java:47) - 	"errorMessage":"Incorrect query request (잘못된 쿼리요청입니다.)",
[2022-06-29 11:21:21.264] DEBUG NaverBlogSearch.main(NaverBlogSearch.java:47) - 	"errorCode":"SE01"
[2022-06-29 11:21:21.264] DEBUG NaverBlogSearch.main(NaverBlogSearch.java:47) - }
[2022-06-29 11:25:17.774] DEBUG NaverBlogSearch.main(NaverBlogSearch.java:38) - =responseCode=200
[2022-06-29 11:25:17.780] DEBUG NaverBlogSearch.main(NaverBlogSearch.java:51) - {
[2022-06-29 11:25:17.780] DEBUG NaverBlogSearch.main(NaverBlogSearch.java:51) - 	"lastBuildDate":"Wed, 29 Jun 2022 11:25:13 +0900",
[2022-06-29 11:25:17.781] DEBUG NaverBlogSearch.main(NaverBlogSearch.java:51) - 	"total":1650359,
[2022-06-29 11:25:17.781] DEBUG NaverBlogSearch.main(NaverBlogSearch.java:51) - 	"start":1,
[2022-06-29 11:25:17.781] DEBUG NaverBlogSearch.main(NaverBlogSearch.java:51) - 	"display":10,
[2022-06-29 11:25:17.781] DEBUG NaverBlogSearch.main(NaverBlogSearch.java:51) - 	"items":[
[2022-06-29 11:25:17.781] DEBUG NaverBlogSearch.main(NaverBlogSearch.java:51) - 		{
[2022-06-29 11:25:17.781] DEBUG NaverBlogSearch.main(NaverBlogSearch.java:51) - 			"title":"취향저격인 <b>신촌<\/b> 술집",
[2022-06-29 11:25:17.781] DEBUG NaverBlogSearch.main(NaverBlogSearch.java:51) - 			"link":"https:\/\/blog.naver.com\/luu1026?Redirect=Log&logNo=222788296464",
[2022-06-29 11:25:17.781] DEBUG NaverBlogSearch.main(NaverBlogSearch.java:51) - 			"description":"지난 주에 지인들과 <b>신촌<\/b>으로 쇼핑을 갔다가 술생각이나서 미리 찾아본 <b>신촌<\/b> 술집에 다녀왔어요. 다양한 종류의 세계맥주들을 취향에 맞게 골라 마실 수 있고, 고퀄리티의 안주까지 너무나 만족했던 곳이라... ",
[2022-06-29 11:25:17.781] DEBUG NaverBlogSearch.main(NaverBlogSearch.java:51) - 			"bloggername":"클릭",
[2022-06-29 11:25:17.781] DEBUG NaverBlogSearch.main(NaverBlogSearch.java:51) - 			"bloggerlink":"https:\/\/blog.naver.com\/luu1026",
[2022-06-29 11:25:17.782] DEBUG NaverBlogSearch.main(NaverBlogSearch.java:51) - 			"postdate":"20220625"
[2022-06-29 11:25:17.782] DEBUG NaverBlogSearch.main(NaverBlogSearch.java:51) - 		},
[2022-06-29 11:25:17.782] DEBUG NaverBlogSearch.main(NaverBlogSearch.java:51) - 		{
[2022-06-29 11:25:17.782] DEBUG NaverBlogSearch.main(NaverBlogSearch.java:51) - 			"title":"<b>신촌<\/b>호반써밋 아파트 모집소식",
[2022-06-29 11:25:17.782] DEBUG NaverBlogSearch.main(NaverBlogSearch.java:51) - 			"link":"https:\/\/blog.naver.com\/iopiop_123?Redirect=Log&logNo=222784459571",
[2022-06-29 11:25:17.782] DEBUG NaverBlogSearch.main(NaverBlogSearch.java:51) - 			"description":"<b>신촌<\/b>호반써밋 아파트 모집소식 서울 내에서도 마용성은 앞으로 투자가치가 뛰어나 많은 사람들이... <b>신촌<\/b>호반써밋 역시 마용성에 해당하는 입지로 더욱 기대가 높은데요. 이번에 모집소식을 알리며 이목이... ",
[2022-06-29 11:25:17.782] DEBUG NaverBlogSearch.main(NaverBlogSearch.java:51) - 			"bloggername":"올바른 집구경",
[2022-06-29 11:25:17.782] DEBUG NaverBlogSearch.main(NaverBlogSearch.java:51) - 			"bloggerlink":"https:\/\/blog.naver.com\/iopiop_123",
[2022-06-29 11:25:17.782] DEBUG NaverBlogSearch.main(NaverBlogSearch.java:51) - 			"postdate":"20220622"
[2022-06-29 11:25:17.782] DEBUG NaverBlogSearch.main(NaverBlogSearch.java:51) - 		},
[2022-06-29 11:25:17.783] DEBUG NaverBlogSearch.main(NaverBlogSearch.java:51) - 		{
[2022-06-29 11:25:17.783] DEBUG NaverBlogSearch.main(NaverBlogSearch.java:51) - 			"title":"<b>신촌<\/b> 호반써밋 아파트 모집 정보",
[2022-06-29 11:25:17.783] DEBUG NaverBlogSearch.main(NaverBlogSearch.java:51) - 			"link":"https:\/\/blog.naver.com\/dotori0431?Redirect=Log&logNo=222734531714",
[2022-06-29 11:25:17.783] DEBUG NaverBlogSearch.main(NaverBlogSearch.java:51) - 			"description":"<b>신촌<\/b> 호반써밋 아파트 모집 정보 반갑습니다! 안정적인 라이프를 영위하기 위해서 필요한 것이 있다면... 불안정한 경제 상황 속에서 경제적인 공급 가격으로 내 집 마련을 할 수 있는 <b>신촌<\/b> 호반써밋 아파트에... ",
[2022-06-29 11:25:17.783] DEBUG NaverBlogSearch.main(NaverBlogSearch.java:51) - 			"bloggername":"재개발 재건축 정보나눔",
[2022-06-29 11:25:17.783] DEBUG NaverBlogSearch.main(NaverBlogSearch.java:51) - 			"bloggerlink":"https:\/\/blog.naver.com\/dotori0431",
[2022-06-29 11:25:17.783] DEBUG NaverBlogSearch.main(NaverBlogSearch.java:51) - 			"postdate":"20220516"
[2022-06-29 11:25:17.783] DEBUG NaverBlogSearch.main(NaverBlogSearch.java:51) - 		},
[2022-06-29 11:25:17.783] DEBUG NaverBlogSearch.main(NaverBlogSearch.java:51) - 		{
[2022-06-29 11:25:17.783] DEBUG NaverBlogSearch.main(NaverBlogSearch.java:51) - 			"title":"[초급매] <b>신촌<\/b>재개발구역 조합원매물",
[2022-06-29 11:25:17.783] DEBUG NaverBlogSearch.main(NaverBlogSearch.java:51) - 			"link":"https:\/\/blog.naver.com\/junggae2013?Redirect=Log&logNo=222781210606",
[2022-06-29 11:25:17.784] DEBUG NaverBlogSearch.main(NaverBlogSearch.java:51) - 			"description":"<b>신촌<\/b> 재개발구역 조합원매물 매매가 25500만 전세가 7500만 실투자금 18000만 공동주택가격 21년 8730만... 15일 구역 내 성결교회에서 <b>신촌<\/b>구역 조합설립총회 설개개요 중 뉴스테이안은 가능성이 낮아보이고... ",
[2022-06-29 11:25:17.784] DEBUG NaverBlogSearch.main(NaverBlogSearch.java:51) - 			"bloggername":"힐타운부동산 032)472-6600",
[2022-06-29 11:25:17.784] DEBUG NaverBlogSearch.main(NaverBlogSearch.java:51) - 			"bloggerlink":"https:\/\/blog.naver.com\/junggae2013",
[2022-06-29 11:25:17.784] DEBUG NaverBlogSearch.main(NaverBlogSearch.java:51) - 			"postdate":"20220620"
[2022-06-29 11:25:17.784] DEBUG NaverBlogSearch.main(NaverBlogSearch.java:51) - 		},
[2022-06-29 11:25:17.784] DEBUG NaverBlogSearch.main(NaverBlogSearch.java:51) - 		{
[2022-06-29 11:25:17.784] DEBUG NaverBlogSearch.main(NaverBlogSearch.java:51) - 			"title":"<b>신촌<\/b> 호반써밋 아파트 공급소식",
[2022-06-29 11:25:17.784] DEBUG NaverBlogSearch.main(NaverBlogSearch.java:51) - 			"link":"https:\/\/blog.naver.com\/meirand?Redirect=Log&logNo=222775140251",
[2022-06-29 11:25:17.784] DEBUG NaverBlogSearch.main(NaverBlogSearch.java:51) - 			"description":"<b>신촌<\/b> 호반써밋 아파트 공급소식 금리 인상과 더불어 경제물가가 높아지고 있지만 오히려 현 시기에는... 이번 <b>신촌<\/b> 호반써밋 공급 소식을 알리며 이목이 집중되고 있습니다. 당 프로젝트는 마포구 염리동에... ",
[2022-06-29 11:25:17.784] DEBUG NaverBlogSearch.main(NaverBlogSearch.java:51) - 			"bloggername":"꿀벌 집구경",
[2022-06-29 11:25:17.784] DEBUG NaverBlogSearch.main(NaverBlogSearch.java:51) - 			"bloggerlink":"https:\/\/blog.naver.com\/meirand",
[2022-06-29 11:25:17.784] DEBUG NaverBlogSearch.main(NaverBlogSearch.java:51) - 			"postdate":"20220616"
[2022-06-29 11:25:17.784] DEBUG NaverBlogSearch.main(NaverBlogSearch.java:51) - 		},
[2022-06-29 11:25:17.784] DEBUG NaverBlogSearch.main(NaverBlogSearch.java:51) - 		{
[2022-06-29 11:25:17.784] DEBUG NaverBlogSearch.main(NaverBlogSearch.java:51) - 			"title":"<b>신촌<\/b> 호반써밋 아파트 공급절차",
[2022-06-29 11:25:17.785] DEBUG NaverBlogSearch.main(NaverBlogSearch.java:51) - 			"link":"https:\/\/blog.naver.com\/runekirby777?Redirect=Log&logNo=222754912871",
[2022-06-29 11:25:17.785] DEBUG NaverBlogSearch.main(NaverBlogSearch.java:51) - 			"description":"<b>신촌<\/b> 호반써밋 아파트 공급절차 부동산 규제 정책은 관련 시장에 영향을 줄 수밖에 없습니다. 인구가... 이번에 마포구 염리동 일대의 아현 뉴타운개발지역 내 <b>신촌<\/b> 호반써밋에서 모집하는 소식 전해 드리고자... ",
[2022-06-29 11:25:17.785] DEBUG NaverBlogSearch.main(NaverBlogSearch.java:51) - 			"bloggername":"부동산 메타버스",
[2022-06-29 11:25:17.785] DEBUG NaverBlogSearch.main(NaverBlogSearch.java:51) - 			"bloggerlink":"https:\/\/blog.naver.com\/runekirby777",
[2022-06-29 11:25:17.785] DEBUG NaverBlogSearch.main(NaverBlogSearch.java:51) - 			"postdate":"20220601"
[2022-06-29 11:25:17.785] DEBUG NaverBlogSearch.main(NaverBlogSearch.java:51) - 		},
[2022-06-29 11:25:17.785] DEBUG NaverBlogSearch.main(NaverBlogSearch.java:51) - 		{
[2022-06-29 11:25:17.785] DEBUG NaverBlogSearch.main(NaverBlogSearch.java:51) - 			"title":"<b>신촌<\/b> 호반써밋 아파트 공급 정보",
[2022-06-29 11:25:17.785] DEBUG NaverBlogSearch.main(NaverBlogSearch.java:51) - 			"link":"https:\/\/blog.naver.com\/wook8475?Redirect=Log&logNo=222765011842",
[2022-06-29 11:25:17.785] DEBUG NaverBlogSearch.main(NaverBlogSearch.java:51) - 			"description":"<b>신촌<\/b> 호반써밋 아파트 공급 정보 마포구는 현재 용산, 성동과 함께 서울에서 손꼽히는 지역입니다.... 그 중 2호선 이대역과 인접해 높은 기대감을 얻고 있는 <b>신촌<\/b> 호반써밋의 공급정보를 자세히... ",
[2022-06-29 11:25:17.785] DEBUG NaverBlogSearch.main(NaverBlogSearch.java:51) - 			"bloggername":"그레이트 부동산 연구소",
[2022-06-29 11:25:17.785] DEBUG NaverBlogSearch.main(NaverBlogSearch.java:51) - 			"bloggerlink":"https:\/\/blog.naver.com\/wook8475",
[2022-06-29 11:25:17.785] DEBUG NaverBlogSearch.main(NaverBlogSearch.java:51) - 			"postdate":"20220608"
[2022-06-29 11:25:17.785] DEBUG NaverBlogSearch.main(NaverBlogSearch.java:51) - 		},
[2022-06-29 11:25:17.785] DEBUG NaverBlogSearch.main(NaverBlogSearch.java:51) - 		{
[2022-06-29 11:25:17.786] DEBUG NaverBlogSearch.main(NaverBlogSearch.java:51) - 			"title":"<b>신촌<\/b> 호반써밋 이대 아파트 공급안내",
[2022-06-29 11:25:17.786] DEBUG NaverBlogSearch.main(NaverBlogSearch.java:51) - 			"link":"https:\/\/blog.naver.com\/auction4000?Redirect=Log&logNo=222759682954",
[2022-06-29 11:25:17.786] DEBUG NaverBlogSearch.main(NaverBlogSearch.java:51) - 			"description":"오늘 살펴볼 <b>신촌<\/b> 호반써밋은 이러한 지역주택조합 공동주택 신축사업으로 추진되는 곳으로 특화... <b>신촌<\/b> 호반써밋 단지 모습을 살펴보면 앞서 조감도에서도 볼 수 있듯이 남측으로 18m 도로, 서측으로 15m... ",
[2022-06-29 11:25:17.786] DEBUG NaverBlogSearch.main(NaverBlogSearch.java:51) - 			"bloggername":"생생옥션",
[2022-06-29 11:25:17.786] DEBUG NaverBlogSearch.main(NaverBlogSearch.java:51) - 			"bloggerlink":"https:\/\/blog.naver.com\/auction4000",
[2022-06-29 11:25:17.786] DEBUG NaverBlogSearch.main(NaverBlogSearch.java:51) - 			"postdate":"20220604"
[2022-06-29 11:25:17.786] DEBUG NaverBlogSearch.main(NaverBlogSearch.java:51) - 		},
[2022-06-29 11:25:17.786] DEBUG NaverBlogSearch.main(NaverBlogSearch.java:51) - 		{
[2022-06-29 11:25:17.786] DEBUG NaverBlogSearch.main(NaverBlogSearch.java:51) - 			"title":"또 생각나는 <b>신촌<\/b> 삼겹살 제주돈1848",
[2022-06-29 11:25:17.786] DEBUG NaverBlogSearch.main(NaverBlogSearch.java:51) - 			"link":"https:\/\/blog.naver.com\/sia855?Redirect=Log&logNo=222791334534",
[2022-06-29 11:25:17.786] DEBUG NaverBlogSearch.main(NaverBlogSearch.java:51) - 			"description":"날이 갈수록 허해져가는 몸이 걱정스러워서 찾아가봤던 <b>신촌<\/b> 삼겹살 전문점에서 맛좋은 고기로 입맛도... 찾아가보았던 <b>신촌<\/b> 삼겹살로 유명한 제주돈 1848이죠. <b>신촌<\/b>역에서부터 걸어서 5분정도만 가면 만나볼 수... ",
[2022-06-29 11:25:17.786] DEBUG NaverBlogSearch.main(NaverBlogSearch.java:51) - 			"bloggername":"행복한 시야의 블로그",
[2022-06-29 11:25:17.786] DEBUG NaverBlogSearch.main(NaverBlogSearch.java:51) - 			"bloggerlink":"https:\/\/blog.naver.com\/sia855",
[2022-06-29 11:25:17.786] DEBUG NaverBlogSearch.main(NaverBlogSearch.java:51) - 			"postdate":"20220627"
[2022-06-29 11:25:17.786] DEBUG NaverBlogSearch.main(NaverBlogSearch.java:51) - 		},
[2022-06-29 11:25:17.786] DEBUG NaverBlogSearch.main(NaverBlogSearch.java:51) - 		{
[2022-06-29 11:25:17.786] DEBUG NaverBlogSearch.main(NaverBlogSearch.java:51) - 			"title":"<b>신촌<\/b> 호반써밋 염리동 공급 정보",
[2022-06-29 11:25:17.786] DEBUG NaverBlogSearch.main(NaverBlogSearch.java:51) - 			"link":"https:\/\/blog.naver.com\/namimi73?Redirect=Log&logNo=222760061069",
[2022-06-29 11:25:17.786] DEBUG NaverBlogSearch.main(NaverBlogSearch.java:51) - 			"description":"<b>신촌<\/b> 호반써밋 염리동 공급 정보 서울에서도 마포는 용산, 성동과 함께 최근 급부상한 곳인데요... 예정된 <b>신촌<\/b> 호반써밋의 기대감이 높아지고 있습니다. 서울시 마포구 염리동 일원에 기존에... ",
[2022-06-29 11:25:17.786] DEBUG NaverBlogSearch.main(NaverBlogSearch.java:51) - 			"bloggername":"빅토리 부동산 소식",
[2022-06-29 11:25:17.786] DEBUG NaverBlogSearch.main(NaverBlogSearch.java:51) - 			"bloggerlink":"https:\/\/blog.naver.com\/namimi73",
[2022-06-29 11:25:17.787] DEBUG NaverBlogSearch.main(NaverBlogSearch.java:51) - 			"postdate":"20220605"
[2022-06-29 11:25:17.787] DEBUG NaverBlogSearch.main(NaverBlogSearch.java:51) - 		}
[2022-06-29 11:25:17.787] DEBUG NaverBlogSearch.main(NaverBlogSearch.java:51) - 	]
[2022-06-29 11:25:17.787] DEBUG NaverBlogSearch.main(NaverBlogSearch.java:51) - }
[2022-06-29 11:25:17.812] DEBUG NaverBlogSearch.main(NaverBlogSearch.java:60) - Item [title=취향저격인 <b>신촌</b> 술집, link=https://blog.naver.com/luu1026?Redirect=Log&logNo=222788296464, description=지난 주에 지인들과 <b>신촌</b>으로 쇼핑을 갔다가 술생각이나서 미리 찾아본 <b>신촌</b> 술집에 다녀왔어요. 다양한 종류의 세계맥주들을 취향에 맞게 골라 마실 수 있고, 고퀄리티의 안주까지 너무나 만족했던 곳이라... , bloggerName=null, bloggerLink=null, postDate=null, toString()=DTO [num=0, totalCnt=0, toString()=com.pcwk.ehr.naver.domain.Item@fa36558]]
[2022-06-29 11:25:17.812] DEBUG NaverBlogSearch.main(NaverBlogSearch.java:60) - Item [title=<b>신촌</b>호반써밋 아파트 모집소식, link=https://blog.naver.com/iopiop_123?Redirect=Log&logNo=222784459571, description=<b>신촌</b>호반써밋 아파트 모집소식 서울 내에서도 마용성은 앞으로 투자가치가 뛰어나 많은 사람들이... <b>신촌</b>호반써밋 역시 마용성에 해당하는 입지로 더욱 기대가 높은데요. 이번에 모집소식을 알리며 이목이... , bloggerName=null, bloggerLink=null, postDate=null, toString()=DTO [num=0, totalCnt=0, toString()=com.pcwk.ehr.naver.domain.Item@672872e1]]
[2022-06-29 11:25:17.812] DEBUG NaverBlogSearch.main(NaverBlogSearch.java:60) - Item [title=<b>신촌</b> 호반써밋 아파트 모집 정보, link=https://blog.naver.com/dotori0431?Redirect=Log&logNo=222734531714, description=<b>신촌</b> 호반써밋 아파트 모집 정보 반갑습니다! 안정적인 라이프를 영위하기 위해서 필요한 것이 있다면... 불안정한 경제 상황 속에서 경제적인 공급 가격으로 내 집 마련을 할 수 있는 <b>신촌</b> 호반써밋 아파트에... , bloggerName=null, bloggerLink=null, postDate=null, toString()=DTO [num=0, totalCnt=0, toString()=com.pcwk.ehr.naver.domain.Item@32910148]]
[2022-06-29 11:25:17.812] DEBUG NaverBlogSearch.main(NaverBlogSearch.java:60) - Item [title=[초급매] <b>신촌</b>재개발구역 조합원매물, link=https://blog.naver.com/junggae2013?Redirect=Log&logNo=222781210606, description=<b>신촌</b> 재개발구역 조합원매물 매매가 25500만 전세가 7500만 실투자금 18000만 공동주택가격 21년 8730만... 15일 구역 내 성결교회에서 <b>신촌</b>구역 조합설립총회 설개개요 중 뉴스테이안은 가능성이 낮아보이고... , bloggerName=null, bloggerLink=null, postDate=null, toString()=DTO [num=0, totalCnt=0, toString()=com.pcwk.ehr.naver.domain.Item@3f56875e]]
[2022-06-29 11:25:17.813] DEBUG NaverBlogSearch.main(NaverBlogSearch.java:60) - Item [title=<b>신촌</b> 호반써밋 아파트 공급소식, link=https://blog.naver.com/meirand?Redirect=Log&logNo=222775140251, description=<b>신촌</b> 호반써밋 아파트 공급소식 금리 인상과 더불어 경제물가가 높아지고 있지만 오히려 현 시기에는... 이번 <b>신촌</b> 호반써밋 공급 소식을 알리며 이목이 집중되고 있습니다. 당 프로젝트는 마포구 염리동에... , bloggerName=null, bloggerLink=null, postDate=null, toString()=DTO [num=0, totalCnt=0, toString()=com.pcwk.ehr.naver.domain.Item@2b4bac49]]
[2022-06-29 11:25:17.813] DEBUG NaverBlogSearch.main(NaverBlogSearch.java:60) - Item [title=<b>신촌</b> 호반써밋 아파트 공급절차, link=https://blog.naver.com/runekirby777?Redirect=Log&logNo=222754912871, description=<b>신촌</b> 호반써밋 아파트 공급절차 부동산 규제 정책은 관련 시장에 영향을 줄 수밖에 없습니다. 인구가... 이번에 마포구 염리동 일대의 아현 뉴타운개발지역 내 <b>신촌</b> 호반써밋에서 모집하는 소식 전해 드리고자... , bloggerName=null, bloggerLink=null, postDate=null, toString()=DTO [num=0, totalCnt=0, toString()=com.pcwk.ehr.naver.domain.Item@fd07cbb]]
[2022-06-29 11:25:17.813] DEBUG NaverBlogSearch.main(NaverBlogSearch.java:60) - Item [title=<b>신촌</b> 호반써밋 아파트 공급 정보, link=https://blog.naver.com/wook8475?Redirect=Log&logNo=222765011842, description=<b>신촌</b> 호반써밋 아파트 공급 정보 마포구는 현재 용산, 성동과 함께 서울에서 손꼽히는 지역입니다.... 그 중 2호선 이대역과 인접해 높은 기대감을 얻고 있는 <b>신촌</b> 호반써밋의 공급정보를 자세히... , bloggerName=null, bloggerLink=null, postDate=null, toString()=DTO [num=0, totalCnt=0, toString()=com.pcwk.ehr.naver.domain.Item@3571b748]]
[2022-06-29 11:25:17.813] DEBUG NaverBlogSearch.main(NaverBlogSearch.java:60) - Item [title=<b>신촌</b> 호반써밋 이대 아파트 공급안내, link=https://blog.naver.com/auction4000?Redirect=Log&logNo=222759682954, description=오늘 살펴볼 <b>신촌</b> 호반써밋은 이러한 지역주택조합 공동주택 신축사업으로 추진되는 곳으로 특화... <b>신촌</b> 호반써밋 단지 모습을 살펴보면 앞서 조감도에서도 볼 수 있듯이 남측으로 18m 도로, 서측으로 15m... , bloggerName=null, bloggerLink=null, postDate=null, toString()=DTO [num=0, totalCnt=0, toString()=com.pcwk.ehr.naver.domain.Item@3e96bacf]]
[2022-06-29 11:25:17.813] DEBUG NaverBlogSearch.main(NaverBlogSearch.java:60) - Item [title=또 생각나는 <b>신촌</b> 삼겹살 제주돈1848, link=https://blog.naver.com/sia855?Redirect=Log&logNo=222791334534, description=날이 갈수록 허해져가는 몸이 걱정스러워서 찾아가봤던 <b>신촌</b> 삼겹살 전문점에서 맛좋은 고기로 입맛도... 찾아가보았던 <b>신촌</b> 삼겹살로 유명한 제주돈 1848이죠. <b>신촌</b>역에서부터 걸어서 5분정도만 가면 만나볼 수... , bloggerName=null, bloggerLink=null, postDate=null, toString()=DTO [num=0, totalCnt=0, toString()=com.pcwk.ehr.naver.domain.Item@484970b0]]
[2022-06-29 11:25:17.813] DEBUG NaverBlogSearch.main(NaverBlogSearch.java:60) - Item [title=<b>신촌</b> 호반써밋 염리동 공급 정보, link=https://blog.naver.com/namimi73?Redirect=Log&logNo=222760061069, description=<b>신촌</b> 호반써밋 염리동 공급 정보 서울에서도 마포는 용산, 성동과 함께 최근 급부상한 곳인데요... 예정된 <b>신촌</b> 호반써밋의 기대감이 높아지고 있습니다. 서울시 마포구 염리동 일원에 기존에... , bloggerName=null, bloggerLink=null, postDate=null, toString()=DTO [num=0, totalCnt=0, toString()=com.pcwk.ehr.naver.domain.Item@4470f8a6]]
